{"D:\\workspace\\projects\\lifeset\\lacob\\.obsidian\\plugins\\lac-roadmap\\components\\CardCalendar.tsx": {"path":"D:\\workspace\\projects\\lifeset\\lacob\\.obsidian\\plugins\\lac-roadmap\\components\\CardCalendar.tsx","statementMap":{"0":{"start":{"line":1,"column":0},"end":{"line":1,"column":68}},"1":{"start":{"line":3,"column":0},"end":{"line":3,"column":88}},"2":{"start":{"line":4,"column":0},"end":{"line":4,"column":46}},"3":{"start":{"line":7,"column":38},"end":{"line":7,"column":40}},"4":{"start":{"line":8,"column":17},"end":{"line":8,"column":65}},"5":{"start":{"line":9,"column":2},"end":{"line":15,"column":null}},"6":{"start":{"line":10,"column":15},"end":{"line":10,"column":58}},"7":{"start":{"line":11,"column":14},"end":{"line":11,"column":33}},"8":{"start":{"line":12,"column":4},"end":{"line":12,"column":21}},"9":{"start":{"line":12,"column":12},"end":{"line":12,"column":21}},"10":{"start":{"line":13,"column":16},"end":{"line":13,"column":40}},"11":{"start":{"line":14,"column":4},"end":{"line":14,"column":35}},"12":{"start":{"line":16,"column":2},"end":{"line":16,"column":13}},"13":{"start":{"line":6,"column":0},"end":{"line":6,"column":16}},"14":{"start":{"line":20,"column":23},"end":{"line":20,"column":58}},"15":{"start":{"line":21,"column":28},"end":{"line":21,"column":39}},"16":{"start":{"line":22,"column":30},"end":{"line":22,"column":41}},"17":{"start":{"line":24,"column":2},"end":{"line":42,"column":22}},"18":{"start":{"line":25,"column":15},"end":{"line":25,"column":35}},"19":{"start":{"line":25,"column":37},"end":{"line":25,"column":53}},"20":{"start":{"line":25,"column":46},"end":{"line":25,"column":53}},"21":{"start":{"line":26,"column":23},"end":{"line":32,"column":5}},"22":{"start":{"line":27,"column":19},"end":{"line":27,"column":45}},"23":{"start":{"line":28,"column":20},"end":{"line":28,"column":42}},"24":{"start":{"line":29,"column":20},"end":{"line":29,"column":43}},"25":{"start":{"line":30,"column":6},"end":{"line":30,"column":52}},"26":{"start":{"line":30,"column":36},"end":{"line":30,"column":52}},"27":{"start":{"line":31,"column":6},"end":{"line":31,"column":54}},"28":{"start":{"line":31,"column":37},"end":{"line":31,"column":54}},"29":{"start":{"line":33,"column":15},"end":{"line":40,"column":6}},"30":{"start":{"line":34,"column":6},"end":{"line":34,"column":30}},"31":{"start":{"line":34,"column":23},"end":{"line":34,"column":30}},"32":{"start":{"line":35,"column":17},"end":{"line":35,"column":39}},"33":{"start":{"line":36,"column":16},"end":{"line":36,"column":36}},"34":{"start":{"line":37,"column":16},"end":{"line":37,"column":37}},"35":{"start":{"line":38,"column":6},"end":{"line":38,"column":35}},"36":{"start":{"line":38,"column":23},"end":{"line":38,"column":35}},"37":{"start":{"line":39,"column":6},"end":{"line":39,"column":37}},"38":{"start":{"line":39,"column":24},"end":{"line":39,"column":37}},"39":{"start":{"line":41,"column":4},"end":{"line":41,"column":19}},"40":{"start":{"line":41,"column":20},"end":{"line":41,"column":54}},"41":{"start":{"line":41,"column":55},"end":{"line":41,"column":84}},"42":{"start":{"line":41,"column":68},"end":{"line":41,"column":83}},"43":{"start":{"line":44,"column":22},"end":{"line":44,"column":73}},"44":{"start":{"line":44,"column":36},"end":{"line":44,"column":61}},"45":{"start":{"line":45,"column":17},"end":{"line":45,"column":98}},"46":{"start":{"line":45,"column":32},"end":{"line":45,"column":67}},"47":{"start":{"line":51,"column":27},"end":{"line":58,"column":3}},"48":{"start":{"line":52,"column":4},"end":{"line":52,"column":45}},"49":{"start":{"line":52,"column":18},"end":{"line":52,"column":45}},"50":{"start":{"line":53,"column":4},"end":{"line":53,"column":41}},"51":{"start":{"line":53,"column":18},"end":{"line":53,"column":41}},"52":{"start":{"line":54,"column":4},"end":{"line":54,"column":41}},"53":{"start":{"line":54,"column":18},"end":{"line":54,"column":41}},"54":{"start":{"line":55,"column":4},"end":{"line":55,"column":41}},"55":{"start":{"line":55,"column":18},"end":{"line":55,"column":41}},"56":{"start":{"line":56,"column":4},"end":{"line":56,"column":41}},"57":{"start":{"line":56,"column":18},"end":{"line":56,"column":41}},"58":{"start":{"line":57,"column":4},"end":{"line":57,"column":27}},"59":{"start":{"line":60,"column":16},"end":{"line":60,"column":38}},"60":{"start":{"line":61,"column":17},"end":{"line":61,"column":79}},"61":{"start":{"line":62,"column":14},"end":{"line":62,"column":37}},"62":{"start":{"line":64,"column":15},"end":{"line":64,"column":16}},"63":{"start":{"line":65,"column":14},"end":{"line":65,"column":15}},"64":{"start":{"line":67,"column":22},"end":{"line":67,"column":98}},"65":{"start":{"line":68,"column":15},"end":{"line":68,"column":26}},"66":{"start":{"line":69,"column":15},"end":{"line":69,"column":25}},"67":{"start":{"line":70,"column":20},"end":{"line":70,"column":50}},"68":{"start":{"line":71,"column":22},"end":{"line":71,"column":111}},"69":{"start":{"line":72,"column":20},"end":{"line":72,"column":88}},"70":{"start":{"line":73,"column":25},"end":{"line":73,"column":65}},"71":{"start":{"line":74,"column":15},"end":{"line":74,"column":61}},"72":{"start":{"line":75,"column":20},"end":{"line":75,"column":28}},"73":{"start":{"line":77,"column":16},"end":{"line":77,"column":29}},"74":{"start":{"line":77,"column":31},"end":{"line":77,"column":78}},"75":{"start":{"line":79,"column":88},"end":{"line":79,"column":90}},"76":{"start":{"line":80,"column":13},"end":{"line":80,"column":56}},"77":{"start":{"line":81,"column":13},"end":{"line":81,"column":54}},"78":{"start":{"line":83,"column":2},"end":{"line":103,"column":null}},"79":{"start":{"line":83,"column":15},"end":{"line":83,"column":16}},"80":{"start":{"line":84,"column":14},"end":{"line":84,"column":29}},"81":{"start":{"line":84,"column":31},"end":{"line":84,"column":62}},"82":{"start":{"line":85,"column":16},"end":{"line":85,"column":28}},"83":{"start":{"line":86,"column":16},"end":{"line":86,"column":36}},"84":{"start":{"line":87,"column":25},"end":{"line":87,"column":60}},"85":{"start":{"line":88,"column":14},"end":{"line":88,"column":69}},"86":{"start":{"line":89,"column":14},"end":{"line":89,"column":32}},"87":{"start":{"line":91,"column":16},"end":{"line":91,"column":32}},"88":{"start":{"line":93,"column":4},"end":{"line":101,"column":null}},"89":{"start":{"line":94,"column":6},"end":{"line":94,"column":35}},"90":{"start":{"line":95,"column":11},"end":{"line":101,"column":null}},"91":{"start":{"line":97,"column":6},"end":{"line":97,"column":33}},"92":{"start":{"line":100,"column":6},"end":{"line":100,"column":30}},"93":{"start":{"line":102,"column":4},"end":{"line":102,"column":48}},"94":{"start":{"line":105,"column":2},"end":{"line":115,"column":4}},"95":{"start":{"line":110,"column":12},"end":{"line":110,"column":30}},"96":{"start":{"line":19,"column":0},"end":{"line":19,"column":24}}},"fnMap":{"0":{"name":"buildDailyCounts","decl":{"start":{"line":6,"column":16},"end":{"line":6,"column":32}},"loc":{"start":{"line":6,"column":49},"end":{"line":17,"column":1}}},"1":{"name":"CardCalendar","decl":{"start":{"line":19,"column":24},"end":{"line":19,"column":36}},"loc":{"start":{"line":19,"column":178},"end":{"line":116,"column":1}}},"2":{"name":"(anonymous_8)","decl":{"start":{"line":24,"column":12},"end":{"line":24,"column":15}},"loc":{"start":{"line":24,"column":17},"end":{"line":42,"column":3}}},"3":{"name":"(anonymous_9)","decl":{"start":{"line":26,"column":23},"end":{"line":26,"column":26}},"loc":{"start":{"line":26,"column":28},"end":{"line":32,"column":5}}},"4":{"name":"(anonymous_10)","decl":{"start":{"line":33,"column":34},"end":{"line":33,"column":41}},"loc":{"start":{"line":33,"column":44},"end":{"line":40,"column":5}}},"5":{"name":"(anonymous_11)","decl":{"start":{"line":41,"column":62},"end":{"line":41,"column":65}},"loc":{"start":{"line":41,"column":68},"end":{"line":41,"column":83}}},"6":{"name":"(anonymous_12)","decl":{"start":{"line":44,"column":30},"end":{"line":44,"column":33}},"loc":{"start":{"line":44,"column":36},"end":{"line":44,"column":61}}},"7":{"name":"(anonymous_13)","decl":{"start":{"line":45,"column":25},"end":{"line":45,"column":28}},"loc":{"start":{"line":45,"column":32},"end":{"line":45,"column":67}}},"8":{"name":"(anonymous_14)","decl":{"start":{"line":51,"column":27},"end":{"line":51,"column":28}},"loc":{"start":{"line":51,"column":51},"end":{"line":58,"column":3}}},"9":{"name":"(anonymous_15)","decl":{"start":{"line":109,"column":21},"end":{"line":109,"column":22}},"loc":{"start":{"line":110,"column":12},"end":{"line":110,"column":30}}}},"branchMap":{"0":{"loc":{"start":{"line":8,"column":18},"end":{"line":8,"column":37}},"type":"binary-expr","locations":[{"start":{"line":8,"column":18},"end":{"line":8,"column":31}},{"start":{"line":8,"column":35},"end":{"line":8,"column":37}}]},"1":{"loc":{"start":{"line":10,"column":15},"end":{"line":10,"column":58}},"type":"binary-expr","locations":[{"start":{"line":10,"column":15},"end":{"line":10,"column":35}},{"start":{"line":10,"column":39},"end":{"line":10,"column":57}}]},"2":{"loc":{"start":{"line":10,"column":15},"end":{"line":10,"column":35}},"type":"cond-expr","locations":[{"start":{"line":10,"column":23},"end":{"line":10,"column":25}},{"start":{"line":10,"column":23},"end":{"line":10,"column":35}}]},"3":{"loc":{"start":{"line":10,"column":15},"end":{"line":10,"column":25}},"type":"binary-expr","locations":[{"start":{"line":10,"column":15},"end":{"line":10,"column":25}},{"start":{"line":10,"column":23},"end":{"line":10,"column":25}}]},"4":{"loc":{"start":{"line":10,"column":39},"end":{"line":10,"column":57}},"type":"cond-expr","locations":[{"start":{"line":10,"column":47},"end":{"line":10,"column":49}},{"start":{"line":10,"column":47},"end":{"line":10,"column":57}}]},"5":{"loc":{"start":{"line":10,"column":39},"end":{"line":10,"column":49}},"type":"binary-expr","locations":[{"start":{"line":10,"column":39},"end":{"line":10,"column":49}},{"start":{"line":10,"column":47},"end":{"line":10,"column":49}}]},"6":{"loc":{"start":{"line":12,"column":4},"end":{"line":12,"column":21}},"type":"if","locations":[{"start":{"line":12,"column":4},"end":{"line":12,"column":21}}]},"7":{"loc":{"start":{"line":14,"column":16},"end":{"line":14,"column":29}},"type":"binary-expr","locations":[{"start":{"line":14,"column":16},"end":{"line":14,"column":24}},{"start":{"line":14,"column":28},"end":{"line":14,"column":29}}]},"8":{"loc":{"start":{"line":25,"column":37},"end":{"line":25,"column":53}},"type":"if","locations":[{"start":{"line":25,"column":37},"end":{"line":25,"column":53}}]},"9":{"loc":{"start":{"line":30,"column":6},"end":{"line":30,"column":52}},"type":"if","locations":[{"start":{"line":30,"column":6},"end":{"line":30,"column":52}}]},"10":{"loc":{"start":{"line":30,"column":10},"end":{"line":30,"column":34}},"type":"binary-expr","locations":[{"start":{"line":30,"column":10},"end":{"line":30,"column":15}},{"start":{"line":30,"column":19},"end":{"line":30,"column":34}}]},"11":{"loc":{"start":{"line":31,"column":6},"end":{"line":31,"column":54}},"type":"if","locations":[{"start":{"line":31,"column":6},"end":{"line":31,"column":54}}]},"12":{"loc":{"start":{"line":31,"column":10},"end":{"line":31,"column":35}},"type":"binary-expr","locations":[{"start":{"line":31,"column":10},"end":{"line":31,"column":15}},{"start":{"line":31,"column":19},"end":{"line":31,"column":35}}]},"13":{"loc":{"start":{"line":34,"column":6},"end":{"line":34,"column":30}},"type":"if","locations":[{"start":{"line":34,"column":6},"end":{"line":34,"column":30}}]},"14":{"loc":{"start":{"line":38,"column":6},"end":{"line":38,"column":35}},"type":"if","locations":[{"start":{"line":38,"column":6},"end":{"line":38,"column":35}}]},"15":{"loc":{"start":{"line":39,"column":6},"end":{"line":39,"column":37}},"type":"if","locations":[{"start":{"line":39,"column":6},"end":{"line":39,"column":37}}]},"16":{"loc":{"start":{"line":52,"column":4},"end":{"line":52,"column":45}},"type":"if","locations":[{"start":{"line":52,"column":4},"end":{"line":52,"column":45}}]},"17":{"loc":{"start":{"line":53,"column":4},"end":{"line":53,"column":41}},"type":"if","locations":[{"start":{"line":53,"column":4},"end":{"line":53,"column":41}}]},"18":{"loc":{"start":{"line":54,"column":4},"end":{"line":54,"column":41}},"type":"if","locations":[{"start":{"line":54,"column":4},"end":{"line":54,"column":41}}]},"19":{"loc":{"start":{"line":55,"column":4},"end":{"line":55,"column":41}},"type":"if","locations":[{"start":{"line":55,"column":4},"end":{"line":55,"column":41}}]},"20":{"loc":{"start":{"line":56,"column":4},"end":{"line":56,"column":41}},"type":"if","locations":[{"start":{"line":56,"column":4},"end":{"line":56,"column":41}}]},"21":{"loc":{"start":{"line":61,"column":28},"end":{"line":61,"column":78}},"type":"binary-expr","locations":[{"start":{"line":61,"column":28},"end":{"line":61,"column":69}},{"start":{"line":61,"column":73},"end":{"line":61,"column":78}}]},"22":{"loc":{"start":{"line":61,"column":44},"end":{"line":61,"column":68}},"type":"cond-expr","locations":[{"start":{"line":61,"column":58},"end":{"line":61,"column":60}},{"start":{"line":61,"column":58},"end":{"line":61,"column":68}}]},"23":{"loc":{"start":{"line":61,"column":44},"end":{"line":61,"column":60}},"type":"binary-expr","locations":[{"start":{"line":61,"column":44},"end":{"line":61,"column":60}},{"start":{"line":61,"column":58},"end":{"line":61,"column":60}}]},"24":{"loc":{"start":{"line":67,"column":22},"end":{"line":67,"column":98}},"type":"cond-expr","locations":[{"start":{"line":67,"column":35},"end":{"line":67,"column":94}},{"start":{"line":67,"column":97},"end":{"line":67,"column":98}}]},"25":{"loc":{"start":{"line":71,"column":33},"end":{"line":71,"column":110}},"type":"binary-expr","locations":[{"start":{"line":71,"column":33},"end":{"line":71,"column":105}},{"start":{"line":71,"column":109},"end":{"line":71,"column":110}}]},"26":{"loc":{"start":{"line":71,"column":33},"end":{"line":71,"column":105}},"type":"cond-expr","locations":[{"start":{"line":71,"column":92},"end":{"line":71,"column":94}},{"start":{"line":71,"column":92},"end":{"line":71,"column":105}}]},"27":{"loc":{"start":{"line":71,"column":33},"end":{"line":71,"column":94}},"type":"binary-expr","locations":[{"start":{"line":71,"column":33},"end":{"line":71,"column":94}},{"start":{"line":71,"column":92},"end":{"line":71,"column":94}}]},"28":{"loc":{"start":{"line":71,"column":34},"end":{"line":71,"column":92}},"type":"cond-expr","locations":[{"start":{"line":71,"column":54},"end":{"line":71,"column":56}},{"start":{"line":71,"column":54},"end":{"line":71,"column":92}}]},"29":{"loc":{"start":{"line":71,"column":34},"end":{"line":71,"column":56}},"type":"binary-expr","locations":[{"start":{"line":71,"column":34},"end":{"line":71,"column":56}},{"start":{"line":71,"column":54},"end":{"line":71,"column":56}}]},"30":{"loc":{"start":{"line":72,"column":31},"end":{"line":72,"column":87}},"type":"binary-expr","locations":[{"start":{"line":72,"column":31},"end":{"line":72,"column":82}},{"start":{"line":72,"column":86},"end":{"line":72,"column":87}}]},"31":{"loc":{"start":{"line":72,"column":31},"end":{"line":72,"column":82}},"type":"cond-expr","locations":[{"start":{"line":72,"column":51},"end":{"line":72,"column":53}},{"start":{"line":72,"column":51},"end":{"line":72,"column":82}}]},"32":{"loc":{"start":{"line":72,"column":31},"end":{"line":72,"column":53}},"type":"binary-expr","locations":[{"start":{"line":72,"column":31},"end":{"line":72,"column":53}},{"start":{"line":72,"column":51},"end":{"line":72,"column":53}}]},"33":{"loc":{"start":{"line":73,"column":25},"end":{"line":73,"column":65}},"type":"binary-expr","locations":[{"start":{"line":73,"column":25},"end":{"line":73,"column":30}},{"start":{"line":73,"column":34},"end":{"line":73,"column":43}},{"start":{"line":73,"column":47},"end":{"line":73,"column":58}},{"start":{"line":73,"column":62},"end":{"line":73,"column":65}}]},"34":{"loc":{"start":{"line":80,"column":29},"end":{"line":80,"column":55}},"type":"cond-expr","locations":[{"start":{"line":80,"column":43},"end":{"line":80,"column":45}},{"start":{"line":80,"column":43},"end":{"line":80,"column":55}}]},"35":{"loc":{"start":{"line":80,"column":29},"end":{"line":80,"column":45}},"type":"binary-expr","locations":[{"start":{"line":80,"column":29},"end":{"line":80,"column":45}},{"start":{"line":80,"column":43},"end":{"line":80,"column":45}}]},"36":{"loc":{"start":{"line":81,"column":29},"end":{"line":81,"column":53}},"type":"cond-expr","locations":[{"start":{"line":81,"column":43},"end":{"line":81,"column":45}},{"start":{"line":81,"column":43},"end":{"line":81,"column":53}}]},"37":{"loc":{"start":{"line":81,"column":29},"end":{"line":81,"column":45}},"type":"binary-expr","locations":[{"start":{"line":81,"column":29},"end":{"line":81,"column":45}},{"start":{"line":81,"column":43},"end":{"line":81,"column":45}}]},"38":{"loc":{"start":{"line":91,"column":16},"end":{"line":91,"column":32}},"type":"binary-expr","locations":[{"start":{"line":91,"column":16},"end":{"line":91,"column":27}},{"start":{"line":91,"column":31},"end":{"line":91,"column":32}}]},"39":{"loc":{"start":{"line":93,"column":4},"end":{"line":101,"column":null}},"type":"if","locations":[{"start":{"line":93,"column":4},"end":{"line":101,"column":null}},{"start":{"line":95,"column":11},"end":{"line":101,"column":null}}]},"40":{"loc":{"start":{"line":95,"column":11},"end":{"line":101,"column":null}},"type":"if","locations":[{"start":{"line":95,"column":11},"end":{"line":101,"column":null}},{"start":{"line":98,"column":11},"end":{"line":101,"column":null}}]},"41":{"loc":{"start":{"line":107,"column":7},"end":{"line":112,"column":null}},"type":"binary-expr","locations":[{"start":{"line":107,"column":7},"end":{"line":107,"column":25}},{"start":{"line":108,"column":8},"end":{"line":111,"column":null}}]}},"s":{"0":1,"1":1,"2":1,"3":5,"4":5,"5":5,"6":7,"7":7,"8":7,"9":2,"10":5,"11":5,"12":5,"13":1,"14":0,"15":0,"16":0,"17":0,"18":0,"19":0,"20":0,"21":0,"22":0,"23":0,"24":0,"25":0,"26":0,"27":0,"28":0,"29":0,"30":0,"31":0,"32":0,"33":0,"34":0,"35":0,"36":0,"37":0,"38":0,"39":0,"40":0,"41":0,"42":0,"43":0,"44":0,"45":0,"46":0,"47":0,"48":0,"49":0,"50":0,"51":0,"52":0,"53":0,"54":0,"55":0,"56":0,"57":0,"58":0,"59":0,"60":0,"61":0,"62":0,"63":0,"64":0,"65":0,"66":0,"67":0,"68":0,"69":0,"70":0,"71":0,"72":0,"73":0,"74":0,"75":0,"76":0,"77":0,"78":0,"79":0,"80":0,"81":0,"82":0,"83":0,"84":0,"85":0,"86":0,"87":0,"88":0,"89":0,"90":0,"91":0,"92":0,"93":0,"94":0,"95":0,"96":1},"f":{"0":5,"1":0,"2":0,"3":0,"4":0,"5":0,"6":0,"7":0,"8":0,"9":0},"b":{"0":[5,0],"1":[7,2],"2":[0,7],"3":[7,7],"4":[0,2],"5":[2,2],"6":[2],"7":[5,4],"8":[0],"9":[0],"10":[0,0],"11":[0],"12":[0,0],"13":[0],"14":[0],"15":[0],"16":[0],"17":[0],"18":[0],"19":[0],"20":[0],"21":[0,0],"22":[0,0],"23":[0,0],"24":[0,0],"25":[0,0],"26":[0,0],"27":[0,0],"28":[0,0],"29":[0,0],"30":[0,0],"31":[0,0],"32":[0,0],"33":[0,0,0,0],"34":[0,0],"35":[0,0],"36":[0,0],"37":[0,0],"38":[0,0],"39":[0,0],"40":[0,0],"41":[0,0]}}
,"D:\\workspace\\projects\\lifeset\\lacob\\.obsidian\\plugins\\lac-roadmap\\components\\DatePicker.tsx": {"path":"D:\\workspace\\projects\\lifeset\\lacob\\.obsidian\\plugins\\lac-roadmap\\components\\DatePicker.tsx","statementMap":{"0":{"start":{"line":1,"column":0},"end":{"line":1,"column":60}},"1":{"start":{"line":16,"column":17},"end":{"line":16,"column":68}},"2":{"start":{"line":17,"column":20},"end":{"line":20,"column":11}},"3":{"start":{"line":21,"column":21},"end":{"line":21,"column":79}},"4":{"start":{"line":24,"column":2},"end":{"line":27,"column":null}},"5":{"start":{"line":25,"column":22},"end":{"line":25,"column":46}},"6":{"start":{"line":26,"column":4},"end":{"line":26,"column":23}},"7":{"start":{"line":28,"column":14},"end":{"line":28,"column":24}},"8":{"start":{"line":29,"column":2},"end":{"line":29,"column":75}},"9":{"start":{"line":32,"column":35},"end":{"line":32,"column":69}},"10":{"start":{"line":35,"column":2},"end":{"line":35,"column":38}},"11":{"start":{"line":40,"column":17},"end":{"line":40,"column":47}},"12":{"start":{"line":41,"column":2},"end":{"line":41,"column":26}},"13":{"start":{"line":45,"column":18},"end":{"line":45,"column":33}},"14":{"start":{"line":46,"column":26},"end":{"line":46,"column":45}},"15":{"start":{"line":47,"column":28},"end":{"line":47,"column":47}},"16":{"start":{"line":48,"column":24},"end":{"line":48,"column":43}},"17":{"start":{"line":51,"column":2},"end":{"line":55,"column":23}},"18":{"start":{"line":52,"column":4},"end":{"line":52,"column":25}},"19":{"start":{"line":52,"column":18},"end":{"line":52,"column":25}},"20":{"start":{"line":53,"column":14},"end":{"line":53,"column":29}},"21":{"start":{"line":54,"column":4},"end":{"line":54,"column":17}},"22":{"start":{"line":54,"column":18},"end":{"line":54,"column":32}},"23":{"start":{"line":54,"column":33},"end":{"line":54,"column":45}},"24":{"start":{"line":57,"column":16},"end":{"line":60,"column":15}},"25":{"start":{"line":58,"column":14},"end":{"line":58,"column":24}},"26":{"start":{"line":59,"column":4},"end":{"line":59,"column":71}},"27":{"start":{"line":63,"column":22},"end":{"line":63,"column":86}},"28":{"start":{"line":63,"column":36},"end":{"line":63,"column":70}},"29":{"start":{"line":64,"column":23},"end":{"line":64,"column":89}},"30":{"start":{"line":64,"column":37},"end":{"line":64,"column":73}},"31":{"start":{"line":66,"column":16},"end":{"line":82,"column":46}},"32":{"start":{"line":67,"column":56},"end":{"line":67,"column":58}},"33":{"start":{"line":69,"column":21},"end":{"line":69,"column":59}},"34":{"start":{"line":70,"column":4},"end":{"line":72,"column":null}},"35":{"start":{"line":70,"column":17},"end":{"line":70,"column":33}},"36":{"start":{"line":71,"column":6},"end":{"line":71,"column":52}},"37":{"start":{"line":73,"column":4},"end":{"line":75,"column":null}},"38":{"start":{"line":73,"column":17},"end":{"line":73,"column":18}},"39":{"start":{"line":74,"column":6},"end":{"line":74,"column":37}},"40":{"start":{"line":77,"column":16},"end":{"line":77,"column":17}},"41":{"start":{"line":78,"column":4},"end":{"line":80,"column":null}},"42":{"start":{"line":79,"column":6},"end":{"line":79,"column":47}},"43":{"start":{"line":81,"column":4},"end":{"line":81,"column":15}},"44":{"start":{"line":84,"column":19},"end":{"line":90,"column":3}},"45":{"start":{"line":85,"column":12},"end":{"line":85,"column":25}},"46":{"start":{"line":86,"column":12},"end":{"line":86,"column":16}},"47":{"start":{"line":87,"column":4},"end":{"line":87,"column":null}},"48":{"start":{"line":87,"column":17},"end":{"line":87,"column":24}},"49":{"start":{"line":87,"column":25},"end":{"line":87,"column":32}},"50":{"start":{"line":88,"column":4},"end":{"line":88,"column":null}},"51":{"start":{"line":88,"column":18},"end":{"line":88,"column":24}},"52":{"start":{"line":88,"column":25},"end":{"line":88,"column":32}},"53":{"start":{"line":89,"column":4},"end":{"line":89,"column":16}},"54":{"start":{"line":89,"column":17},"end":{"line":89,"column":28}},"55":{"start":{"line":92,"column":26},"end":{"line":94,"column":3}},"56":{"start":{"line":93,"column":4},"end":{"line":93,"column":21}},"57":{"start":{"line":93,"column":22},"end":{"line":93,"column":40}},"58":{"start":{"line":93,"column":41},"end":{"line":93,"column":57}},"59":{"start":{"line":102,"column":19},"end":{"line":110,"column":17}},"60":{"start":{"line":103,"column":4},"end":{"line":103,"column":29}},"61":{"start":{"line":103,"column":20},"end":{"line":103,"column":29}},"62":{"start":{"line":104,"column":12},"end":{"line":104,"column":13}},"63":{"start":{"line":105,"column":4},"end":{"line":108,"column":null}},"64":{"start":{"line":106,"column":16},"end":{"line":106,"column":28}},"65":{"start":{"line":107,"column":6},"end":{"line":107,"column":48}},"66":{"start":{"line":107,"column":42},"end":{"line":107,"column":48}},"67":{"start":{"line":109,"column":4},"end":{"line":109,"column":13}},"68":{"start":{"line":112,"column":2},"end":{"line":112,"column":28}},"69":{"start":{"line":112,"column":16},"end":{"line":112,"column":28}},"70":{"start":{"line":114,"column":15},"end":{"line":114,"column":53}},"71":{"start":{"line":114,"column":21},"end":{"line":114,"column":53}},"72":{"start":{"line":117,"column":22},"end":{"line":117,"column":51}},"73":{"start":{"line":118,"column":25},"end":{"line":118,"column":78}},"74":{"start":{"line":120,"column":2},"end":{"line":215,"column":4}},"75":{"start":{"line":128,"column":8},"end":{"line":128,"column":28}},"76":{"start":{"line":129,"column":8},"end":{"line":129,"column":53}},"77":{"start":{"line":129,"column":42},"end":{"line":129,"column":53}},"78":{"start":{"line":132,"column":71},"end":{"line":132,"column":90}},"79":{"start":{"line":144,"column":85},"end":{"line":144,"column":97}},"80":{"start":{"line":149,"column":85},"end":{"line":149,"column":96}},"81":{"start":{"line":160,"column":14},"end":{"line":161,"column":null}},"82":{"start":{"line":170,"column":14},"end":{"line":172,"column":null}},"83":{"start":{"line":171,"column":16},"end":{"line":171,"column":98}},"84":{"start":{"line":173,"column":33},"end":{"line":173,"column":47}},"85":{"start":{"line":174,"column":30},"end":{"line":174,"column":89}},"86":{"start":{"line":175,"column":26},"end":{"line":175,"column":50}},"87":{"start":{"line":176,"column":28},"end":{"line":176,"column":65}},"88":{"start":{"line":178,"column":27},"end":{"line":179,"column":64}},"89":{"start":{"line":180,"column":14},"end":{"line":190,"column":16}},"90":{"start":{"line":185,"column":33},"end":{"line":185,"column":47}},"91":{"start":{"line":44,"column":0},"end":{"line":44,"column":24}}},"fnMap":{"0":{"name":"parseISO","decl":{"start":{"line":23,"column":9},"end":{"line":23,"column":17}},"loc":{"start":{"line":23,"column":28},"end":{"line":30,"column":1}}},"1":{"name":"pad2","decl":{"start":{"line":32,"column":9},"end":{"line":32,"column":13}},"loc":{"start":{"line":32,"column":23},"end":{"line":32,"column":71}}},"2":{"name":"iso","decl":{"start":{"line":34,"column":9},"end":{"line":34,"column":12}},"loc":{"start":{"line":34,"column":44},"end":{"line":36,"column":1}}},"3":{"name":"firstWeekdayMondayIndex","decl":{"start":{"line":39,"column":9},"end":{"line":39,"column":32}},"loc":{"start":{"line":39,"column":53},"end":{"line":42,"column":1}}},"4":{"name":"DatePicker","decl":{"start":{"line":44,"column":24},"end":{"line":44,"column":34}},"loc":{"start":{"line":44,"column":118},"end":{"line":216,"column":1}}},"5":{"name":"(anonymous_11)","decl":{"start":{"line":51,"column":12},"end":{"line":51,"column":15}},"loc":{"start":{"line":51,"column":17},"end":{"line":55,"column":3}}},"6":{"name":"(anonymous_12)","decl":{"start":{"line":57,"column":24},"end":{"line":57,"column":27}},"loc":{"start":{"line":57,"column":29},"end":{"line":60,"column":3}}},"7":{"name":"(anonymous_13)","decl":{"start":{"line":63,"column":30},"end":{"line":63,"column":33}},"loc":{"start":{"line":63,"column":36},"end":{"line":63,"column":70}}},"8":{"name":"(anonymous_14)","decl":{"start":{"line":64,"column":31},"end":{"line":64,"column":34}},"loc":{"start":{"line":64,"column":37},"end":{"line":64,"column":73}}},"9":{"name":"(anonymous_15)","decl":{"start":{"line":66,"column":24},"end":{"line":66,"column":27}},"loc":{"start":{"line":66,"column":29},"end":{"line":82,"column":3}}},"10":{"name":"(anonymous_16)","decl":{"start":{"line":84,"column":19},"end":{"line":84,"column":20}},"loc":{"start":{"line":84,"column":37},"end":{"line":90,"column":3}}},"11":{"name":"(anonymous_17)","decl":{"start":{"line":92,"column":26},"end":{"line":92,"column":29}},"loc":{"start":{"line":92,"column":31},"end":{"line":94,"column":3}}},"12":{"name":"(anonymous_18)","decl":{"start":{"line":102,"column":27},"end":{"line":102,"column":30}},"loc":{"start":{"line":102,"column":32},"end":{"line":110,"column":3}}},"13":{"name":"(anonymous_19)","decl":{"start":{"line":114,"column":15},"end":{"line":114,"column":18}},"loc":{"start":{"line":114,"column":21},"end":{"line":114,"column":53}}},"14":{"name":"(anonymous_20)","decl":{"start":{"line":123,"column":15},"end":{"line":123,"column":16}},"loc":{"start":{"line":123,"column":21},"end":{"line":130,"column":7}}},"15":{"name":"(anonymous_21)","decl":{"start":{"line":132,"column":64},"end":{"line":132,"column":65}},"loc":{"start":{"line":132,"column":71},"end":{"line":132,"column":90}}},"16":{"name":"(anonymous_22)","decl":{"start":{"line":144,"column":79},"end":{"line":144,"column":82}},"loc":{"start":{"line":144,"column":85},"end":{"line":144,"column":97}}},"17":{"name":"(anonymous_23)","decl":{"start":{"line":149,"column":79},"end":{"line":149,"column":82}},"loc":{"start":{"line":149,"column":85},"end":{"line":149,"column":96}}},"18":{"name":"(anonymous_24)","decl":{"start":{"line":159,"column":26},"end":{"line":159,"column":27}},"loc":{"start":{"line":160,"column":14},"end":{"line":161,"column":null}}},"19":{"name":"(anonymous_25)","decl":{"start":{"line":169,"column":23},"end":{"line":169,"column":24}},"loc":{"start":{"line":169,"column":37},"end":{"line":191,"column":13}}},"20":{"name":"(anonymous_26)","decl":{"start":{"line":185,"column":27},"end":{"line":185,"column":30}},"loc":{"start":{"line":185,"column":33},"end":{"line":185,"column":47}}}},"branchMap":{"0":{"loc":{"start":{"line":24,"column":2},"end":{"line":27,"column":null}},"type":"if","locations":[{"start":{"line":24,"column":2},"end":{"line":27,"column":null}}]},"1":{"loc":{"start":{"line":24,"column":6},"end":{"line":24,"column":40}},"type":"binary-expr","locations":[{"start":{"line":24,"column":6},"end":{"line":24,"column":7}},{"start":{"line":24,"column":11},"end":{"line":24,"column":40}}]},"2":{"loc":{"start":{"line":52,"column":4},"end":{"line":52,"column":25}},"type":"if","locations":[{"start":{"line":52,"column":4},"end":{"line":52,"column":25}}]},"3":{"loc":{"start":{"line":87,"column":4},"end":{"line":87,"column":null}},"type":"if","locations":[{"start":{"line":87,"column":4},"end":{"line":87,"column":null}}]},"4":{"loc":{"start":{"line":88,"column":4},"end":{"line":88,"column":null}},"type":"if","locations":[{"start":{"line":88,"column":4},"end":{"line":88,"column":null}}]},"5":{"loc":{"start":{"line":103,"column":4},"end":{"line":103,"column":29}},"type":"if","locations":[{"start":{"line":103,"column":4},"end":{"line":103,"column":29}}]},"6":{"loc":{"start":{"line":107,"column":6},"end":{"line":107,"column":48}},"type":"if","locations":[{"start":{"line":107,"column":6},"end":{"line":107,"column":48}}]},"7":{"loc":{"start":{"line":107,"column":10},"end":{"line":107,"column":40}},"type":"binary-expr","locations":[{"start":{"line":107,"column":10},"end":{"line":107,"column":31}},{"start":{"line":107,"column":35},"end":{"line":107,"column":40}}]},"8":{"loc":{"start":{"line":112,"column":2},"end":{"line":112,"column":28}},"type":"if","locations":[{"start":{"line":112,"column":2},"end":{"line":112,"column":28}}]},"9":{"loc":{"start":{"line":129,"column":8},"end":{"line":129,"column":53}},"type":"if","locations":[{"start":{"line":129,"column":8},"end":{"line":129,"column":53}}]},"10":{"loc":{"start":{"line":137,"column":49},"end":{"line":137,"column":64}},"type":"binary-expr","locations":[{"start":{"line":137,"column":49},"end":{"line":137,"column":54}},{"start":{"line":137,"column":58},"end":{"line":137,"column":64}}]},"11":{"loc":{"start":{"line":162,"column":52},"end":{"line":162,"column":100}},"type":"cond-expr","locations":[{"start":{"line":162,"column":61},"end":{"line":162,"column":95}},{"start":{"line":162,"column":98},"end":{"line":162,"column":100}}]},"12":{"loc":{"start":{"line":170,"column":14},"end":{"line":172,"column":null}},"type":"if","locations":[{"start":{"line":170,"column":14},"end":{"line":172,"column":null}}]},"13":{"loc":{"start":{"line":174,"column":30},"end":{"line":174,"column":89}},"type":"binary-expr","locations":[{"start":{"line":174,"column":30},"end":{"line":174,"column":48}},{"start":{"line":174,"column":52},"end":{"line":174,"column":69}},{"start":{"line":174,"column":73},"end":{"line":174,"column":89}}]},"14":{"loc":{"start":{"line":176,"column":28},"end":{"line":176,"column":65}},"type":"cond-expr","locations":[{"start":{"line":176,"column":41},"end":{"line":176,"column":60}},{"start":{"line":176,"column":64},"end":{"line":176,"column":65}}]},"15":{"loc":{"start":{"line":176,"column":41},"end":{"line":176,"column":60}},"type":"binary-expr","locations":[{"start":{"line":176,"column":41},"end":{"line":176,"column":55}},{"start":{"line":176,"column":59},"end":{"line":176,"column":60}}]},"16":{"loc":{"start":{"line":178,"column":27},"end":{"line":179,"column":64}},"type":"cond-expr","locations":[{"start":{"line":178,"column":57},"end":{"line":178,"column":58}},{"start":{"line":179,"column":18},"end":{"line":179,"column":64}}]},"17":{"loc":{"start":{"line":178,"column":27},"end":{"line":178,"column":54}},"type":"binary-expr","locations":[{"start":{"line":178,"column":27},"end":{"line":178,"column":37}},{"start":{"line":178,"column":41},"end":{"line":178,"column":54}}]},"18":{"loc":{"start":{"line":184,"column":51},"end":{"line":184,"column":83}},"type":"cond-expr","locations":[{"start":{"line":184,"column":64},"end":{"line":184,"column":78}},{"start":{"line":184,"column":81},"end":{"line":184,"column":83}}]},"19":{"loc":{"start":{"line":184,"column":86},"end":{"line":184,"column":112}},"type":"cond-expr","locations":[{"start":{"line":184,"column":96},"end":{"line":184,"column":107}},{"start":{"line":184,"column":110},"end":{"line":184,"column":112}}]},"20":{"loc":{"start":{"line":188,"column":19},"end":{"line":188,"column":111}},"type":"binary-expr","locations":[{"start":{"line":188,"column":19},"end":{"line":188,"column":27}},{"start":{"line":188,"column":31},"end":{"line":188,"column":111}}]}},"s":{"0":0,"1":0,"2":0,"3":0,"4":0,"5":0,"6":0,"7":0,"8":0,"9":0,"10":0,"11":0,"12":0,"13":0,"14":0,"15":0,"16":0,"17":0,"18":0,"19":0,"20":0,"21":0,"22":0,"23":0,"24":0,"25":0,"26":0,"27":0,"28":0,"29":0,"30":0,"31":0,"32":0,"33":0,"34":0,"35":0,"36":0,"37":0,"38":0,"39":0,"40":0,"41":0,"42":0,"43":0,"44":0,"45":0,"46":0,"47":0,"48":0,"49":0,"50":0,"51":0,"52":0,"53":0,"54":0,"55":0,"56":0,"57":0,"58":0,"59":0,"60":0,"61":0,"62":0,"63":0,"64":0,"65":0,"66":0,"67":0,"68":0,"69":0,"70":0,"71":0,"72":0,"73":0,"74":0,"75":0,"76":0,"77":0,"78":0,"79":0,"80":0,"81":0,"82":0,"83":0,"84":0,"85":0,"86":0,"87":0,"88":0,"89":0,"90":0,"91":0},"f":{"0":0,"1":0,"2":0,"3":0,"4":0,"5":0,"6":0,"7":0,"8":0,"9":0,"10":0,"11":0,"12":0,"13":0,"14":0,"15":0,"16":0,"17":0,"18":0,"19":0,"20":0},"b":{"0":[0],"1":[0,0],"2":[0],"3":[0],"4":[0],"5":[0],"6":[0],"7":[0,0],"8":[0],"9":[0],"10":[0,0],"11":[0,0],"12":[0],"13":[0,0,0],"14":[0,0],"15":[0,0],"16":[0,0],"17":[0,0],"18":[0,0],"19":[0,0],"20":[0,0]}}
,"D:\\workspace\\projects\\lifeset\\lacob\\.obsidian\\plugins\\lac-roadmap\\components\\PlaceStaticMap.tsx": {"path":"D:\\workspace\\projects\\lifeset\\lacob\\.obsidian\\plugins\\lac-roadmap\\components\\PlaceStaticMap.tsx","statementMap":{"0":{"start":{"line":1,"column":0},"end":{"line":1,"column":26}},"1":{"start":{"line":3,"column":0},"end":{"line":3,"column":54}},"2":{"start":{"line":32,"column":14},"end":{"line":32,"column":60}},"3":{"start":{"line":33,"column":16},"end":{"line":33,"column":51}},"4":{"start":{"line":34,"column":12},"end":{"line":34,"column":17}},"5":{"start":{"line":35,"column":12},"end":{"line":35,"column":17}},"6":{"start":{"line":36,"column":2},"end":{"line":37,"column":87}},"7":{"start":{"line":36,"column":26},"end":{"line":36,"column":82}},"8":{"start":{"line":37,"column":7},"end":{"line":37,"column":87}},"9":{"start":{"line":37,"column":31},"end":{"line":37,"column":87}},"10":{"start":{"line":38,"column":2},"end":{"line":38,"column":22}},"11":{"start":{"line":41,"column":18},"end":{"line":41,"column":21}},"12":{"start":{"line":47,"column":19},"end":{"line":47,"column":21}},"13":{"start":{"line":50,"column":2},"end":{"line":50,"column":55}},"14":{"start":{"line":53,"column":17},"end":{"line":53,"column":46}},"15":{"start":{"line":54,"column":2},"end":{"line":54,"column":99}},"16":{"start":{"line":72,"column":20},"end":{"line":72,"column":77}},"17":{"start":{"line":73,"column":19},"end":{"line":73,"column":39}},"18":{"start":{"line":74,"column":20},"end":{"line":74,"column":49}},"19":{"start":{"line":75,"column":19},"end":{"line":75,"column":50}},"20":{"start":{"line":76,"column":2},"end":{"line":82,"column":null}},"21":{"start":{"line":77,"column":4},"end":{"line":81,"column":6}},"22":{"start":{"line":83,"column":2},"end":{"line":89,"column":null}},"23":{"start":{"line":84,"column":4},"end":{"line":88,"column":6}},"24":{"start":{"line":92,"column":20},"end":{"line":92,"column":58}},"25":{"start":{"line":92,"column":36},"end":{"line":92,"column":57}},"26":{"start":{"line":101,"column":2},"end":{"line":126,"column":null}},"27":{"start":{"line":102,"column":17},"end":{"line":102,"column":42}},"28":{"start":{"line":102,"column":36},"end":{"line":102,"column":41}},"29":{"start":{"line":103,"column":17},"end":{"line":103,"column":42}},"30":{"start":{"line":103,"column":36},"end":{"line":103,"column":41}},"31":{"start":{"line":104,"column":19},"end":{"line":104,"column":36}},"32":{"start":{"line":104,"column":47},"end":{"line":104,"column":64}},"33":{"start":{"line":105,"column":19},"end":{"line":105,"column":36}},"34":{"start":{"line":105,"column":47},"end":{"line":105,"column":64}},"35":{"start":{"line":106,"column":4},"end":{"line":106,"column":38}},"36":{"start":{"line":107,"column":4},"end":{"line":107,"column":38}},"37":{"start":{"line":108,"column":4},"end":{"line":120,"column":null}},"38":{"start":{"line":109,"column":6},"end":{"line":109,"column":24}},"39":{"start":{"line":114,"column":21},"end":{"line":114,"column":78}},"40":{"start":{"line":115,"column":21},"end":{"line":115,"column":78}},"41":{"start":{"line":116,"column":21},"end":{"line":116,"column":37}},"42":{"start":{"line":117,"column":20},"end":{"line":117,"column":64}},"43":{"start":{"line":118,"column":20},"end":{"line":118,"column":64}},"44":{"start":{"line":119,"column":6},"end":{"line":119,"column":75}},"45":{"start":{"line":122,"column":18},"end":{"line":122,"column":100}},"46":{"start":{"line":123,"column":4},"end":{"line":123,"column":26}},"47":{"start":{"line":124,"column":4},"end":{"line":124,"column":26}},"48":{"start":{"line":125,"column":4},"end":{"line":125,"column":22}},"49":{"start":{"line":130,"column":2},"end":{"line":158,"column":null}},"50":{"start":{"line":131,"column":4},"end":{"line":150,"column":null}},"51":{"start":{"line":132,"column":21},"end":{"line":138,"column":8}},"52":{"start":{"line":139,"column":6},"end":{"line":139,"column":73}},"53":{"start":{"line":141,"column":21},"end":{"line":148,"column":8}},"54":{"start":{"line":149,"column":6},"end":{"line":149,"column":82}},"55":{"start":{"line":152,"column":4},"end":{"line":152,"column":52}},"56":{"start":{"line":153,"column":4},"end":{"line":157,"column":6}},"57":{"start":{"line":161,"column":14},"end":{"line":161,"column":42}},"58":{"start":{"line":162,"column":14},"end":{"line":162,"column":42}},"59":{"start":{"line":163,"column":20},"end":{"line":167,"column":4}},"60":{"start":{"line":164,"column":14},"end":{"line":164,"column":69}},"61":{"start":{"line":165,"column":14},"end":{"line":165,"column":69}},"62":{"start":{"line":166,"column":4},"end":{"line":166,"column":73}},"63":{"start":{"line":173,"column":22},"end":{"line":173,"column":67}},"64":{"start":{"line":173,"column":41},"end":{"line":173,"column":56}},"65":{"start":{"line":175,"column":2},"end":{"line":226,"column":4}},"66":{"start":{"line":196,"column":10},"end":{"line":196,"column":38}},"67":{"start":{"line":196,"column":26},"end":{"line":196,"column":38}},"68":{"start":{"line":201,"column":10},"end":{"line":222,"column":12}},"69":{"start":{"line":63,"column":0},"end":{"line":63,"column":24}}},"fnMap":{"0":{"name":"toTarget","decl":{"start":{"line":31,"column":9},"end":{"line":31,"column":17}},"loc":{"start":{"line":31,"column":50},"end":{"line":39,"column":1}}},"1":{"name":"lngToWorldX","decl":{"start":{"line":49,"column":9},"end":{"line":49,"column":20}},"loc":{"start":{"line":49,"column":46},"end":{"line":51,"column":1}}},"2":{"name":"latToWorldY","decl":{"start":{"line":52,"column":9},"end":{"line":52,"column":20}},"loc":{"start":{"line":52,"column":46},"end":{"line":55,"column":1}}},"3":{"name":"PlaceStaticMap","decl":{"start":{"line":63,"column":24},"end":{"line":63,"column":38}},"loc":{"start":{"line":71,"column":22},"end":{"line":227,"column":1}}},"4":{"name":"(anonymous_5)","decl":{"start":{"line":92,"column":31},"end":{"line":92,"column":32}},"loc":{"start":{"line":92,"column":36},"end":{"line":92,"column":57}}},"5":{"name":"(anonymous_6)","decl":{"start":{"line":102,"column":31},"end":{"line":102,"column":32}},"loc":{"start":{"line":102,"column":36},"end":{"line":102,"column":41}}},"6":{"name":"(anonymous_7)","decl":{"start":{"line":103,"column":31},"end":{"line":103,"column":32}},"loc":{"start":{"line":103,"column":36},"end":{"line":103,"column":41}}},"7":{"name":"(anonymous_8)","decl":{"start":{"line":163,"column":34},"end":{"line":163,"column":35}},"loc":{"start":{"line":163,"column":38},"end":{"line":167,"column":3}}},"8":{"name":"(anonymous_9)","decl":{"start":{"line":173,"column":36},"end":{"line":173,"column":37}},"loc":{"start":{"line":173,"column":41},"end":{"line":173,"column":56}}},"9":{"name":"(anonymous_10)","decl":{"start":{"line":195,"column":23},"end":{"line":195,"column":24}},"loc":{"start":{"line":195,"column":32},"end":{"line":223,"column":9}}}},"branchMap":{"0":{"loc":{"start":{"line":32,"column":15},"end":{"line":32,"column":45}},"type":"binary-expr","locations":[{"start":{"line":32,"column":15},"end":{"line":32,"column":34}},{"start":{"line":32,"column":38},"end":{"line":32,"column":45}}]},"1":{"loc":{"start":{"line":33,"column":16},"end":{"line":33,"column":51}},"type":"binary-expr","locations":[{"start":{"line":33,"column":16},"end":{"line":33,"column":32}},{"start":{"line":33,"column":36},"end":{"line":33,"column":51}}]},"2":{"loc":{"start":{"line":36,"column":2},"end":{"line":37,"column":87}},"type":"if","locations":[{"start":{"line":36,"column":2},"end":{"line":37,"column":87}},{"start":{"line":37,"column":7},"end":{"line":37,"column":87}}]},"3":{"loc":{"start":{"line":36,"column":6},"end":{"line":36,"column":24}},"type":"binary-expr","locations":[{"start":{"line":36,"column":6},"end":{"line":36,"column":14}},{"start":{"line":36,"column":18},"end":{"line":36,"column":24}}]},"4":{"loc":{"start":{"line":37,"column":7},"end":{"line":37,"column":87}},"type":"if","locations":[{"start":{"line":37,"column":7},"end":{"line":37,"column":87}}]},"5":{"loc":{"start":{"line":37,"column":11},"end":{"line":37,"column":29}},"type":"binary-expr","locations":[{"start":{"line":37,"column":11},"end":{"line":37,"column":20}},{"start":{"line":37,"column":24},"end":{"line":37,"column":29}}]},"6":{"loc":{"start":{"line":70,"column":2},"end":{"line":70,"column":17}},"type":"default-arg","locations":[{"start":{"line":70,"column":12},"end":{"line":70,"column":17}}]},"7":{"loc":{"start":{"line":72,"column":20},"end":{"line":72,"column":77}},"type":"binary-expr","locations":[{"start":{"line":72,"column":20},"end":{"line":72,"column":37}},{"start":{"line":72,"column":41},"end":{"line":72,"column":65}},{"start":{"line":72,"column":69},"end":{"line":72,"column":77}}]},"8":{"loc":{"start":{"line":72,"column":41},"end":{"line":72,"column":65}},"type":"cond-expr","locations":[{"start":{"line":72,"column":49},"end":{"line":72,"column":51}},{"start":{"line":72,"column":41},"end":{"line":72,"column":65}}]},"9":{"loc":{"start":{"line":72,"column":41},"end":{"line":72,"column":51}},"type":"binary-expr","locations":[{"start":{"line":72,"column":41},"end":{"line":72,"column":51}},{"start":{"line":72,"column":41},"end":{"line":72,"column":51}}]},"10":{"loc":{"start":{"line":74,"column":22},"end":{"line":74,"column":48}},"type":"cond-expr","locations":[{"start":{"line":74,"column":30},"end":{"line":74,"column":32}},{"start":{"line":74,"column":22},"end":{"line":74,"column":48}}]},"11":{"loc":{"start":{"line":74,"column":22},"end":{"line":74,"column":32}},"type":"binary-expr","locations":[{"start":{"line":74,"column":22},"end":{"line":74,"column":32}},{"start":{"line":74,"column":22},"end":{"line":74,"column":32}}]},"12":{"loc":{"start":{"line":75,"column":21},"end":{"line":75,"column":49}},"type":"cond-expr","locations":[{"start":{"line":75,"column":29},"end":{"line":75,"column":31}},{"start":{"line":75,"column":21},"end":{"line":75,"column":49}}]},"13":{"loc":{"start":{"line":75,"column":21},"end":{"line":75,"column":31}},"type":"binary-expr","locations":[{"start":{"line":75,"column":21},"end":{"line":75,"column":31}},{"start":{"line":75,"column":21},"end":{"line":75,"column":31}}]},"14":{"loc":{"start":{"line":76,"column":2},"end":{"line":82,"column":null}},"type":"if","locations":[{"start":{"line":76,"column":2},"end":{"line":82,"column":null}}]},"15":{"loc":{"start":{"line":76,"column":6},"end":{"line":76,"column":58}},"type":"binary-expr","locations":[{"start":{"line":76,"column":7},"end":{"line":76,"column":15}},{"start":{"line":76,"column":19},"end":{"line":76,"column":28}},{"start":{"line":76,"column":34},"end":{"line":76,"column":43}},{"start":{"line":76,"column":47},"end":{"line":76,"column":57}}]},"16":{"loc":{"start":{"line":83,"column":2},"end":{"line":89,"column":null}},"type":"if","locations":[{"start":{"line":83,"column":2},"end":{"line":89,"column":null}}]},"17":{"loc":{"start":{"line":83,"column":6},"end":{"line":83,"column":36}},"type":"binary-expr","locations":[{"start":{"line":83,"column":6},"end":{"line":83,"column":13}},{"start":{"line":83,"column":17},"end":{"line":83,"column":36}}]},"18":{"loc":{"start":{"line":101,"column":2},"end":{"line":126,"column":null}},"type":"if","locations":[{"start":{"line":101,"column":2},"end":{"line":126,"column":null}},{"start":{"line":121,"column":9},"end":{"line":126,"column":null}}]},"19":{"loc":{"start":{"line":101,"column":6},"end":{"line":101,"column":37}},"type":"binary-expr","locations":[{"start":{"line":101,"column":6},"end":{"line":101,"column":13}},{"start":{"line":101,"column":17},"end":{"line":101,"column":37}}]},"20":{"loc":{"start":{"line":108,"column":4},"end":{"line":120,"column":null}},"type":"if","locations":[{"start":{"line":108,"column":4},"end":{"line":120,"column":null}},{"start":{"line":110,"column":11},"end":{"line":120,"column":null}}]},"21":{"loc":{"start":{"line":108,"column":8},"end":{"line":108,"column":74}},"type":"binary-expr","locations":[{"start":{"line":108,"column":8},"end":{"line":108,"column":30}},{"start":{"line":108,"column":35},"end":{"line":108,"column":52}},{"start":{"line":108,"column":56},"end":{"line":108,"column":73}}]},"22":{"loc":{"start":{"line":117,"column":20},"end":{"line":117,"column":64}},"type":"cond-expr","locations":[{"start":{"line":117,"column":33},"end":{"line":117,"column":59}},{"start":{"line":117,"column":62},"end":{"line":117,"column":64}}]},"23":{"loc":{"start":{"line":118,"column":20},"end":{"line":118,"column":64}},"type":"cond-expr","locations":[{"start":{"line":118,"column":33},"end":{"line":118,"column":59}},{"start":{"line":118,"column":62},"end":{"line":118,"column":64}}]},"24":{"loc":{"start":{"line":122,"column":28},"end":{"line":122,"column":99}},"type":"cond-expr","locations":[{"start":{"line":122,"column":83},"end":{"line":122,"column":95}},{"start":{"line":122,"column":98},"end":{"line":122,"column":99}}]},"25":{"loc":{"start":{"line":122,"column":28},"end":{"line":122,"column":80}},"type":"binary-expr","locations":[{"start":{"line":122,"column":28},"end":{"line":122,"column":45}},{"start":{"line":122,"column":49},"end":{"line":122,"column":80}}]},"26":{"loc":{"start":{"line":131,"column":4},"end":{"line":150,"column":null}},"type":"if","locations":[{"start":{"line":131,"column":4},"end":{"line":150,"column":null}},{"start":{"line":140,"column":11},"end":{"line":150,"column":null}}]},"27":{"loc":{"start":{"line":133,"column":13},"end":{"line":133,"column":46}},"type":"binary-expr","locations":[{"start":{"line":133,"column":13},"end":{"line":133,"column":40}},{"start":{"line":133,"column":44},"end":{"line":133,"column":46}}]},"28":{"loc":{"start":{"line":144,"column":13},"end":{"line":144,"column":44}},"type":"binary-expr","locations":[{"start":{"line":144,"column":13},"end":{"line":144,"column":38}},{"start":{"line":144,"column":42},"end":{"line":144,"column":44}}]},"29":{"loc":{"start":{"line":166,"column":28},"end":{"line":166,"column":70}},"type":"binary-expr","locations":[{"start":{"line":166,"column":28},"end":{"line":166,"column":35}},{"start":{"line":166,"column":39},"end":{"line":166,"column":47}},{"start":{"line":166,"column":51},"end":{"line":166,"column":58}},{"start":{"line":166,"column":62},"end":{"line":166,"column":70}}]},"30":{"loc":{"start":{"line":184,"column":9},"end":{"line":193,"column":null}},"type":"binary-expr","locations":[{"start":{"line":184,"column":9},"end":{"line":184,"column":30}},{"start":{"line":185,"column":10},"end":{"line":192,"column":null}}]},"31":{"loc":{"start":{"line":196,"column":10},"end":{"line":196,"column":38}},"type":"if","locations":[{"start":{"line":196,"column":10},"end":{"line":196,"column":38}}]}},"s":{"0":0,"1":0,"2":0,"3":0,"4":0,"5":0,"6":0,"7":0,"8":0,"9":0,"10":0,"11":0,"12":0,"13":0,"14":0,"15":0,"16":0,"17":0,"18":0,"19":0,"20":0,"21":0,"22":0,"23":0,"24":0,"25":0,"26":0,"27":0,"28":0,"29":0,"30":0,"31":0,"32":0,"33":0,"34":0,"35":0,"36":0,"37":0,"38":0,"39":0,"40":0,"41":0,"42":0,"43":0,"44":0,"45":0,"46":0,"47":0,"48":0,"49":0,"50":0,"51":0,"52":0,"53":0,"54":0,"55":0,"56":0,"57":0,"58":0,"59":0,"60":0,"61":0,"62":0,"63":0,"64":0,"65":0,"66":0,"67":0,"68":0,"69":0},"f":{"0":0,"1":0,"2":0,"3":0,"4":0,"5":0,"6":0,"7":0,"8":0,"9":0},"b":{"0":[0,0],"1":[0,0],"2":[0,0],"3":[0,0],"4":[0],"5":[0,0],"6":[0],"7":[0,0,0],"8":[0,0],"9":[0,0],"10":[0,0],"11":[0,0],"12":[0,0],"13":[0,0],"14":[0],"15":[0,0,0,0],"16":[0],"17":[0,0],"18":[0,0],"19":[0,0],"20":[0,0],"21":[0,0,0],"22":[0,0],"23":[0,0],"24":[0,0],"25":[0,0],"26":[0,0],"27":[0,0],"28":[0,0],"29":[0,0,0,0],"30":[0,0],"31":[0]}}
,"D:\\workspace\\projects\\lifeset\\lacob\\.obsidian\\plugins\\lac-roadmap\\components\\RoadmapStats.tsx": {"path":"D:\\workspace\\projects\\lifeset\\lacob\\.obsidian\\plugins\\lac-roadmap\\components\\RoadmapStats.tsx","statementMap":{"0":{"start":{"line":1,"column":0},"end":{"line":1,"column":39}},"1":{"start":{"line":3,"column":0},"end":{"line":3,"column":62}},"2":{"start":{"line":18,"column":2},"end":{"line":18,"column":53}},"3":{"start":{"line":18,"column":40},"end":{"line":18,"column":53}},"4":{"start":{"line":19,"column":2},"end":{"line":19,"column":86}},"5":{"start":{"line":19,"column":22},"end":{"line":19,"column":86}},"6":{"start":{"line":20,"column":2},"end":{"line":20,"column":35}},"7":{"start":{"line":24,"column":2},"end":{"line":24,"column":57}},"8":{"start":{"line":24,"column":42},"end":{"line":24,"column":57}},"9":{"start":{"line":25,"column":12},"end":{"line":25,"column":36}},"10":{"start":{"line":26,"column":12},"end":{"line":26,"column":40}},"11":{"start":{"line":27,"column":2},"end":{"line":27,"column":43}},"12":{"start":{"line":27,"column":22},"end":{"line":27,"column":43}},"13":{"start":{"line":28,"column":2},"end":{"line":28,"column":28}},"14":{"start":{"line":28,"column":13},"end":{"line":28,"column":28}},"15":{"start":{"line":29,"column":2},"end":{"line":29,"column":17}},"16":{"start":{"line":33,"column":12},"end":{"line":33,"column":38}},"17":{"start":{"line":34,"column":12},"end":{"line":34,"column":36}},"18":{"start":{"line":35,"column":2},"end":{"line":40,"column":null}},"19":{"start":{"line":36,"column":15},"end":{"line":36,"column":48}},"20":{"start":{"line":37,"column":15},"end":{"line":37,"column":48}},"21":{"start":{"line":38,"column":17},"end":{"line":38,"column":86}},"22":{"start":{"line":39,"column":4},"end":{"line":39,"column":48}},"23":{"start":{"line":39,"column":36},"end":{"line":39,"column":48}},"24":{"start":{"line":42,"column":17},"end":{"line":42,"column":34}},"25":{"start":{"line":43,"column":17},"end":{"line":43,"column":18}},"26":{"start":{"line":44,"column":19},"end":{"line":44,"column":21}},"27":{"start":{"line":45,"column":2},"end":{"line":55,"column":null}},"28":{"start":{"line":46,"column":4},"end":{"line":54,"column":null}},"29":{"start":{"line":47,"column":20},"end":{"line":47,"column":41}},"30":{"start":{"line":48,"column":18},"end":{"line":48,"column":90}},"31":{"start":{"line":49,"column":6},"end":{"line":52,"column":null}},"32":{"start":{"line":50,"column":8},"end":{"line":50,"column":25}},"33":{"start":{"line":51,"column":8},"end":{"line":51,"column":31}},"34":{"start":{"line":51,"column":20},"end":{"line":51,"column":31}},"35":{"start":{"line":53,"column":6},"end":{"line":53,"column":29}},"36":{"start":{"line":56,"column":2},"end":{"line":56,"column":21}},"37":{"start":{"line":60,"column":2},"end":{"line":62,"column":null}},"38":{"start":{"line":61,"column":4},"end":{"line":61,"column":98}},"39":{"start":{"line":63,"column":19},"end":{"line":63,"column":20}},"40":{"start":{"line":64,"column":22},"end":{"line":64,"column":23}},"41":{"start":{"line":65,"column":22},"end":{"line":65,"column":23}},"42":{"start":{"line":66,"column":19},"end":{"line":66,"column":20}},"43":{"start":{"line":67,"column":2},"end":{"line":75,"column":null}},"44":{"start":{"line":68,"column":4},"end":{"line":74,"column":null}},"45":{"start":{"line":68,"column":21},"end":{"line":68,"column":34}},"46":{"start":{"line":69,"column":9},"end":{"line":74,"column":null}},"47":{"start":{"line":70,"column":18},"end":{"line":70,"column":36}},"48":{"start":{"line":71,"column":6},"end":{"line":71,"column":74}},"49":{"start":{"line":71,"column":44},"end":{"line":71,"column":74}},"50":{"start":{"line":72,"column":6},"end":{"line":72,"column":74}},"51":{"start":{"line":72,"column":44},"end":{"line":72,"column":74}},"52":{"start":{"line":73,"column":6},"end":{"line":73,"column":65}},"53":{"start":{"line":73,"column":41},"end":{"line":73,"column":65}},"54":{"start":{"line":76,"column":2},"end":{"line":82,"column":4}},"55":{"start":{"line":59,"column":0},"end":{"line":59,"column":16}},"56":{"start":{"line":88,"column":16},"end":{"line":88,"column":70}},"57":{"start":{"line":88,"column":30},"end":{"line":88,"column":58}},"58":{"start":{"line":89,"column":14},"end":{"line":89,"column":54}},"59":{"start":{"line":90,"column":2},"end":{"line":102,"column":4}},"60":{"start":{"line":87,"column":0},"end":{"line":87,"column":24}},"61":{"start":{"line":111,"column":52},"end":{"line":129,"column":16}},"62":{"start":{"line":112,"column":16},"end":{"line":112,"column":26}},"63":{"start":{"line":113,"column":15},"end":{"line":113,"column":16}},"64":{"start":{"line":114,"column":19},"end":{"line":114,"column":20}},"65":{"start":{"line":115,"column":20},"end":{"line":115,"column":21}},"66":{"start":{"line":116,"column":21},"end":{"line":116,"column":22}},"67":{"start":{"line":117,"column":4},"end":{"line":127,"column":null}},"68":{"start":{"line":118,"column":16},"end":{"line":118,"column":36}},"69":{"start":{"line":119,"column":16},"end":{"line":119,"column":34}},"70":{"start":{"line":120,"column":6},"end":{"line":125,"column":null}},"71":{"start":{"line":120,"column":20},"end":{"line":120,"column":32}},"72":{"start":{"line":122,"column":24},"end":{"line":122,"column":110}},"73":{"start":{"line":123,"column":8},"end":{"line":124,"column":24}},"74":{"start":{"line":123,"column":58},"end":{"line":123,"column":65}},"75":{"start":{"line":124,"column":13},"end":{"line":124,"column":24}},"76":{"start":{"line":126,"column":6},"end":{"line":126,"column":62}},"77":{"start":{"line":126,"column":32},"end":{"line":126,"column":62}},"78":{"start":{"line":126,"column":49},"end":{"line":126,"column":62}},"79":{"start":{"line":128,"column":4},"end":{"line":128,"column":77}},"80":{"start":{"line":131,"column":14},"end":{"line":131,"column":54}},"81":{"start":{"line":132,"column":2},"end":{"line":142,"column":4}},"82":{"start":{"line":110,"column":0},"end":{"line":110,"column":16}}},"fnMap":{"0":{"name":"formatDistance","decl":{"start":{"line":17,"column":9},"end":{"line":17,"column":23}},"loc":{"start":{"line":17,"column":38},"end":{"line":21,"column":1}}},"1":{"name":"formatDuration","decl":{"start":{"line":23,"column":9},"end":{"line":23,"column":23}},"loc":{"start":{"line":23,"column":39},"end":{"line":30,"column":1}}},"2":{"name":"computeDaysFromRoadmap","decl":{"start":{"line":32,"column":9},"end":{"line":32,"column":31}},"loc":{"start":{"line":32,"column":48},"end":{"line":57,"column":1}}},"3":{"name":"computeRoadmapStats","decl":{"start":{"line":59,"column":16},"end":{"line":59,"column":35}},"loc":{"start":{"line":59,"column":59},"end":{"line":83,"column":1}}},"4":{"name":"RoadmapStats","decl":{"start":{"line":87,"column":24},"end":{"line":87,"column":36}},"loc":{"start":{"line":87,"column":55},"end":{"line":103,"column":1}}},"5":{"name":"(anonymous_11)","decl":{"start":{"line":88,"column":24},"end":{"line":88,"column":27}},"loc":{"start":{"line":88,"column":30},"end":{"line":88,"column":58}}},"6":{"name":"RoadmapSetStats","decl":{"start":{"line":110,"column":16},"end":{"line":110,"column":31}},"loc":{"start":{"line":110,"column":54},"end":{"line":143,"column":1}}},"7":{"name":"(anonymous_13)","decl":{"start":{"line":111,"column":60},"end":{"line":111,"column":63}},"loc":{"start":{"line":111,"column":65},"end":{"line":129,"column":3}}}},"branchMap":{"0":{"loc":{"start":{"line":18,"column":2},"end":{"line":18,"column":53}},"type":"if","locations":[{"start":{"line":18,"column":2},"end":{"line":18,"column":53}}]},"1":{"loc":{"start":{"line":18,"column":6},"end":{"line":18,"column":38}},"type":"binary-expr","locations":[{"start":{"line":18,"column":6},"end":{"line":18,"column":23}},{"start":{"line":18,"column":27},"end":{"line":18,"column":38}}]},"2":{"loc":{"start":{"line":19,"column":2},"end":{"line":19,"column":86}},"type":"if","locations":[{"start":{"line":19,"column":2},"end":{"line":19,"column":86}}]},"3":{"loc":{"start":{"line":19,"column":56},"end":{"line":19,"column":79}},"type":"cond-expr","locations":[{"start":{"line":19,"column":74},"end":{"line":19,"column":75}},{"start":{"line":19,"column":78},"end":{"line":19,"column":79}}]},"4":{"loc":{"start":{"line":24,"column":2},"end":{"line":24,"column":57}},"type":"if","locations":[{"start":{"line":24,"column":2},"end":{"line":24,"column":57}}]},"5":{"loc":{"start":{"line":24,"column":6},"end":{"line":24,"column":40}},"type":"binary-expr","locations":[{"start":{"line":24,"column":6},"end":{"line":24,"column":24}},{"start":{"line":24,"column":28},"end":{"line":24,"column":40}}]},"6":{"loc":{"start":{"line":27,"column":2},"end":{"line":27,"column":43}},"type":"if","locations":[{"start":{"line":27,"column":2},"end":{"line":27,"column":43}}]},"7":{"loc":{"start":{"line":27,"column":6},"end":{"line":27,"column":20}},"type":"binary-expr","locations":[{"start":{"line":27,"column":6},"end":{"line":27,"column":11}},{"start":{"line":27,"column":15},"end":{"line":27,"column":20}}]},"8":{"loc":{"start":{"line":28,"column":2},"end":{"line":28,"column":28}},"type":"if","locations":[{"start":{"line":28,"column":2},"end":{"line":28,"column":28}}]},"9":{"loc":{"start":{"line":33,"column":12},"end":{"line":33,"column":38}},"type":"cond-expr","locations":[{"start":{"line":33,"column":26},"end":{"line":33,"column":28}},{"start":{"line":33,"column":26},"end":{"line":33,"column":38}}]},"10":{"loc":{"start":{"line":33,"column":12},"end":{"line":33,"column":28}},"type":"binary-expr","locations":[{"start":{"line":33,"column":12},"end":{"line":33,"column":28}},{"start":{"line":33,"column":26},"end":{"line":33,"column":28}}]},"11":{"loc":{"start":{"line":34,"column":12},"end":{"line":34,"column":36}},"type":"cond-expr","locations":[{"start":{"line":34,"column":26},"end":{"line":34,"column":28}},{"start":{"line":34,"column":26},"end":{"line":34,"column":36}}]},"12":{"loc":{"start":{"line":34,"column":12},"end":{"line":34,"column":28}},"type":"binary-expr","locations":[{"start":{"line":34,"column":12},"end":{"line":34,"column":28}},{"start":{"line":34,"column":26},"end":{"line":34,"column":28}}]},"13":{"loc":{"start":{"line":35,"column":2},"end":{"line":40,"column":null}},"type":"if","locations":[{"start":{"line":35,"column":2},"end":{"line":40,"column":null}}]},"14":{"loc":{"start":{"line":35,"column":6},"end":{"line":35,"column":12}},"type":"binary-expr","locations":[{"start":{"line":35,"column":6},"end":{"line":35,"column":7}},{"start":{"line":35,"column":11},"end":{"line":35,"column":12}}]},"15":{"loc":{"start":{"line":39,"column":4},"end":{"line":39,"column":48}},"type":"if","locations":[{"start":{"line":39,"column":4},"end":{"line":39,"column":48}}]},"16":{"loc":{"start":{"line":39,"column":8},"end":{"line":39,"column":34}},"type":"binary-expr","locations":[{"start":{"line":39,"column":8},"end":{"line":39,"column":22}},{"start":{"line":39,"column":26},"end":{"line":39,"column":34}}]},"17":{"loc":{"start":{"line":46,"column":4},"end":{"line":54,"column":null}},"type":"if","locations":[{"start":{"line":46,"column":4},"end":{"line":54,"column":null}}]},"18":{"loc":{"start":{"line":47,"column":20},"end":{"line":47,"column":41}},"type":"cond-expr","locations":[{"start":{"line":47,"column":29},"end":{"line":47,"column":31}},{"start":{"line":47,"column":29},"end":{"line":47,"column":41}}]},"19":{"loc":{"start":{"line":47,"column":20},"end":{"line":47,"column":31}},"type":"binary-expr","locations":[{"start":{"line":47,"column":20},"end":{"line":47,"column":31}},{"start":{"line":47,"column":29},"end":{"line":47,"column":31}}]},"20":{"loc":{"start":{"line":48,"column":18},"end":{"line":48,"column":90}},"type":"cond-expr","locations":[{"start":{"line":48,"column":26},"end":{"line":48,"column":53}},{"start":{"line":48,"column":56},"end":{"line":48,"column":90}}]},"21":{"loc":{"start":{"line":48,"column":60},"end":{"line":48,"column":87}},"type":"cond-expr","locations":[{"start":{"line":48,"column":75},"end":{"line":48,"column":79}},{"start":{"line":48,"column":79},"end":{"line":48,"column":87}}]},"22":{"loc":{"start":{"line":48,"column":60},"end":{"line":48,"column":79}},"type":"binary-expr","locations":[{"start":{"line":48,"column":60},"end":{"line":48,"column":79}},{"start":{"line":48,"column":75},"end":{"line":48,"column":79}}]},"23":{"loc":{"start":{"line":48,"column":60},"end":{"line":48,"column":75}},"type":"cond-expr","locations":[{"start":{"line":48,"column":69},"end":{"line":48,"column":71}},{"start":{"line":48,"column":69},"end":{"line":48,"column":75}}]},"24":{"loc":{"start":{"line":48,"column":60},"end":{"line":48,"column":71}},"type":"binary-expr","locations":[{"start":{"line":48,"column":60},"end":{"line":48,"column":71}},{"start":{"line":48,"column":69},"end":{"line":48,"column":71}}]},"25":{"loc":{"start":{"line":49,"column":6},"end":{"line":52,"column":null}},"type":"if","locations":[{"start":{"line":49,"column":6},"end":{"line":52,"column":null}}]},"26":{"loc":{"start":{"line":51,"column":8},"end":{"line":51,"column":31}},"type":"if","locations":[{"start":{"line":51,"column":8},"end":{"line":51,"column":31}}]},"27":{"loc":{"start":{"line":60,"column":2},"end":{"line":62,"column":null}},"type":"if","locations":[{"start":{"line":60,"column":2},"end":{"line":62,"column":null}}]},"28":{"loc":{"start":{"line":68,"column":4},"end":{"line":74,"column":null}},"type":"if","locations":[{"start":{"line":68,"column":4},"end":{"line":74,"column":null}},{"start":{"line":69,"column":9},"end":{"line":74,"column":null}}]},"29":{"loc":{"start":{"line":69,"column":9},"end":{"line":74,"column":null}},"type":"if","locations":[{"start":{"line":69,"column":9},"end":{"line":74,"column":null}}]},"30":{"loc":{"start":{"line":71,"column":6},"end":{"line":71,"column":74}},"type":"if","locations":[{"start":{"line":71,"column":6},"end":{"line":71,"column":74}}]},"31":{"loc":{"start":{"line":72,"column":6},"end":{"line":72,"column":74}},"type":"if","locations":[{"start":{"line":72,"column":6},"end":{"line":72,"column":74}}]},"32":{"loc":{"start":{"line":73,"column":6},"end":{"line":73,"column":65}},"type":"if","locations":[{"start":{"line":73,"column":6},"end":{"line":73,"column":65}}]},"33":{"loc":{"start":{"line":118,"column":16},"end":{"line":118,"column":36}},"type":"cond-expr","locations":[{"start":{"line":118,"column":24},"end":{"line":118,"column":26}},{"start":{"line":118,"column":24},"end":{"line":118,"column":36}}]},"34":{"loc":{"start":{"line":118,"column":16},"end":{"line":118,"column":26}},"type":"binary-expr","locations":[{"start":{"line":118,"column":16},"end":{"line":118,"column":26}},{"start":{"line":118,"column":24},"end":{"line":118,"column":26}}]},"35":{"loc":{"start":{"line":119,"column":16},"end":{"line":119,"column":34}},"type":"cond-expr","locations":[{"start":{"line":119,"column":24},"end":{"line":119,"column":26}},{"start":{"line":119,"column":24},"end":{"line":119,"column":34}}]},"36":{"loc":{"start":{"line":119,"column":16},"end":{"line":119,"column":26}},"type":"binary-expr","locations":[{"start":{"line":119,"column":16},"end":{"line":119,"column":26}},{"start":{"line":119,"column":24},"end":{"line":119,"column":26}}]},"37":{"loc":{"start":{"line":120,"column":6},"end":{"line":125,"column":null}},"type":"if","locations":[{"start":{"line":120,"column":6},"end":{"line":125,"column":null}},{"start":{"line":121,"column":11},"end":{"line":125,"column":null}}]},"38":{"loc":{"start":{"line":120,"column":10},"end":{"line":120,"column":18}},"type":"binary-expr","locations":[{"start":{"line":120,"column":10},"end":{"line":120,"column":12}},{"start":{"line":120,"column":16},"end":{"line":120,"column":18}}]},"39":{"loc":{"start":{"line":122,"column":24},"end":{"line":122,"column":110}},"type":"cond-expr","locations":[{"start":{"line":122,"column":28},"end":{"line":122,"column":61}},{"start":{"line":122,"column":65},"end":{"line":122,"column":109}}]},"40":{"loc":{"start":{"line":122,"column":65},"end":{"line":122,"column":109}},"type":"cond-expr","locations":[{"start":{"line":122,"column":69},"end":{"line":122,"column":102}},{"start":{"line":122,"column":105},"end":{"line":122,"column":109}}]},"41":{"loc":{"start":{"line":123,"column":8},"end":{"line":124,"column":24}},"type":"if","locations":[{"start":{"line":123,"column":8},"end":{"line":124,"column":24}},{"start":{"line":124,"column":13},"end":{"line":124,"column":24}}]},"42":{"loc":{"start":{"line":123,"column":12},"end":{"line":123,"column":56}},"type":"binary-expr","locations":[{"start":{"line":123,"column":12},"end":{"line":123,"column":19}},{"start":{"line":123,"column":23},"end":{"line":123,"column":56}}]},"43":{"loc":{"start":{"line":126,"column":32},"end":{"line":126,"column":62}},"type":"if","locations":[{"start":{"line":126,"column":32},"end":{"line":126,"column":62}}]}},"s":{"0":1,"1":1,"2":8,"3":5,"4":3,"5":2,"6":1,"7":8,"8":6,"9":2,"10":2,"11":2,"12":1,"13":1,"14":0,"15":1,"16":8,"17":8,"18":8,"19":2,"20":2,"21":2,"22":2,"23":2,"24":6,"25":6,"26":6,"27":6,"28":20,"29":14,"30":14,"31":14,"32":13,"33":13,"34":11,"35":14,"36":6,"37":9,"38":1,"39":8,"40":8,"41":8,"42":8,"43":8,"44":20,"45":14,"46":6,"47":6,"48":6,"49":6,"50":6,"51":6,"52":6,"53":6,"54":8,"55":1,"56":0,"57":0,"58":0,"59":0,"60":1,"61":0,"62":0,"63":0,"64":0,"65":0,"66":0,"67":0,"68":0,"69":0,"70":0,"71":0,"72":0,"73":0,"74":0,"75":0,"76":0,"77":0,"78":0,"79":0,"80":0,"81":0,"82":1},"f":{"0":8,"1":8,"2":8,"3":9,"4":0,"5":0,"6":0,"7":0},"b":{"0":[5],"1":[8,8],"2":[2],"3":[1,1],"4":[6],"5":[8,8],"6":[1],"7":[2,1],"8":[0],"9":[6,2],"10":[8,8],"11":[6,2],"12":[8,8],"13":[2],"14":[8,2],"15":[2],"16":[2,2],"17":[14],"18":[0,14],"19":[14,14],"20":[3,11],"21":[0,11],"22":[11,11],"23":[0,11],"24":[11,11],"25":[13],"26":[11],"27":[1],"28":[14,6],"29":[6],"30":[6],"31":[6],"32":[6],"33":[0,0],"34":[0,0],"35":[0,0],"36":[0,0],"37":[0,0],"38":[0,0],"39":[0,0],"40":[0,0],"41":[0,0],"42":[0,0],"43":[0]}}
,"D:\\workspace\\projects\\lifeset\\lacob\\.obsidian\\plugins\\lac-roadmap\\components\\RouteBadge.tsx": {"path":"D:\\workspace\\projects\\lifeset\\lacob\\.obsidian\\plugins\\lac-roadmap\\components\\RouteBadge.tsx","statementMap":{"0":{"start":{"line":1,"column":0},"end":{"line":1,"column":26}},"1":{"start":{"line":7,"column":54},"end":{"line":13,"column":2}},"2":{"start":{"line":16,"column":2},"end":{"line":16,"column":62}},"3":{"start":{"line":20,"column":2},"end":{"line":24,"column":null}},"4":{"start":{"line":21,"column":14},"end":{"line":21,"column":34}},"5":{"start":{"line":22,"column":14},"end":{"line":22,"column":22}},"6":{"start":{"line":23,"column":4},"end":{"line":23,"column":43}},"7":{"start":{"line":25,"column":2},"end":{"line":25,"column":22}},"8":{"start":{"line":37,"column":34},"end":{"line":41,"column":4}},"9":{"start":{"line":42,"column":2},"end":{"line":42,"column":111}},"10":{"start":{"line":42,"column":44},"end":{"line":42,"column":111}},"11":{"start":{"line":43,"column":2},"end":{"line":43,"column":111}},"12":{"start":{"line":43,"column":44},"end":{"line":43,"column":111}},"13":{"start":{"line":44,"column":2},"end":{"line":44,"column":116}},"14":{"start":{"line":44,"column":62},"end":{"line":44,"column":116}},"15":{"start":{"line":47,"column":41},"end":{"line":47,"column":43}},"16":{"start":{"line":48,"column":2},"end":{"line":51,"column":5}},"17":{"start":{"line":49,"column":4},"end":{"line":49,"column":94}},"18":{"start":{"line":49,"column":15},"end":{"line":49,"column":94}},"19":{"start":{"line":50,"column":4},"end":{"line":50,"column":24}},"20":{"start":{"line":53,"column":22},"end":{"line":58,"column":15}},"21":{"start":{"line":55,"column":8},"end":{"line":55,"column":28}},"22":{"start":{"line":56,"column":8},"end":{"line":56,"column":18}},"23":{"start":{"line":60,"column":2},"end":{"line":68,"column":4}},"24":{"start":{"line":36,"column":0},"end":{"line":36,"column":24}}},"fnMap":{"0":{"name":"formatDistance","decl":{"start":{"line":15,"column":9},"end":{"line":15,"column":23}},"loc":{"start":{"line":15,"column":33},"end":{"line":17,"column":1}}},"1":{"name":"formatDuration","decl":{"start":{"line":19,"column":9},"end":{"line":19,"column":23}},"loc":{"start":{"line":19,"column":35},"end":{"line":26,"column":1}}},"2":{"name":"RouteBadge","decl":{"start":{"line":36,"column":24},"end":{"line":36,"column":34}},"loc":{"start":{"line":36,"column":62},"end":{"line":69,"column":1}}},"3":{"name":"(anonymous_4)","decl":{"start":{"line":48,"column":15},"end":{"line":48,"column":16}},"loc":{"start":{"line":48,"column":24},"end":{"line":51,"column":3}}},"4":{"name":"(anonymous_5)","decl":{"start":{"line":54,"column":6},"end":{"line":54,"column":7}},"loc":{"start":{"line":54,"column":30},"end":{"line":57,"column":7}}}},"branchMap":{"0":{"loc":{"start":{"line":16,"column":9},"end":{"line":16,"column":61}},"type":"cond-expr","locations":[{"start":{"line":16,"column":21},"end":{"line":16,"column":50}},{"start":{"line":16,"column":53},"end":{"line":16,"column":61}}]},"1":{"loc":{"start":{"line":20,"column":2},"end":{"line":24,"column":null}},"type":"if","locations":[{"start":{"line":20,"column":2},"end":{"line":24,"column":null}}]},"2":{"loc":{"start":{"line":23,"column":11},"end":{"line":23,"column":42}},"type":"cond-expr","locations":[{"start":{"line":23,"column":19},"end":{"line":23,"column":32}},{"start":{"line":23,"column":35},"end":{"line":23,"column":42}}]},"3":{"loc":{"start":{"line":39,"column":7},"end":{"line":39,"column":66}},"type":"binary-expr","locations":[{"start":{"line":39,"column":7},"end":{"line":39,"column":44}},{"start":{"line":39,"column":48},"end":{"line":39,"column":66}}]},"4":{"loc":{"start":{"line":42,"column":2},"end":{"line":42,"column":111}},"type":"if","locations":[{"start":{"line":42,"column":2},"end":{"line":42,"column":111}}]},"5":{"loc":{"start":{"line":43,"column":2},"end":{"line":43,"column":111}},"type":"if","locations":[{"start":{"line":43,"column":2},"end":{"line":43,"column":111}}]},"6":{"loc":{"start":{"line":44,"column":2},"end":{"line":44,"column":116}},"type":"if","locations":[{"start":{"line":44,"column":2},"end":{"line":44,"column":116}}]},"7":{"loc":{"start":{"line":44,"column":6},"end":{"line":44,"column":60}},"type":"binary-expr","locations":[{"start":{"line":44,"column":6},"end":{"line":44,"column":39}},{"start":{"line":44,"column":43},"end":{"line":44,"column":60}}]},"8":{"loc":{"start":{"line":49,"column":4},"end":{"line":49,"column":94}},"type":"if","locations":[{"start":{"line":49,"column":4},"end":{"line":49,"column":94}}]},"9":{"loc":{"start":{"line":53,"column":22},"end":{"line":58,"column":15}},"type":"cond-expr","locations":[{"start":{"line":54,"column":6},"end":{"line":57,"column":7}},{"start":{"line":58,"column":6},"end":{"line":58,"column":15}}]},"10":{"loc":{"start":{"line":62,"column":35},"end":{"line":62,"column":79}},"type":"cond-expr","locations":[{"start":{"line":62,"column":45},"end":{"line":62,"column":74}},{"start":{"line":62,"column":77},"end":{"line":62,"column":79}}]}},"s":{"0":0,"1":0,"2":0,"3":0,"4":0,"5":0,"6":0,"7":0,"8":0,"9":0,"10":0,"11":0,"12":0,"13":0,"14":0,"15":0,"16":0,"17":0,"18":0,"19":0,"20":0,"21":0,"22":0,"23":0,"24":0},"f":{"0":0,"1":0,"2":0,"3":0,"4":0},"b":{"0":[0,0],"1":[0],"2":[0,0],"3":[0,0],"4":[0],"5":[0],"6":[0],"7":[0,0],"8":[0],"9":[0,0],"10":[0,0]}}
,"D:\\workspace\\projects\\lifeset\\lacob\\.obsidian\\plugins\\lac-roadmap\\components\\StaticMap.tsx": {"path":"D:\\workspace\\projects\\lifeset\\lacob\\.obsidian\\plugins\\lac-roadmap\\components\\StaticMap.tsx","statementMap":{"0":{"start":{"line":1,"column":0},"end":{"line":1,"column":59}},"1":{"start":{"line":5,"column":0},"end":{"line":5,"column":54}},"2":{"start":{"line":6,"column":0},"end":{"line":6,"column":46}},"3":{"start":{"line":10,"column":12},"end":{"line":10,"column":26}},"4":{"start":{"line":11,"column":12},"end":{"line":11,"column":25}},"5":{"start":{"line":12,"column":14},"end":{"line":12,"column":62}},"6":{"start":{"line":13,"column":16},"end":{"line":13,"column":51}},"7":{"start":{"line":14,"column":2},"end":{"line":18,"column":null}},"8":{"start":{"line":15,"column":4},"end":{"line":15,"column":60}},"9":{"start":{"line":16,"column":9},"end":{"line":18,"column":null}},"10":{"start":{"line":17,"column":4},"end":{"line":17,"column":60}},"11":{"start":{"line":19,"column":2},"end":{"line":19,"column":22}},"12":{"start":{"line":36,"column":20},"end":{"line":36,"column":44}},"13":{"start":{"line":37,"column":18},"end":{"line":37,"column":40}},"14":{"start":{"line":38,"column":18},"end":{"line":38,"column":67}},"15":{"start":{"line":39,"column":2},"end":{"line":39,"column":30}},"16":{"start":{"line":39,"column":16},"end":{"line":39,"column":30}},"17":{"start":{"line":40,"column":14},"end":{"line":40,"column":24}},"18":{"start":{"line":41,"column":2},"end":{"line":53,"column":null}},"19":{"start":{"line":42,"column":4},"end":{"line":45,"column":null}},"20":{"start":{"line":43,"column":24},"end":{"line":43,"column":43}},"21":{"start":{"line":44,"column":6},"end":{"line":44,"column":42}},"22":{"start":{"line":44,"column":28},"end":{"line":44,"column":42}},"23":{"start":{"line":46,"column":4},"end":{"line":49,"column":null}},"24":{"start":{"line":47,"column":22},"end":{"line":47,"column":39}},"25":{"start":{"line":48,"column":6},"end":{"line":48,"column":40}},"26":{"start":{"line":48,"column":26},"end":{"line":48,"column":40}},"27":{"start":{"line":50,"column":4},"end":{"line":50,"column":18}},"28":{"start":{"line":52,"column":4},"end":{"line":52,"column":18}},"29":{"start":{"line":61,"column":13},"end":{"line":61,"column":15}},"30":{"start":{"line":68,"column":20},"end":{"line":68,"column":43}},"31":{"start":{"line":69,"column":17},"end":{"line":69,"column":59}},"32":{"start":{"line":69,"column":32},"end":{"line":69,"column":59}},"33":{"start":{"line":70,"column":17},"end":{"line":73,"column":3}},"34":{"start":{"line":71,"column":19},"end":{"line":71,"column":46}},"35":{"start":{"line":72,"column":4},"end":{"line":72,"column":85}},"36":{"start":{"line":74,"column":13},"end":{"line":74,"column":44}},"37":{"start":{"line":75,"column":13},"end":{"line":75,"column":44}},"38":{"start":{"line":76,"column":15},"end":{"line":76,"column":40}},"39":{"start":{"line":77,"column":15},"end":{"line":77,"column":40}},"40":{"start":{"line":79,"column":2},"end":{"line":83,"column":4}},"41":{"start":{"line":92,"column":30},"end":{"line":92,"column":50}},"42":{"start":{"line":93,"column":34},"end":{"line":93,"column":49}},"43":{"start":{"line":94,"column":46},"end":{"line":94,"column":61}},"44":{"start":{"line":95,"column":38},"end":{"line":95,"column":49}},"45":{"start":{"line":96,"column":32},"end":{"line":96,"column":64}},"46":{"start":{"line":97,"column":26},"end":{"line":97,"column":76}},"47":{"start":{"line":99,"column":2},"end":{"line":209,"column":26}},"48":{"start":{"line":100,"column":27},"end":{"line":206,"column":5}},"49":{"start":{"line":101,"column":24},"end":{"line":101,"column":92}},"50":{"start":{"line":102,"column":23},"end":{"line":102,"column":43}},"51":{"start":{"line":109,"column":38},"end":{"line":109,"column":40}},"52":{"start":{"line":111,"column":26},"end":{"line":111,"column":76}},"53":{"start":{"line":112,"column":6},"end":{"line":115,"column":null}},"54":{"start":{"line":113,"column":29},"end":{"line":113,"column":66}},"55":{"start":{"line":114,"column":8},"end":{"line":114,"column":55}},"56":{"start":{"line":117,"column":21},"end":{"line":117,"column":61}},"57":{"start":{"line":118,"column":6},"end":{"line":124,"column":null}},"58":{"start":{"line":119,"column":20},"end":{"line":119,"column":68}},"59":{"start":{"line":120,"column":8},"end":{"line":123,"column":null}},"60":{"start":{"line":121,"column":31},"end":{"line":121,"column":60}},"61":{"start":{"line":122,"column":10},"end":{"line":122,"column":86}},"62":{"start":{"line":126,"column":6},"end":{"line":126,"column":35}},"63":{"start":{"line":128,"column":6},"end":{"line":133,"column":null}},"64":{"start":{"line":129,"column":8},"end":{"line":129,"column":33}},"65":{"start":{"line":130,"column":8},"end":{"line":130,"column":26}},"66":{"start":{"line":131,"column":8},"end":{"line":131,"column":23}},"67":{"start":{"line":132,"column":8},"end":{"line":132,"column":15}},"68":{"start":{"line":135,"column":24},"end":{"line":135,"column":53}},"69":{"start":{"line":136,"column":23},"end":{"line":136,"column":54}},"70":{"start":{"line":137,"column":6},"end":{"line":141,"column":null}},"71":{"start":{"line":138,"column":8},"end":{"line":138,"column":32}},"72":{"start":{"line":139,"column":8},"end":{"line":139,"column":26}},"73":{"start":{"line":140,"column":8},"end":{"line":140,"column":15}},"74":{"start":{"line":142,"column":6},"end":{"line":146,"column":null}},"75":{"start":{"line":143,"column":8},"end":{"line":143,"column":32}},"76":{"start":{"line":144,"column":8},"end":{"line":144,"column":26}},"77":{"start":{"line":145,"column":8},"end":{"line":145,"column":15}},"78":{"start":{"line":148,"column":6},"end":{"line":205,"column":null}},"79":{"start":{"line":149,"column":23},"end":{"line":149,"column":84}},"80":{"start":{"line":149,"column":51},"end":{"line":149,"column":60}},"81":{"start":{"line":150,"column":23},"end":{"line":150,"column":84}},"82":{"start":{"line":150,"column":51},"end":{"line":150,"column":60}},"83":{"start":{"line":164,"column":25},"end":{"line":164,"column":28}},"84":{"start":{"line":166,"column":8},"end":{"line":184,"column":null}},"85":{"start":{"line":168,"column":25},"end":{"line":173,"column":12}},"86":{"start":{"line":174,"column":10},"end":{"line":174,"column":82}},"87":{"start":{"line":176,"column":25},"end":{"line":182,"column":12}},"88":{"start":{"line":183,"column":10},"end":{"line":183,"column":91}},"89
[...]
start":{"line":30,"column":12},"end":{"line":30,"column":50}},"16":{"start":{"line":31,"column":13},"end":{"line":31,"column":46}},"17":{"start":{"line":32,"column":2},"end":{"line":32,"column":27}},"18":{"start":{"line":28,"column":0},"end":{"line":28,"column":16}},"19":{"start":{"line":41,"column":2},"end":{"line":41,"column":22}},"20":{"start":{"line":41,"column":10},"end":{"line":41,"column":22}},"21":{"start":{"line":42,"column":14},"end":{"line":42,"column":22}},"22":{"start":{"line":44,"column":12},"end":{"line":44,"column":102}},"23":{"start":{"line":45,"column":2},"end":{"line":54,"column":null}},"24":{"start":{"line":46,"column":14},"end":{"line":46,"column":26}},"25":{"start":{"line":47,"column":15},"end":{"line":47,"column":58}},"26":{"start":{"line":48,"column":15},"end":{"line":48,"column":54}},"27":{"start":{"line":49,"column":15},"end":{"line":49,"column":38}},"28":{"start":{"line":50,"column":15},"end":{"line":50,"column":38}},"29":{"start":{"line":51,"column":15},"end":{"line":51,"column":38}},"30":{"start":{"line":52,"column":14},"end":{"line":52,"column":45}},"31":{"start":{"line":53,"column":4},"end":{"line":53,"column":38}},"32":{"start":{"line":53,"column":29},"end":{"line":53,"column":38}},"33":{"start":{"line":56,"column":12},"end":{"line":56,"column":15}},"34":{"start":{"line":57,"column":2},"end":{"line":57,"column":83}},"35":{"start":{"line":57,"column":55},"end":{"line":57,"column":83}},"36":{"start":{"line":58,"column":12},"end":{"line":58,"column":25}},"37":{"start":{"line":59,"column":2},"end":{"line":59,"column":36}},"38":{"start":{"line":59,"column":27},"end":{"line":59,"column":36}},"39":{"start":{"line":60,"column":2},"end":{"line":60,"column":14}},"40":{"start":{"line":40,"column":0},"end":{"line":40,"column":16}},"41":{"start":{"line":65,"column":2},"end":{"line":65,"column":39}},"42":{"start":{"line":64,"column":0},"end":{"line":64,"column":16}},"43":{"start":{"line":72,"column":18},"end":{"line":72,"column":30}},"44":{"start":{"line":73,"column":18},"end":{"line":73,"column":30}},"45":{"start":{"line":74,"column":2},"end":{"line":74,"column":52}},"46":{"start":{"line":74,"column":26},"end":{"line":74,"column":52}},"47":{"start":{"line":75,"column":2},"end":{"line":79,"column":null}},"48":{"start":{"line":76,"column":15},"end":{"line":76,"column":55}},"49":{"start":{"line":77,"column":15},"end":{"line":77,"column":55}},"50":{"start":{"line":78,"column":4},"end":{"line":78,"column":19}},"51":{"start":{"line":80,"column":2},"end":{"line":80,"column":26}},"52":{"start":{"line":71,"column":0},"end":{"line":71,"column":16}}},"fnMap":{"0":{"name":"startOfDay","decl":{"start":{"line":5,"column":16},"end":{"line":5,"column":26}},"loc":{"start":{"line":5,"column":34},"end":{"line":9,"column":1}}},"1":{"name":"startOfWeekMonday","decl":{"start":{"line":12,"column":16},"end":{"line":12,"column":33}},"loc":{"start":{"line":12,"column":41},"end":{"line":18,"column":1}}},"2":{"name":"endOfWeekSunday","decl":{"start":{"line":21,"column":16},"end":{"line":21,"column":31}},"loc":{"start":{"line":21,"column":39},"end":{"line":25,"column":1}}},"3":{"name":"formatYMD","decl":{"start":{"line":28,"column":16},"end":{"line":28,"column":25}},"loc":{"start":{"line":28,"column":33},"end":{"line":33,"column":1}}},"4":{"name":"parseDateOrNull","decl":{"start":{"line":40,"column":16},"end":{"line":40,"column":31}},"loc":{"start":{"line":40,"column":42},"end":{"line":61,"column":1}}},"5":{"name":"isDateKey","decl":{"start":{"line":64,"column":16},"end":{"line":64,"column":25}},"loc":{"start":{"line":64,"column":35},"end":{"line":66,"column":1}}},"6":{"name":"compareGroupKey","decl":{"start":{"line":71,"column":16},"end":{"line":71,"column":31}},"loc":{"start":{"line":71,"column":52},"end":{"line":81,"column":1}}}},"branchMap":{"0":{"loc":{"start":{"line":41,"column":2},"end":{"line":41,"column":22}},"type":"if","locations":[{"start":{"line":41,"column":2},"end":{"line":41,"column":22}}]},"1":{"loc":{"start":{"line":45,"column":2},"end":{"line":54,"column":null}},"type":"if","locations":[{"start":{"line":45,"column":2},"end":{"line":54,"column":null}}]},"2":{"loc":{"start":{"line":49,"column":15},"end":{"line":49,"column":38}},"type":"cond-expr","locations":[{"start":{"line":49,"column":22},"end":{"line":49,"column":34}},{"start":{"line":49,"column":37},"end":{"line":49,"column":38}}]},"3":{"loc":{"start":{"line":50,"column":15},"end":{"line":50,"column":38}},"type":"cond-expr","locations":[{"start":{"line":50,"column":22},"end":{"line":50,"column":34}},{"start":{"line":50,"column":37},"end":{"line":50,"column":38}}]},"4":{"loc":{"start":{"line":51,"column":15},"end":{"line":51,"column":38}},"type":"cond-expr","locations":[{"start":{"line":51,"column":22},"end":{"line":51,"column":34}},{"start":{"line":51,"column":37},"end":{"line":51,"column":38}}]},"5":{"loc":{"start":{"line":53,"column":4},"end":{"line":53,"column":38}},"type":"if","locations":[{"start":{"line":53,"column":4},"end":{"line":53,"column":38}}]},"6":{"loc":{"start":{"line":57,"column":2},"end":{"line":57,"column":83}},"type":"if","locations":[{"start":{"line":57,"column":2},"end":{"line":57,"column":83}}]},"7":{"loc":{"start":{"line":57,"column":6},"end":{"line":57,"column":53}},"type":"binary-expr","locations":[{"start":{"line":57,"column":6},"end":{"line":57,"column":26}},{"start":{"line":57,"column":30},"end":{"line":57,"column":53}}]},"8":{"loc":{"start":{"line":59,"column":2},"end":{"line":59,"column":36}},"type":"if","locations":[{"start":{"line":59,"column":2},"end":{"line":59,"column":36}}]},"9":{"loc":{"start":{"line":74,"column":2},"end":{"line":74,"column":52}},"type":"if","locations":[{"start":{"line":74,"column":2},"end":{"line":74,"column":52}}]},"10":{"loc":{"start":{"line":74,"column":6},"end":{"line":74,"column":24}},"type":"binary-expr","locations":[{"start":{"line":74,"column":6},"end":{"line":74,"column":13}},{"start":{"line":74,"column":17},"end":{"line":74,"column":24}}]},"11":{"loc":{"start":{"line":75,"column":2},"end":{"line":79,"column":null}},"type":"if","locations":[{"start":{"line":75,"column":2},"end":{"line":79,"column":null}}]},"12":{"loc":{"start":{"line":75,"column":6},"end":{"line":75,"column":26}},"type":"binary-expr","locations":[{"start":{"line":75,"column":6},"end":{"line":75,"column":14}},{"start":{"line":75,"column":18},"end":{"line":75,"column":26}}]},"13":{"loc":{"start":{"line":76,"column":15},"end":{"line":76,"column":55}},"type":"binary-expr","locations":[{"start":{"line":76,"column":15},"end":{"line":76,"column":50}},{"start":{"line":76,"column":54},"end":{"line":76,"column":55}}]},"14":{"loc":{"start":{"line":77,"column":15},"end":{"line":77,"column":55}},"type":"binary-expr","locations":[{"start":{"line":77,"column":15},"end":{"line":77,"column":50}},{"start":{"line":77,"column":54},"end":{"line":77,"column":55}}]},"15":{"loc":{"start":{"line":80,"column":9},"end":{"line":80,"column":25}},"type":"cond-expr","locations":[{"start":{"line":80,"column":19},"end":{"line":80,"column":21}},{"start":{"line":80,"column":24},"end":{"line":80,"column":25}}]}},"s":{"0":10,"1":10,"2":10,"3":5,"4":3,"5":3,"6":3,"7":3,"8":3,"9":5,"10":1,"11":1,"12":1,"13":5,"14":10,"15":10,"16":10,"17":10,"18":5,"19":16,"20":3,"21":13,"22":13,"23":13,"24":11,"25":11,"26":11,"27":11,"28":11,"29":11,"30":11,"31":11,"32":11,"33":2,"34":2,"35":1,"36":2,"37":2,"38":0,"39":2,"40":5,"41":119,"42":5,"43":37,"44":37,"45":37,"46":23,"47":14,"48":5,"49":5,"50":5,"51":9,"52":5},"f":{"0":10,"1":3,"2":1,"3":10,"4":16,"5":119,"6":37},"b":{"0":[3],"1":[11],"2":[7,4],"3":[7,4],"4":[1,10],"5":[11],"6":[1],"7":[2,1],"8":[0],"9":[23],"10":[37,25],"11":[5],"12":[14,12],"13":[5,0],"14":[5,0],"15":[2,7]}}
,"D:\\workspace\\projects\\lifeset\\lacob\\.obsidian\\plugins\\lac-roadmap\\utils\\placeStatus.ts": {"path":"D:\\workspace\\projects\\lifeset\\lacob\\.obsidian\\plugins\\lac-roadmap\\utils\\placeStatus.ts","statementMap":{"0":{"start":{"line":12,"column":20},"end":{"line":12,"column":44}},"1":{"start":{"line":13,"column":18},"end":{"line":13,"column":40}},"2":{"start":{"line":14,"column":18},"end":{"line":14,"column":69}},"3":{"start":{"line":15,"column":2},"end":{"line":15,"column":30}},"4":{"start":{"line":15,"column":16},"end":{"line":15,"column":30}},"5":{"start":{"line":16,"column":14},"end":{"line":16,"column":24}},"6":{"start":{"line":17,"column":2},"end":{"line":29,"column":null}},"7":{"start":{"line":18,"column":4},"end":{"line":21,"column":null}},"8":{"start":{"line":19,"column":24},"end":{"line":19,"column":43}},"9":{"start":{"line":20,"column":6},"end":{"line":20,"column":42}},"10":{"start":{"line":20,"column":28},"end":{"line":20,"column":42}},"11":{"start":{"line":22,"column":4},"end":{"line":25,"column":null}},"12":{"start":{"line":23,"column":22},"end":{"line":23,"column":39}},"13":{"start":{"line":24,"column":6},"end":{"line":24,"column":40}},"14":{"start":{"line":24,"column":26},"end":{"line":24,"column":40}},"15":{"start":{"line":26,"column":4},"end":{"line":26,"column":18}},"16":{"start":{"line":28,"column":4},"end":{"line":28,"column":18}},"17":{"start":{"line":11,"column":0},"end":{"line":11,"column":16}}},"fnMap":{"0":{"name":"getPlaceStatus","decl":{"start":{"line":11,"column":16},"end":{"line":11,"column":30}},"loc":{"start":{"line":11,"column":43},"end":{"line":30,"column":1}}}},"branchMap":{"0":{"loc":{"start":{"line":12,"column":20},"end":{"line":12,"column":44}},"type":"cond-expr","locations":[{"start":{"line":12,"column":32},"end":{"line":12,"column":34}},{"start":{"line":12,"column":32},"end":{"line":12,"column":44}}]},"1":{"loc":{"start":{"line":12,"column":20},"end":{"line":12,"column":34}},"type":"binary-expr","locations":[{"start":{"line":12,"column":20},"end":{"line":12,"column":34}},{"start":{"line":12,"column":32},"end":{"line":12,"column":34}}]},"2":{"loc":{"start":{"line":13,"column":18},"end":{"line":13,"column":40}},"type":"cond-expr","locations":[{"start":{"line":13,"column":30},"end":{"line":13,"column":32}},{"start":{"line":13,"column":30},"end":{"line":13,"column":40}}]},"3":{"loc":{"start":{"line":13,"column":18},"end":{"line":13,"column":32}},"type":"binary-expr","locations":[{"start":{"line":13,"column":18},"end":{"line":13,"column":32}},{"start":{"line":13,"column":30},"end":{"line":13,"column":32}}]},"4":{"loc":{"start":{"line":14,"column":18},"end":{"line":14,"column":69}},"type":"binary-expr","locations":[{"start":{"line":14,"column":18},"end":{"line":14,"column":29}},{"start":{"line":14,"column":33},"end":{"line":14,"column":69}}]},"5":{"loc":{"start":{"line":15,"column":2},"end":{"line":15,"column":30}},"type":"if","locations":[{"start":{"line":15,"column":2},"end":{"line":15,"column":30}}]},"6":{"loc":{"start":{"line":18,"column":4},"end":{"line":21,"column":null}},"type":"if","locations":[{"start":{"line":18,"column":4},"end":{"line":21,"column":null}}]},"7":{"loc":{"start":{"line":20,"column":6},"end":{"line":20,"column":42}},"type":"if","locations":[{"start":{"line":20,"column":6},"end":{"line":20,"column":42}}]},"8":{"loc":{"start":{"line":22,"column":4},"end":{"line":25,"column":null}},"type":"if","locations":[{"start":{"line":22,"column":4},"end":{"line":25,"column":null}}]},"9":{"loc":{"start":{"line":24,"column":6},"end":{"line":24,"column":40}},"type":"if","locations":[{"start":{"line":24,"column":6},"end":{"line":24,"column":40}}]}},"s":{"0":10,"1":10,"2":10,"3":10,"4":3,"5":7,"6":7,"7":7,"8":7,"9":7,"10":4,"11":3,"12":2,"13":2,"14":1,"15":2,"16":0,"17":2},"f":{"0":10},"b":{"0":[1,9],"1":[10,10],"2":[1,9],"3":[10,10],"4":[10,8],"5":[3],"6":[7],"7":[4],"8":[2],"9":[1]}}
,"D:\\workspace\\projects\\lifeset\\lacob\\.obsidian\\plugins\\lac-roadmap\\utils\\timeValidation.ts": {"path":"D:\\workspace\\projects\\lifeset\\lacob\\.obsidian\\plugins\\lac-roadmap\\utils\\timeValidation.ts","statementMap":{"0":{"start":{"line":5,"column":2},"end":{"line":5,"column":53}},"1":{"start":{"line":5,"column":41},"end":{"line":5,"column":53}},"2":{"start":{"line":14,"column":19},"end":{"line":20,"column":4}},"3":{"start":{"line":22,"column":2},"end":{"line":22,"column":64}},"4":{"start":{"line":22,"column":34},"end":{"line":22,"column":62}},"5":{"start":{"line":4,"column":0},"end":{"line":4,"column":16}},"6":{"start":{"line":27,"column":2},"end":{"line":29,"column":null}},"7":{"start":{"line":28,"column":4},"end":{"line":28,"column":27}},"8":{"start":{"line":32,"column":23},"end":{"line":32,"column":59}},"9":{"start":{"line":33,"column":21},"end":{"line":33,"column":55}},"10":{"start":{"line":36,"column":2},"end":{"line":38,"column":null}},"11":{"start":{"line":37,"column":4},"end":{"line":37,"column":61}},"12":{"start":{"line":41,"column":2},"end":{"line":52,"column":null}},"13":{"start":{"line":42,"column":26},"end":{"line":42,"column":45}},"14":{"start":{"line":43,"column":24},"end":{"line":43,"column":41}},"15":{"start":{"line":45,"column":4},"end":{"line":47,"column":null}},"16":{"start":{"line":46,"column":6},"end":{"line":46,"column":47}},"17":{"start":{"line":49,"column":4},"end":{"line":51,"column":null}},"18":{"start":{"line":50,"column":6},"end":{"line":50,"column":53}},"19":{"start":{"line":54,"column":2},"end":{"line":54,"column":25}},"20":{"start":{"line":26,"column":0},"end":{"line":26,"column":16}},"21":{"start":{"line":59,"column":2},"end":{"line":59,"column":28}},"22":{"start":{"line":59,"column":16},"end":{"line":59,"column":28}},"23":{"start":{"line":61,"column":16},"end":{"line":61,"column":53}},"24":{"start":{"line":62,"column":2},"end":{"line":62,"column":33}},"25":{"start":{"line":58,"column":0},"end":{"line":58,"column":16}},"26":{"start":{"line":67,"column":2},"end":{"line":67,"column":32}},"27":{"start":{"line":67,"column":20},"end":{"line":67,"column":32}},"28":{"start":{"line":70,"column":16},"end":{"line":70,"column":60}},"29":{"start":{"line":71,"column":2},"end":{"line":75,"column":null}},"30":{"start":{"line":72,"column":20},"end":{"line":72,"column":28}},"31":{"start":{"line":74,"column":4},"end":{"line":74,"column":19}},"32":{"start":{"line":76,"column":2},"end":{"line":76,"column":14}},"33":{"start":{"line":66,"column":0},"end":{"line":66,"column":16}}},"fnMap":{"0":{"name":"validateTimeFormat","decl":{"start":{"line":4,"column":16},"end":{"line":4,"column":34}},"loc":{"start":{"line":4,"column":50},"end":{"line":23,"column":1}}},"1":{"name":"(anonymous_1)","decl":{"start":{"line":22,"column":23},"end":{"line":22,"column":30}},"loc":{"start":{"line":22,"column":34},"end":{"line":22,"column":62}}},"2":{"name":"validateTimeRange","decl":{"start":{"line":26,"column":16},"end":{"line":26,"column":33}},"loc":{"start":{"line":26,"column":68},"end":{"line":55,"column":1}}},"3":{"name":"extractDateFromTime","decl":{"start":{"line":58,"column":16},"end":{"line":58,"column":35}},"loc":{"start":{"line":58,"column":51},"end":{"line":63,"column":1}}},"4":{"name":"extractTimeFromDateTime","decl":{"start":{"line":66,"column":16},"end":{"line":66,"column":39}},"loc":{"start":{"line":66,"column":59},"end":{"line":77,"column":1}}}},"branchMap":{"0":{"loc":{"start":{"line":5,"column":2},"end":{"line":5,"column":53}},"type":"if","locations":[{"start":{"line":5,"column":2},"end":{"line":5,"column":53}}]},"1":{"loc":{"start":{"line":5,"column":6},"end":{"line":5,"column":39}},"type":"binary-expr","locations":[{"start":{"line":5,"column":6},"end":{"line":5,"column":14}},{"start":{"line":5,"column":18},"end":{"line":5,"column":39}}]},"2":{"loc":{"start":{"line":27,"column":2},"end":{"line":29,"column":null}},"type":"if","locations":[{"start":{"line":27,"column":2},"end":{"line":29,"column":null}}]},"3":{"loc":{"start":{"line":27,"column":6},"end":{"line":27,"column":28}},"type":"binary-expr","locations":[{"start":{"line":27,"column":6},"end":{"line":27,"column":16}},{"start":{"line":27,"column":20},"end":{"line":27,"column":28}}]},"4":{"loc":{"start":{"line":36,"column":2},"end":{"line":38,"column":null}},"type":"if","locations":[{"start":{"line":36,"column":2},"end":{"line":38,"column":null}}]},"5":{"loc":{"start":{"line":36,"column":6},"end":{"line":36,"column":33}},"type":"binary-expr","locations":[{"start":{"line":36,"column":6},"end":{"line":36,"column":19}},{"start":{"line":36,"column":23},"end":{"line":36,"column":33}}]},"6":{"loc":{"start":{"line":41,"column":2},"end":{"line":52,"column":null}},"type":"if","locations":[{"start":{"line":41,"column":2},"end":{"line":52,"column":null}}]},"7":{"loc":{"start":{"line":41,"column":6},"end":{"line":41,"column":32}},"type":"binary-expr","locations":[{"start":{"line":41,"column":6},"end":{"line":41,"column":18}},{"start":{"line":41,"column":22},"end":{"line":41,"column":32}}]},"8":{"loc":{"start":{"line":45,"column":4},"end":{"line":47,"column":null}},"type":"if","locations":[{"start":{"line":45,"column":4},"end":{"line":47,"column":null}}]},"9":{"loc":{"start":{"line":45,"column":8},"end":{"line":45,"column":70}},"type":"binary-expr","locations":[{"start":{"line":45,"column":8},"end":{"line":45,"column":38}},{"start":{"line":45,"column":42},"end":{"line":45,"column":70}}]},"10":{"loc":{"start":{"line":49,"column":4},"end":{"line":51,"column":null}},"type":"if","locations":[{"start":{"line":49,"column":4},"end":{"line":51,"column":null}}]},"11":{"loc":{"start":{"line":59,"column":2},"end":{"line":59,"column":28}},"type":"if","locations":[{"start":{"line":59,"column":2},"end":{"line":59,"column":28}}]},"12":{"loc":{"start":{"line":62,"column":9},"end":{"line":62,"column":32}},"type":"cond-expr","locations":[{"start":{"line":62,"column":17},"end":{"line":62,"column":25}},{"start":{"line":62,"column":28},"end":{"line":62,"column":32}}]},"13":{"loc":{"start":{"line":67,"column":2},"end":{"line":67,"column":32}},"type":"if","locations":[{"start":{"line":67,"column":2},"end":{"line":67,"column":32}}]},"14":{"loc":{"start":{"line":71,"column":2},"end":{"line":75,"column":null}},"type":"if","locations":[{"start":{"line":71,"column":2},"end":{"line":75,"column":null}}]}},"s":{"0":15,"1":2,"2":13,"3":13,"4":53,"5":1,"6":10,"7":3,"8":7,"9":7,"10":7,"11":1,"12":6,"13":5,"14":5,"15":5,"16":1,"17":4,"18":2,"19":3,"20":1,"21":7,"22":2,"23":5,"24":5,"25":1,"26":5,"27":1,"28":4,"29":4,"30":3,"31":3,"32":1,"33":1},"f":{"0":15,"1":53,"2":10,"3":7,"4":5},"b":{"0":[2],"1":[15,14],"2":[3],"3":[10,8],"4":[1],"5":[7,2],"6":[5],"7":[6,5],"8":[1],"9":[5,4],"10":[2],"11":[2],"12":[3,2],"13":[1],"14":[3]}}
,"D:\\workspace\\projects\\lifeset\\lacob\\.obsidian\\plugins\\lac-roadmap\\utils\\typeGuards.ts": {"path":"D:\\workspace\\projects\\lifeset\\lacob\\.obsidian\\plugins\\lac-roadmap\\utils\\typeGuards.ts","statementMap":{"0":{"start":{"line":5,"column":2},"end":{"line":5,"column":62}},"1":{"start":{"line":4,"column":0},"end":{"line":4,"column":16}},"2":{"start":{"line":10,"column":2},"end":{"line":10,"column":89}},"3":{"start":{"line":9,"column":0},"end":{"line":9,"column":16}}},"fnMap":{"0":{"name":"isPlace","decl":{"start":{"line":4,"column":16},"end":{"line":4,"column":23}},"loc":{"start":{"line":4,"column":69},"end":{"line":6,"column":1}}},"1":{"name":"isRouteSegment","decl":{"start":{"line":9,"column":16},"end":{"line":9,"column":30}},"loc":{"start":{"line":9,"column":76},"end":{"line":11,"column":1}}}},"branchMap":{"0":{"loc":{"start":{"line":5,"column":9},"end":{"line":5,"column":61}},"type":"binary-expr","locations":[{"start":{"line":5,"column":9},"end":{"line":5,"column":15}},{"start":{"line":5,"column":19},"end":{"line":5,"column":43}},{"start":{"line":5,"column":47},"end":{"line":5,"column":61}}]},"1":{"loc":{"start":{"line":10,"column":9},"end":{"line":10,"column":88}},"type":"binary-expr","locations":[{"start":{"line":10,"column":9},"end":{"line":10,"column":15}},{"start":{"line":10,"column":19},"end":{"line":10,"column":43}},{"start":{"line":10,"column":47},"end":{"line":10,"column":64}},{"start":{"line":10,"column":68},"end":{"line":10,"column":88}}]}},"s":{"0":438,"1":9,"2":123,"3":9},"f":{"0":438,"1":123},"b":{"0":[438,436,434],"1":[123,89,89,67]}}
}
