TN:
SF:components\CardCalendar.tsx
FN:6,buildDailyCounts
FN:19,CardCalendar
FN:24,(anonymous_8)
FN:26,(anonymous_9)
FN:33,(anonymous_10)
FN:41,(anonymous_11)
FN:44,(anonymous_12)
FN:45,(anonymous_13)
FN:51,(anonymous_14)
FN:109,(anonymous_15)
FNF:10
FNH:1
FNDA:5,buildDailyCounts
FNDA:0,CardCalendar
FNDA:0,(anonymous_8)
FNDA:0,(anonymous_9)
FNDA:0,(anonymous_10)
FNDA:0,(anonymous_11)
FNDA:0,(anonymous_12)
FNDA:0,(anonymous_13)
FNDA:0,(anonymous_14)
FNDA:0,(anonymous_15)
DA:1,1
DA:3,1
DA:4,1
DA:6,1
DA:7,5
DA:8,5
DA:9,5
DA:10,7
DA:11,7
DA:12,7
DA:13,5
DA:14,5
DA:16,5
DA:19,1
DA:20,0
DA:21,0
DA:22,0
DA:24,0
DA:25,0
DA:26,0
DA:27,0
DA:28,0
DA:29,0
DA:30,0
DA:31,0
DA:33,0
DA:34,0
DA:35,0
DA:36,0
DA:37,0
DA:38,0
DA:39,0
DA:41,0
DA:44,0
DA:45,0
DA:51,0
DA:52,0
DA:53,0
DA:54,0
DA:55,0
DA:56,0
DA:57,0
DA:60,0
DA:61,0
DA:62,0
DA:64,0
DA:65,0
DA:67,0
DA:68,0
DA:69,0
DA:70,0
DA:71,0
DA:72,0
DA:73,0
DA:74,0
DA:75,0
DA:77,0
DA:79,0
DA:80,0
DA:81,0
DA:83,0
DA:84,0
DA:85,0
DA:86,0
DA:87,0
DA:88,0
DA:89,0
DA:91,0
DA:93,0
DA:94,0
DA:95,0
DA:97,0
DA:100,0
DA:102,0
DA:105,0
DA:110,0
LF:76
LH:14
BRDA:8,0,0,5
BRDA:8,0,1,0
BRDA:10,1,0,7
BRDA:10,1,1,2
BRDA:10,2,0,0
BRDA:10,2,1,7
BRDA:10,3,0,7
BRDA:10,3,1,7
BRDA:10,4,0,0
BRDA:10,4,1,2
BRDA:10,5,0,2
BRDA:10,5,1,2
BRDA:12,6,0,2
BRDA:14,7,0,5
BRDA:14,7,1,4
BRDA:25,8,0,0
BRDA:30,9,0,0
BRDA:30,10,0,0
BRDA:30,10,1,0
BRDA:31,11,0,0
BRDA:31,12,0,0
BRDA:31,12,1,0
BRDA:34,13,0,0
BRDA:38,14,0,0
BRDA:39,15,0,0
BRDA:52,16,0,0
BRDA:53,17,0,0
BRDA:54,18,0,0
BRDA:55,19,0,0
BRDA:56,20,0,0
BRDA:61,21,0,0
BRDA:61,21,1,0
BRDA:61,22,0,0
BRDA:61,22,1,0
BRDA:61,23,0,0
BRDA:61,23,1,0
BRDA:67,24,0,0
BRDA:67,24,1,0
BRDA:71,25,0,0
BRDA:71,25,1,0
BRDA:71,26,0,0
BRDA:71,26,1,0
BRDA:71,27,0,0
BRDA:71,27,1,0
BRDA:71,28,0,0
BRDA:71,28,1,0
BRDA:71,29,0,0
BRDA:71,29,1,0
BRDA:72,30,0,0
BRDA:72,30,1,0
BRDA:72,31,0,0
BRDA:72,31,1,0
BRDA:72,32,0,0
BRDA:72,32,1,0
BRDA:73,33,0,0
BRDA:73,33,1,0
BRDA:73,33,2,0
BRDA:73,33,3,0
BRDA:80,34,0,0
BRDA:80,34,1,0
BRDA:80,35,0,0
BRDA:80,35,1,0
BRDA:81,36,0,0
BRDA:81,36,1,0
BRDA:81,37,0,0
BRDA:81,37,1,0
BRDA:91,38,0,0
BRDA:91,38,1,0
BRDA:93,39,0,0
BRDA:93,39,1,0
BRDA:95,40,0,0
BRDA:95,40,1,0
BRDA:107,41,0,0
BRDA:107,41,1,0
BRF:74
BRH:12
end_of_record
TN:
SF:components\DatePicker.tsx
FN:23,parseISO
FN:32,pad2
FN:34,iso
FN:39,firstWeekdayMondayIndex
FN:44,DatePicker
FN:51,(anonymous_11)
FN:57,(anonymous_12)
FN:63,(anonymous_13)
FN:64,(anonymous_14)
FN:66,(anonymous_15)
FN:84,(anonymous_16)
FN:92,(anonymous_17)
FN:102,(anonymous_18)
FN:114,(anonymous_19)
FN:123,(anonymous_20)
FN:132,(anonymous_21)
FN:144,(anonymous_22)
FN:149,(anonymous_23)
FN:159,(anonymous_24)
FN:169,(anonymous_25)
FN:185,(anonymous_26)
FNF:21
FNH:0
FNDA:0,parseISO
FNDA:0,pad2
FNDA:0,iso
FNDA:0,firstWeekdayMondayIndex
FNDA:0,DatePicker
FNDA:0,(anonymous_11)
FNDA:0,(anonymous_12)
FNDA:0,(anonymous_13)
FNDA:0,(anonymous_14)
FNDA:0,(anonymous_15)
FNDA:0,(anonymous_16)
FNDA:0,(anonymous_17)
FNDA:0,(anonymous_18)
FNDA:0,(anonymous_19)
FNDA:0,(anonymous_20)
FNDA:0,(anonymous_21)
FNDA:0,(anonymous_22)
FNDA:0,(anonymous_23)
FNDA:0,(anonymous_24)
FNDA:0,(anonymous_25)
FNDA:0,(anonymous_26)
DA:1,0
DA:16,0
DA:17,0
DA:21,0
DA:24,0
DA:25,0
DA:26,0
DA:28,0
DA:29,0
DA:32,0
DA:35,0
DA:40,0
DA:41,0
DA:44,0
DA:45,0
DA:46,0
DA:47,0
DA:48,0
DA:51,0
DA:52,0
DA:53,0
DA:54,0
DA:57,0
DA:58,0
DA:59,0
DA:63,0
DA:64,0
DA:66,0
DA:67,0
DA:69,0
DA:70,0
DA:71,0
DA:73,0
DA:74,0
DA:77,0
DA:78,0
DA:79,0
DA:81,0
DA:84,0
DA:85,0
DA:86,0
DA:87,0
DA:88,0
DA:89,0
DA:92,0
DA:93,0
DA:102,0
DA:103,0
DA:104,0
DA:105,0
DA:106,0
DA:107,0
DA:109,0
DA:112,0
DA:114,0
DA:117,0
DA:118,0
DA:120,0
DA:128,0
DA:129,0
DA:132,0
DA:144,0
DA:149,0
DA:160,0
DA:170,0
DA:171,0
DA:173,0
DA:174,0
DA:175,0
DA:176,0
DA:178,0
DA:180,0
DA:185,0
LF:73
LH:0
BRDA:24,0,0,0
BRDA:24,1,0,0
BRDA:24,1,1,0
BRDA:52,2,0,0
BRDA:87,3,0,0
BRDA:88,4,0,0
BRDA:103,5,0,0
BRDA:107,6,0,0
BRDA:107,7,0,0
BRDA:107,7,1,0
BRDA:112,8,0,0
BRDA:129,9,0,0
BRDA:137,10,0,0
BRDA:137,10,1,0
BRDA:162,11,0,0
BRDA:162,11,1,0
BRDA:170,12,0,0
BRDA:174,13,0,0
BRDA:174,13,1,0
BRDA:174,13,2,0
BRDA:176,14,0,0
BRDA:176,14,1,0
BRDA:176,15,0,0
BRDA:176,15,1,0
BRDA:178,16,0,0
BRDA:178,16,1,0
BRDA:178,17,0,0
BRDA:178,17,1,0
BRDA:184,18,0,0
BRDA:184,18,1,0
BRDA:184,19,0,0
BRDA:184,19,1,0
BRDA:188,20,0,0
BRDA:188,20,1,0
BRF:34
BRH:0
end_of_record
TN:
SF:components\PlaceStaticMap.tsx
FN:31,toTarget
FN:49,lngToWorldX
FN:52,latToWorldY
FN:63,PlaceStaticMap
FN:92,(anonymous_5)
FN:102,(anonymous_6)
FN:103,(anonymous_7)
FN:163,(anonymous_8)
FN:173,(anonymous_9)
FN:195,(anonymous_10)
FNF:10
FNH:0
FNDA:0,toTarget
FNDA:0,lngToWorldX
FNDA:0,latToWorldY
FNDA:0,PlaceStaticMap
FNDA:0,(anonymous_5)
FNDA:0,(anonymous_6)
FNDA:0,(anonymous_7)
FNDA:0,(anonymous_8)
FNDA:0,(anonymous_9)
FNDA:0,(anonymous_10)
DA:1,0
DA:3,0
DA:32,0
DA:33,0
DA:34,0
DA:35,0
DA:36,0
DA:37,0
DA:38,0
DA:41,0
DA:47,0
DA:50,0
DA:53,0
DA:54,0
DA:63,0
DA:72,0
DA:73,0
DA:74,0
DA:75,0
DA:76,0
DA:77,0
DA:83,0
DA:84,0
DA:92,0
DA:101,0
DA:102,0
DA:103,0
DA:104,0
DA:105,0
DA:106,0
DA:107,0
DA:108,0
DA:109,0
DA:114,0
DA:115,0
DA:116,0
DA:117,0
DA:118,0
DA:119,0
DA:122,0
DA:123,0
DA:124,0
DA:125,0
DA:130,0
DA:131,0
DA:132,0
DA:139,0
DA:141,0
DA:149,0
DA:152,0
DA:153,0
DA:161,0
DA:162,0
DA:163,0
DA:164,0
DA:165,0
DA:166,0
DA:173,0
DA:175,0
DA:196,0
DA:201,0
LF:61
LH:0
BRDA:32,0,0,0
BRDA:32,0,1,0
BRDA:33,1,0,0
BRDA:33,1,1,0
BRDA:36,2,0,0
BRDA:36,2,1,0
BRDA:36,3,0,0
BRDA:36,3,1,0
BRDA:37,4,0,0
BRDA:37,5,0,0
BRDA:37,5,1,0
BRDA:70,6,0,0
BRDA:72,7,0,0
BRDA:72,7,1,0
BRDA:72,7,2,0
BRDA:72,8,0,0
BRDA:72,8,1,0
BRDA:72,9,0,0
BRDA:72,9,1,0
BRDA:74,10,0,0
BRDA:74,10,1,0
BRDA:74,11,0,0
BRDA:74,11,1,0
BRDA:75,12,0,0
BRDA:75,12,1,0
BRDA:75,13,0,0
BRDA:75,13,1,0
BRDA:76,14,0,0
BRDA:76,15,0,0
BRDA:76,15,1,0
BRDA:76,15,2,0
BRDA:76,15,3,0
BRDA:83,16,0,0
BRDA:83,17,0,0
BRDA:83,17,1,0
BRDA:101,18,0,0
BRDA:101,18,1,0
BRDA:101,19,0,0
BRDA:101,19,1,0
BRDA:108,20,0,0
BRDA:108,20,1,0
BRDA:108,21,0,0
BRDA:108,21,1,0
BRDA:108,21,2,0
BRDA:117,22,0,0
BRDA:117,22,1,0
BRDA:118,23,0,0
BRDA:118,23,1,0
BRDA:122,24,0,0
BRDA:122,24,1,0
BRDA:122,25,0,0
BRDA:122,25,1,0
BRDA:131,26,0,0
BRDA:131,26,1,0
BRDA:133,27,0,0
BRDA:133,27,1,0
BRDA:144,28,0,0
BRDA:144,28,1,0
BRDA:166,29,0,0
BRDA:166,29,1,0
BRDA:166,29,2,0
BRDA:166,29,3,0
BRDA:184,30,0,0
BRDA:184,30,1,0
BRDA:196,31,0,0
BRF:65
BRH:0
end_of_record
TN:
SF:components\RoadmapStats.tsx
FN:17,formatDistance
FN:23,formatDuration
FN:32,computeDaysFromRoadmap
FN:59,computeRoadmapStats
FN:87,RoadmapStats
FN:88,(anonymous_11)
FN:110,RoadmapSetStats
FN:111,(anonymous_13)
FNF:8
FNH:4
FNDA:8,formatDistance
FNDA:8,formatDuration
FNDA:8,computeDaysFromRoadmap
FNDA:9,computeRoadmapStats
FNDA:0,RoadmapStats
FNDA:0,(anonymous_11)
FNDA:0,RoadmapSetStats
FNDA:0,(anonymous_13)
DA:1,1
DA:3,1
DA:18,8
DA:19,3
DA:20,1
DA:24,8
DA:25,2
DA:26,2
DA:27,2
DA:28,1
DA:29,1
DA:33,8
DA:34,8
DA:35,8
DA:36,2
DA:37,2
DA:38,2
DA:39,2
DA:42,6
DA:43,6
DA:44,6
DA:45,6
DA:46,20
DA:47,14
DA:48,14
DA:49,14
DA:50,13
DA:51,13
DA:53,14
DA:56,6
DA:59,1
DA:60,9
DA:61,1
DA:63,8
DA:64,8
DA:65,8
DA:66,8
DA:67,8
DA:68,20
DA:69,6
DA:70,6
DA:71,6
DA:72,6
DA:73,6
DA:76,8
DA:87,1
DA:88,0
DA:89,0
DA:90,0
DA:110,1
DA:111,0
DA:112,0
DA:113,0
DA:114,0
DA:115,0
DA:116,0
DA:117,0
DA:118,0
DA:119,0
DA:120,0
DA:122,0
DA:123,0
DA:124,0
DA:126,0
DA:128,0
DA:131,0
DA:132,0
LF:67
LH:47
BRDA:18,0,0,5
BRDA:18,1,0,8
BRDA:18,1,1,8
BRDA:19,2,0,2
BRDA:19,3,0,1
BRDA:19,3,1,1
BRDA:24,4,0,6
BRDA:24,5,0,8
BRDA:24,5,1,8
BRDA:27,6,0,1
BRDA:27,7,0,2
BRDA:27,7,1,1
BRDA:28,8,0,0
BRDA:33,9,0,6
BRDA:33,9,1,2
BRDA:33,10,0,8
BRDA:33,10,1,8
BRDA:34,11,0,6
BRDA:34,11,1,2
BRDA:34,12,0,8
BRDA:34,12,1,8
BRDA:35,13,0,2
BRDA:35,14,0,8
BRDA:35,14,1,2
BRDA:39,15,0,2
BRDA:39,16,0,2
BRDA:39,16,1,2
BRDA:46,17,0,14
BRDA:47,18,0,0
BRDA:47,18,1,14
BRDA:47,19,0,14
BRDA:47,19,1,14
BRDA:48,20,0,3
BRDA:48,20,1,11
BRDA:48,21,0,0
BRDA:48,21,1,11
BRDA:48,22,0,11
BRDA:48,22,1,11
BRDA:48,23,0,0
BRDA:48,23,1,11
BRDA:48,24,0,11
BRDA:48,24,1,11
BRDA:49,25,0,13
BRDA:51,26,0,11
BRDA:60,27,0,1
BRDA:68,28,0,14
BRDA:68,28,1,6
BRDA:69,29,0,6
BRDA:71,30,0,6
BRDA:72,31,0,6
BRDA:73,32,0,6
BRDA:118,33,0,0
BRDA:118,33,1,0
BRDA:118,34,0,0
BRDA:118,34,1,0
BRDA:119,35,0,0
BRDA:119,35,1,0
BRDA:119,36,0,0
BRDA:119,36,1,0
BRDA:120,37,0,0
BRDA:120,37,1,0
BRDA:120,38,0,0
BRDA:120,38,1,0
BRDA:122,39,0,0
BRDA:122,39,1,0
BRDA:122,40,0,0
BRDA:122,40,1,0
BRDA:123,41,0,0
BRDA:123,41,1,0
BRDA:123,42,0,0
BRDA:123,42,1,0
BRDA:126,43,0,0
BRF:72
BRH:47
end_of_record
TN:
SF:components\RouteBadge.tsx
FN:15,formatDistance
FN:19,formatDuration
FN:36,RouteBadge
FN:48,(anonymous_4)
FN:54,(anonymous_5)
FNF:5
FNH:0
FNDA:0,formatDistance
FNDA:0,formatDuration
FNDA:0,RouteBadge
FNDA:0,(anonymous_4)
FNDA:0,(anonymous_5)
DA:1,0
DA:7,0
DA:16,0
DA:20,0
DA:21,0
DA:22,0
DA:23,0
DA:25,0
DA:36,0
DA:37,0
DA:42,0
DA:43,0
DA:44,0
DA:47,0
DA:48,0
DA:49,0
DA:50,0
DA:53,0
DA:55,0
DA:56,0
DA:60,0
LF:21
LH:0
BRDA:16,0,0,0
BRDA:16,0,1,0
BRDA:20,1,0,0
BRDA:23,2,0,0
BRDA:23,2,1,0
BRDA:39,3,0,0
BRDA:39,3,1,0
BRDA:42,4,0,0
BRDA:43,5,0,0
BRDA:44,6,0,0
BRDA:44,7,0,0
BRDA:44,7,1,0
BRDA:49,8,0,0
BRDA:53,9,0,0
BRDA:53,9,1,0
BRDA:62,10,0,0
BRDA:62,10,1,0
BRF:17
BRH:0
end_of_record
TN:
SF:components\StaticMap.tsx
FN:9,toTargetCoords
FN:35,statusForPlace
FN:63,latLngToPct
FN:69,(anonymous_9)
FN:70,(anonymous_10)
FN:91,StaticMap
FN:99,(anonymous_12)
FN:100,(anonymous_13)
FN:149,(anonymous_14)
FN:150,(anonymous_15)
FN:211,(anonymous_16)
FN:213,(anonymous_17)
FN:216,(anonymous_18)
FN:238,(anonymous_19)
FN:245,(anonymous_20)
FN:252,(anonymous_21)
FNF:16
FNH:0
FNDA:0,toTargetCoords
FNDA:0,statusForPlace
FNDA:0,latLngToPct
FNDA:0,(anonymous_9)
FNDA:0,(anonymous_10)
FNDA:0,StaticMap
FNDA:0,(anonymous_12)
FNDA:0,(anonymous_13)
FNDA:0,(anonymous_14)
FNDA:0,(anonymous_15)
FNDA:0,(anonymous_16)
FNDA:0,(anonymous_17)
FNDA:0,(anonymous_18)
FNDA:0,(anonymous_19)
FNDA:0,(anonymous_20)
FNDA:0,(anonymous_21)
DA:1,0
DA:5,0
DA:6,0
DA:10,0
DA:11,0
DA:12,0
DA:13,0
DA:14,0
DA:15,0
DA:16,0
DA:17,0
DA:19,0
DA:36,0
DA:37,0
DA:38,0
DA:39,0
DA:40,0
DA:41,0
DA:42,0
DA:43,0
DA:44,0
DA:46,0
DA:47,0
DA:48,0
DA:50,0
DA:52,0
DA:61,0
DA:68,0
DA:69,0
DA:70,0
DA:71,0
DA:72,0
DA:74,0
DA:75,0
DA:76,0
DA:77,0
DA:79,0
DA:91,0
DA:92,0
DA:93,0
DA:94,0
DA:95,0
DA:96,0
DA:97,0
DA:99,0
DA:100,0
DA:101,0
DA:102,0
DA:109,0
DA:111,0
DA:112,0
DA:113,0
DA:114,0
DA:117,0
DA:118,0
DA:119,0
DA:120,0
DA:121,0
DA:122,0
DA:126,0
DA:128,0
DA:129,0
DA:130,0
DA:131,0
DA:132,0
DA:135,0
DA:136,0
DA:137,0
DA:138,0
DA:139,0
DA:140,0
DA:142,0
DA:143,0
DA:144,0
DA:145,0
DA:148,0
DA:149,0
DA:150,0
DA:164,0
DA:166,0
DA:168,0
DA:174,0
DA:176,0
DA:183,0
DA:187,0
DA:188,0
DA:189,0
DA:190,0
DA:191,0
DA:192,0
DA:194,0
DA:197,0
DA:199,0
DA:200,0
DA:202,0
DA:203,0
DA:204,0
DA:208,0
DA:211,0
DA:212,0
DA:213,0
DA:214,0
DA:216,0
DA:217,0
DA:218,0
DA:219,0
DA:224,0
DA:225,0
DA:232,0
DA:239,0
DA:240,0
DA:241,0
DA:243,0
DA:246,0
DA:247,0
DA:248,0
DA:253,0
DA:254,0
DA:255,0
DA:272,0
LF:120
LH:0
BRDA:12,0,0,0
BRDA:12,0,1,0
BRDA:13,1,0,0
BRDA:13,1,1,0
BRDA:14,2,0,0
BRDA:14,2,1,0
BRDA:14,3,0,0
BRDA:14,3,1,0
BRDA:16,4,0,0
BRDA:16,5,0,0
BRDA:16,5,1,0
BRDA:36,6,0,0
BRDA:36,6,1,0
BRDA:36,7,0,0
BRDA:36,7,1,0
BRDA:37,8,0,0
BRDA:37,8,1,0
BRDA:37,9,0,0
BRDA:37,9,1,0
BRDA:38,10,0,0
BRDA:38,10,1,0
BRDA:39,11,0,0
BRDA:42,12,0,0
BRDA:44,13,0,0
BRDA:46,14,0,0
BRDA:48,15,0,0
BRDA:82,16,0,0
BRDA:82,16,1,0
BRDA:82,16,2,0
BRDA:82,16,3,0
BRDA:101,17,0,0
BRDA:101,17,1,0
BRDA:101,17,2,0
BRDA:101,18,0,0
BRDA:101,18,1,0
BRDA:101,19,0,0
BRDA:101,19,1,0
BRDA:101,20,0,0
BRDA:101,20,1,0
BRDA:101,21,0,0
BRDA:101,21,1,0
BRDA:111,22,0,0
BRDA:111,22,1,0
BRDA:111,23,0,0
BRDA:111,23,1,0
BRDA:112,24,0,0
BRDA:112,25,0,0
BRDA:112,25,1,0
BRDA:112,25,2,0
BRDA:119,26,0,0
BRDA:119,26,1,0
BRDA:119,27,0,0
BRDA:119,27,1,0
BRDA:120,28,0,0
BRDA:120,29,0,0
BRDA:120,29,1,0
BRDA:120,29,2,0
BRDA:128,30,0,0
BRDA:135,31,0,0
BRDA:135,31,1,0
BRDA:135,32,0,0
BRDA:135,32,1,0
BRDA:136,33,0,0
BRDA:136,33,1,0
BRDA:136,34,0,0
BRDA:136,34,1,0
BRDA:137,35,0,0
BRDA:137,36,0,0
BRDA:137,36,1,0
BRDA:142,37,0,0
BRDA:142,38,0,0
BRDA:142,38,1,0
BRDA:166,39,0,0
BRDA:166,39,1,0
BRDA:169,40,0,0
BRDA:169,40,1,0
BRDA:181,41,0,0
BRDA:181,41,1,0
BRDA:190,42,0,0
BRDA:191,43,0,0
BRDA:191,43,1,0
BRDA:212,44,0,0
BRDA:212,45,0,0
BRDA:212,45,1,0
BRDA:212,45,2,0
BRDA:217,46,0,0
BRDA:224,47,0,0
BRDA:224,48,0,0
BRDA:224,48,1,0
BRDA:224,48,2,0
BRDA:239,49,0,0
BRDA:246,50,0,0
BRDA:254,51,0,0
BRDA:281,52,0,0
BRDA:281,52,1,0
BRF:95
BRH:0
end_of_record
TN:
SF:components\TimePicker.tsx
FN:16,parseHM
FN:18,(anonymous_7)
FN:25,pad2
FN:27,TimePicker
FN:32,(anonymous_10)
FN:38,(anonymous_11)
FN:39,(anonymous_12)
FN:51,(anonymous_13)
FN:59,(anonymous_14)
FN:66,(anonymous_15)
FN:78,(anonymous_16)
FN:79,(anonymous_17)
FN:81,(anonymous_18)
FN:89,(anonymous_19)
FN:94,(anonymous_20)
FN:99,(anonymous_21)
FN:116,(anonymous_22)
FN:121,(anonymous_23)
FN:136,(anonymous_24)
FN:141,(anonymous_25)
FN:153,(anonymous_26)
FN:158,(anonymous_27)
FNF:22
FNH:0
FNDA:0,parseHM
FNDA:0,(anonymous_7)
FNDA:0,pad2
FNDA:0,TimePicker
FNDA:0,(anonymous_10)
FNDA:0,(anonymous_11)
FNDA:0,(anonymous_12)
FNDA:0,(anonymous_13)
FNDA:0,(anonymous_14)
FNDA:0,(anonymous_15)
FNDA:0,(anonymous_16)
FNDA:0,(anonymous_17)
FNDA:0,(anonymous_18)
FNDA:0,(anonymous_19)
FNDA:0,(anonymous_20)
FNDA:0,(anonymous_21)
FNDA:0,(anonymous_22)
FNDA:0,(anonymous_23)
FNDA:0,(anonymous_24)
FNDA:0,(anonymous_25)
FNDA:0,(anonymous_26)
FNDA:0,(anonymous_27)
DA:1,0
DA:13,0
DA:14,0
DA:17,0
DA:18,0
DA:19,0
DA:21,0
DA:22,0
DA:25,0
DA:27,0
DA:28,0
DA:29,0
DA:30,0
DA:32,0
DA:33,0
DA:34,0
DA:35,0
DA:38,0
DA:39,0
DA:42,0
DA:43,0
DA:45,0
DA:46,0
DA:51,0
DA:52,0
DA:53,0
DA:54,0
DA:55,0
DA:56,0
DA:59,0
DA:60,0
DA:61,0
DA:62,0
DA:66,0
DA:67,0
DA:68,0
DA:69,0
DA:70,0
DA:71,0
DA:72,0
DA:73,0
DA:74,0
DA:78,0
DA:79,0
DA:81,0
DA:82,0
DA:83,0
DA:84,0
DA:87,0
DA:89,0
DA:91,0
DA:95,0
DA:96,0
DA:99,0
DA:117,0
DA:121,0
DA:137,0
DA:141,0
DA:154,0
DA:158,0
LF:60
LH:0
BRDA:16,0,0,0
BRDA:17,1,0,0
BRDA:17,2,0,0
BRDA:17,2,1,0
BRDA:27,3,0,0
BRDA:33,4,0,0
BRDA:53,5,0,0
BRDA:60,6,0,0
BRDA:68,7,0,0
BRDA:71,8,0,0
BRDA:72,9,0,0
BRDA:73,10,0,0
BRDA:87,11,0,0
BRDA:96,12,0,0
BRDA:103,13,0,0
BRDA:103,13,1,0
BRDA:120,14,0,0
BRDA:120,14,1,0
BRDA:124,15,0,0
BRDA:124,15,1,0
BRDA:140,16,0,0
BRDA:140,16,1,0
BRDA:144,17,0,0
BRDA:144,17,1,0
BRDA:157,18,0,0
BRDA:157,18,1,0
BRF:26
BRH:0
end_of_record
TN:
SF:components\index.ts
FN:1,(anonymous_1)
FNF:1
FNH:0
FNDA:0,(anonymous_1)
DA:1,0
LF:1
LH:0
BRF:0
BRH:0
end_of_record
TN:
SF:components\map\AddressInput.tsx
FN:11,AddressInput
FN:24,(anonymous_2)
FNF:2
FNH:0
FNDA:0,AddressInput
FNDA:0,(anonymous_2)
DA:1,0
DA:11,0
DA:18,0
DA:24,0
LF:4
LH:0
BRDA:15,0,0,0
BRDA:16,1,0,0
BRF:2
BRH:0
end_of_record
TN:
SF:components\map\AggregatedMap.tsx
FN:21,styleForTravelMode
FN:42,colorForTravelMode
FN:59,AggregatedMap
FN:71,(anonymous_3)
FN:78,(anonymous_4)
FN:85,(anonymous_5)
FN:103,(anonymous_6)
FN:150,(anonymous_7)
FN:166,(anonymous_8)
FN:168,(anonymous_9)
FN:186,(anonymous_10)
FN:191,(anonymous_11)
FN:202,(anonymous_12)
FNF:13
FNH:0
FNDA:0,styleForTravelMode
FNDA:0,colorForTravelMode
FNDA:0,AggregatedMap
FNDA:0,(anonymous_3)
FNDA:0,(anonymous_4)
FNDA:0,(anonymous_5)
FNDA:0,(anonymous_6)
FNDA:0,(anonymous_7)
FNDA:0,(anonymous_8)
FNDA:0,(anonymous_9)
FNDA:0,(anonymous_10)
FNDA:0,(anonymous_11)
FNDA:0,(anonymous_12)
DA:1,0
DA:2,0
DA:4,0
DA:7,0
DA:8,0
DA:22,0
DA:23,0
DA:32,0
DA:40,0
DA:43,0
DA:44,0
DA:59,0
DA:60,0
DA:61,0
DA:62,0
DA:63,0
DA:64,0
DA:67,0
DA:68,0
DA:70,0
DA:71,0
DA:72,0
DA:73,0
DA:74,0
DA:75,0
DA:78,0
DA:79,0
DA:80,0
DA:81,0
DA:83,0
DA:84,0
DA:85,0
DA:86,0
DA:87,0
DA:88,0
DA:89,0
DA:90,0
DA:92,0
DA:93,0
DA:94,0
DA:96,0
DA:97,0
DA:99,0
DA:101,0
DA:103,0
DA:104,0
DA:105,0
DA:106,0
DA:107,0
DA:108,0
DA:109,0
DA:110,0
DA:111,0
DA:113,0
DA:116,0
DA:117,0
DA:118,0
DA:119,0
DA:120,0
DA:121,0
DA:122,0
DA:123,0
DA:124,0
DA:125,0
DA:126,0
DA:127,0
DA:128,0
DA:129,0
DA:130,0
DA:131,0
DA:132,0
DA:133,0
DA:134,0
DA:135,0
DA:137,0
DA:144,0
DA:147,0
DA:148,0
DA:149,0
DA:150,0
DA:151,0
DA:152,0
DA:153,0
DA:155,0
DA:158,0
DA:163,0
DA:164,0
DA:165,0
DA:166,0
DA:167,0
DA:168,0
DA:170,0
DA:171,0
DA:172,0
DA:173,0
DA:174,0
DA:175,0
DA:177,0
DA:178,0
DA:184,0
DA:186,0
DA:191,0
DA:193,0
DA:196,0
DA:197,0
DA:198,0
DA:202,0
DA:203,0
DA:204,0
DA:205,0
DA:206,0
DA:223,0
DA:224,0
DA:225,0
DA:226,0
DA:227,0
DA:228,0
LF:117
LH:0
BRDA:22,0,0,0
BRDA:22,1,0,0
BRDA:22,1,1,0
BRDA:43,2,0,0
BRDA:43,3,0,0
BRDA:43,3,1,0
BRDA:70,4,0,0
BRDA:70,4,1,0
BRDA:70,5,0,0
BRDA:70,5,1,0
BRDA:70,6,0,0
BRDA:70,6,1,0
BRDA:70,7,0,0
BRDA:70,7,1,0
BRDA:70,8,0,0
BRDA:70,8,1,0
BRDA:73,9,0,0
BRDA:73,9,1,0
BRDA:73,10,0,0
BRDA:73,10,1,0
BRDA:73,11,0,0
BRDA:73,11,1,0
BRDA:73,12,0,0
BRDA:73,12,1,0
BRDA:73,13,0,0
BRDA:73,13,1,0
BRDA:73,14,0,0
BRDA:73,14,1,0
BRDA:73,15,0,0
BRDA:73,15,1,0
BRDA:73,16,0,0
BRDA:73,16,1,0
BRDA:73,17,0,0
BRDA:73,17,1,0
BRDA:74,18,0,0
BRDA:74,18,1,0
BRDA:76,19,0,0
BRDA:76,19,1,0
BRDA:76,20,0,0
BRDA:76,20,1,0
BRDA:76,21,0,0
BRDA:76,21,1,0
BRDA:76,22,0,0
BRDA:76,22,1,0
BRDA:76,23,0,0
BRDA:76,23,1,0
BRDA:76,24,0,0
BRDA:76,24,1,0
BRDA:79,25,0,0
BRDA:88,26,0,0
BRDA:89,27,0,0
BRDA:89,27,1,0
BRDA:89,28,0,0
BRDA:89,28,1,0
BRDA:90,29,0,0
BRDA:93,30,0,0
BRDA:93,31,0,0
BRDA:93,31,1,0
BRDA:94,32,0,0
BRDA:96,33,0,0
BRDA:96,33,1,0
BRDA:101,34,0,0
BRDA:101,34,1,0
BRDA:106,35,0,0
BRDA:106,35,1,0
BRDA:107,36,0,0
BRDA:107,36,1,0
BRDA:108,37,0,0
BRDA:108,37,1,0
BRDA:108,38,0,0
BRDA:108,38,1,0
BRDA:110,39,0,0
BRDA:110,40,0,0
BRDA:110,40,1,0
BRDA:120,41,0,0
BRDA:120,42,0,0
BRDA:120,42,1,0
BRDA:122,43,0,0
BRDA:122,43,1,0
BRDA:122,44,0,0
BRDA:122,44,1,0
BRDA:122,45,0,0
BRDA:122,45,1,0
BRDA:125,46,0,0
BRDA:125,47,0,0
BRDA:125,47,1,0
BRDA:126,48,0,0
BRDA:126,48,1,0
BRDA:126,49,0,0
BRDA:126,49,1,0
BRDA:127,50,0,0
BRDA:127,51,0,0
BRDA:127,51,1,0
BRDA:127,51,2,0
BRDA:130,52,0,0
BRDA:130,52,1,0
BRDA:131,53,0,0
BRDA:131,53,1,0
BRDA:132,54,0,0
BRDA:132,54,1,0
BRDA:132,55,0,0
BRDA:132,55,1,0
BRDA:134,56,0,0
BRDA:134,57,0,0
BRDA:134,57,1,0
BRDA:137,58,0,0
BRDA:137,58,1,0
BRDA:144,59,0,0
BRDA:147,60,0,0
BRDA:149,61,0,0
BRDA:149,61,1,0
BRDA:149,62,0,0
BRDA:149,62,1,0
BRDA:150,63,0,0
BRDA:150,63,1,0
BRDA:151,64,0,0
BRDA:151,64,1,0
BRDA:152,65,0,0
BRDA:152,65,1,0
BRDA:153,66,0,0
BRDA:153,66,1,0
BRDA:153,67,0,0
BRDA:153,67,1,0
BRDA:153,67,2,0
BRDA:153,68,0,0
BRDA:153,68,1,0
BRDA:153,68,2,0
BRDA:158,69,0,0
BRDA:165,70,0,0
BRDA:167,71,0,0
BRDA:171,72,0,0
BRDA:171,73,0,0
BRDA:171,73,1,0
BRDA:184,74,0,0
BRDA:187,75,0,0
BRDA:187,75,1,0
BRDA:191,76,0,0
BRDA:191,76,1,0
BRDA:193,77,0,0
BRDA:196,78,0,0
BRDA:198,79,0,0
BRDA:198,79,1,0
BRDA:198,80,0,0
BRDA:198,80,1,0
BRDA:198,81,0,0
BRDA:198,81,1,0
BRDA:204,82,0,0
BRDA:213,83,0,0
BRDA:213,83,1,0
BRDA:213,84,0,0
BRDA:213,84,1,0
BRDA:214,85,0,0
BRDA:214,85,1,0
BRDA:214,86,0,0
BRDA:214,86,1,0
BRDA:215,87,0,0
BRDA:215,87,1,0
BRDA:215,88,0,0
BRDA:215,88,1,0
BRDA:216,89,0,0
BRDA:216,89,1,0
BRDA:216,90,0,0
BRDA:216,90,1,0
BRDA:224,91,0,0
BRDA:224,91,1,0
BRDA:225,92,0,0
BRDA:225,92,1,0
BRDA:225,93,0,0
BRDA:225,93,1,0
BRDA:226,94,0,0
BRDA:226,94,1,0
BRDA:226,95,0,0
BRDA:226,95,1,0
BRDA:227,96,0,0
BRDA:227,96,1,0
BRDA:230,97,0,0
BRDA:230,97,1,0
BRDA:235,98,0,0
BRDA:235,98,1,0
BRDA:236,99,0,0
BRDA:236,99,1,0
BRDA:236,99,2,0
BRDA:238,100,0,0
BRDA:238,100,1,0
BRDA:239,101,0,0
BRDA:239,101,1,0
BRDA:244,102,0,0
BRDA:244,102,1,0
BRDA:244,102,2,0
BRF:189
BRH:0
end_of_record
TN:
SF:components\map\Amap.tsx
FN:5,(anonymous_0)
FN:14,(anonymous_1)
FN:34,(anonymous_2)
FN:35,(anonymous_3)
FN:45,(anonymous_4)
FN:48,(anonymous_5)
FN:53,(anonymous_6)
FN:60,(anonymous_7)
FN:71,(anonymous_8)
FNF:9
FNH:0
FNDA:0,(anonymous_0)
FNDA:0,(anonymous_1)
FNDA:0,(anonymous_2)
FNDA:0,(anonymous_3)
FNDA:0,(anonymous_4)
FNDA:0,(anonymous_5)
FNDA:0,(anonymous_6)
FNDA:0,(anonymous_7)
FNDA:0,(anonymous_8)
DA:5,1
DA:13,1
DA:15,0
DA:16,0
DA:17,0
DA:18,0
DA:19,0
DA:20,0
DA:21,0
DA:22,0
DA:23,0
DA:24,0
DA:25,0
DA:26,0
DA:28,0
DA:30,0
DA:34,1
DA:35,0
DA:36,0
DA:37,0
DA:38,0
DA:40,0
DA:41,0
DA:42,0
DA:43,0
DA:44,0
DA:45,0
DA:46,0
DA:48,0
DA:49,0
DA:53,1
DA:54,0
DA:55,0
DA:56,0
DA:57,0
DA:58,0
DA:59,0
DA:60,0
DA:67,0
DA:68,0
DA:71,1
DA:72,0
DA:73,0
DA:74,0
DA:75,0
DA:76,0
DA:77,0
DA:78,0
DA:83,0
DA:84,0
DA:85,0
DA:86,0
DA:87,0
DA:89,0
DA:90,0
LF:55
LH:5
BRDA:5,0,0,0
BRDA:10,1,0,0
BRDA:10,1,1,0
BRDA:16,2,0,0
BRDA:16,2,1,0
BRDA:17,3,0,0
BRDA:17,4,0,0
BRDA:17,4,1,0
BRDA:19,5,0,0
BRDA:19,5,1,0
BRDA:19,6,0,0
BRDA:19,6,1,0
BRDA:20,7,0,0
BRDA:20,7,1,0
BRDA:20,8,0,0
BRDA:20,8,1,0
BRDA:21,9,0,0
BRDA:21,10,0,0
BRDA:21,10,1,0
BRDA:24,11,0,0
BRDA:24,11,1,0
BRDA:24,12,0,0
BRDA:24,12,1,0
BRDA:36,13,0,0
BRDA:41,14,0,0
BRDA:41,14,1,0
BRDA:42,15,0,0
BRDA:42,15,1,0
BRDA:46,16,0,0
BRDA:46,16,1,0
BRDA:57,17,0,0
BRDA:59,18,0,0
BRDA:59,19,0,0
BRDA:59,19,1,0
BRDA:59,19,2,0
BRDA:75,20,0,0
BRDA:75,21,0,0
BRDA:75,21,1,0
BRDA:78,22,0,0
BRDA:78,22,1,0
BRDA:78,23,0,0
BRDA:78,23,1,0
BRDA:78,24,0,0
BRDA:78,24,1,0
BRDA:78,25,0,0
BRDA:78,25,1,0
BRDA:78,26,0,0
BRDA:78,26,1,0
BRDA:78,27,0,0
BRDA:78,27,1,0
BRDA:78,28,0,0
BRDA:78,28,1,0
BRDA:78,29,0,0
BRDA:78,29,1,0
BRDA:84,30,0,0
BRDA:84,30,1,0
BRDA:84,31,0,0
BRDA:84,31,1,0
BRDA:85,32,0,0
BRDA:85,32,1,0
BRDA:85,33,0,0
BRDA:85,33,1,0
BRDA:87,34,0,0
BRDA:87,34,1,0
BRF:64
BRH:0
end_of_record
TN:
SF:components\map\GoogleMap.tsx
FN:5,(anonymous_0)
FN:15,(anonymous_1)
FN:30,(anonymous_2)
FN:45,(anonymous_3)
FN:52,(anonymous_4)
FN:59,(anonymous_5)
FN:74,(anonymous_6)
FN:88,(anonymous_7)
FN:90,(anonymous_8)
FN:108,(anonymous_9)
FN:115,(anonymous_10)
FN:129,(anonymous_11)
FN:153,(anonymous_12)
FN:157,(anonymous_13)
FN:169,(anonymous_14)
FN:204,(anonymous_15)
FN:229,(anonymous_16)
FN:236,(anonymous_17)
FN:237,(anonymous_18)
FN:243,(anonymous_19)
FN:271,(anonymous_20)
FN:273,(anonymous_21)
FN:279,(anonymous_22)
FN:282,(anonymous_23)
FNF:24
FNH:5
FNDA:0,(anonymous_0)
FNDA:16,(anonymous_1)
FNDA:10,(anonymous_2)
FNDA:26,(anonymous_3)
FNDA:26,(anonymous_4)
FNDA:10,(anonymous_5)
FNDA:0,(anonymous_6)
FNDA:0,(anonymous_7)
FNDA:0,(anonymous_8)
FNDA:0,(anonymous_9)
FNDA:0,(anonymous_10)
FNDA:0,(anonymous_11)
FNDA:0,(anonymous_12)
FNDA:0,(anonymous_13)
FNDA:0,(anonymous_14)
FNDA:0,(anonymous_15)
FNDA:0,(anonymous_16)
FNDA:0,(anonymous_17)
FNDA:0,(anonymous_18)
FNDA:0,(anonymous_19)
FNDA:0,(anonymous_20)
FNDA:0,(anonymous_21)
FNDA:0,(anonymous_22)
FNDA:0,(anonymous_23)
DA:5,5
DA:14,5
DA:16,16
DA:17,16
DA:18,16
DA:19,16
DA:20,16
DA:21,16
DA:22,16
DA:23,16
DA:24,16
DA:25,16
DA:26,16
DA:27,16
DA:28,16
DA:31,10
DA:32,10
DA:33,10
DA:34,10
DA:35,10
DA:36,10
DA:37,10
DA:38,10
DA:39,10
DA:40,10
DA:41,10
DA:42,10
DA:43,10
DA:46,26
DA:47,26
DA:48,26
DA:49,26
DA:50,26
DA:53,26
DA:54,26
DA:55,26
DA:56,26
DA:57,26
DA:60,10
DA:61,10
DA:62,5
DA:64,5
DA:65,3
DA:67,2
DA:72,5
DA:74,5
DA:75,0
DA:76,0
DA:78,0
DA:79,0
DA:81,0
DA:82,0
DA:86,0
DA:87,0
DA:88,0
DA:89,0
DA:90,0
DA:91,0
DA:92,0
DA:93,0
DA:94,0
DA:96,0
DA:97,0
DA:98,0
DA:99,0
DA:101,0
DA:103,0
DA:105,0
DA:108,0
DA:109,0
DA:110,0
DA:111,0
DA:113,0
DA:115,0
DA:116,0
DA:117,0
DA:118,0
DA:120,0
DA:121,0
DA:123,0
DA:124,0
DA:126,0
DA:129,0
DA:130,0
DA:131,0
DA:132,0
DA:134,0
DA:135,0
DA:137,0
DA:138,0
DA:139,0
DA:141,0
DA:145,0
DA:146,0
DA:147,0
DA:148,0
DA:149,0
DA:150,0
DA:151,0
DA:152,0
DA:153,0
DA:154,0
DA:155,0
DA:157,0
DA:158,0
DA:159,0
DA:161,0
DA:164,0
DA:169,5
DA:170,0
DA:171,0
DA:173,0
DA:174,0
DA:175,0
DA:177,0
DA:178,0
DA:186,0
DA:187,0
DA:188,0
DA:189,0
DA:190,0
DA:191,0
DA:194,0
DA:195,0
DA:198,0
DA:199,0
DA:202,0
DA:203,0
DA:204,0
DA:205,0
DA:206,0
DA:207,0
DA:208,0
DA:221,0
DA:223,0
DA:224,0
DA:229,5
DA:230,0
DA:231,0
DA:232,0
DA:234,0
DA:235,0
DA:236,0
DA:237,0
DA:238,0
DA:239,0
DA:240,0
DA:241,0
DA:242,0
DA:243,0
DA:244,0
DA:245,0
DA:256,0
DA:257,0
DA:259,0
DA:261,0
DA:266,0
DA:267,0
DA:271,5
DA:272,0
DA:273,0
DA:274,0
DA:275,0
DA:276,0
DA:278,0
DA:280,0
DA:283,0
DA:289,0
DA:290,0
LF:169
LH:49
BRDA:5,0,0,0
BRDA:60,1,0,10
BRDA:60,1,1,1
BRDA:61,2,0,5
BRDA:61,3,0,10
BRDA:61,3,1,8
BRDA:61,3,2,6
BRDA:64,4,0,3
BRDA:64,5,0,5
BRDA:64,5,1,3
BRDA:74,6,0,0
BRDA:75,7,0,0
BRDA:75,8,0,0
BRDA:75,8,1,0
BRDA:75,8,2,0
BRDA:78,9,0,0
BRDA:81,10,0,0
BRDA:86,11,0,0
BRDA:86,11,1,0
BRDA:87,12,0,0
BRDA:91,13,0,0
BRDA:91,14,0,0
BRDA:91,14,1,0
BRDA:91,15,0,0
BRDA:91,15,1,0
BRDA:96,16,0,0
BRDA:116,17,0,0
BRDA:120,18,0,0
BRDA:123,19,0,0
BRDA:123,20,0,0
BRDA:123,20,1,0
BRDA:123,21,0,0
BRDA:123,21,1,0
BRDA:130,22,0,0
BRDA:134,23,0,0
BRDA:138,24,0,0
BRDA:138,24,1,0
BRDA:138,25,0,0
BRDA:138,25,1,0
BRDA:138,26,0,0
BRDA:138,26,1,0
BRDA:146,27,0,0
BRDA:146,27,1,0
BRDA:170,28,0,0
BRDA:170,28,1,0
BRDA:170,29,0,0
BRDA:170,29,1,0
BRDA:171,30,0,0
BRDA:174,31,0,0
BRDA:174,32,0,0
BRDA:174,32,1,0
BRDA:186,33,0,0
BRDA:187,34,0,0
BRDA:187,34,1,0
BRDA:187,35,0,0
BRDA:187,35,1,0
BRDA:188,36,0,0
BRDA:188,36,1,0
BRDA:188,37,0,0
BRDA:188,37,1,0
BRDA:189,38,0,0
BRDA:189,38,1,0
BRDA:189,39,0,0
BRDA:189,39,1,0
BRDA:189,40,0,0
BRDA:189,40,1,0
BRDA:189,41,0,0
BRDA:189,41,1,0
BRDA:191,42,0,0
BRDA:191,42,1,0
BRDA:191,43,0,0
BRDA:191,43,1,0
BRDA:191,44,0,0
BRDA:191,44,1,0
BRDA:191,45,0,0
BRDA:191,45,1,0
BRDA:194,46,0,0
BRDA:198,47,0,0
BRDA:203,48,0,0
BRDA:203,49,0,0
BRDA:203,49,1,0
BRDA:205,50,0,0
BRDA:205,50,1,0
BRDA:206,51,0,0
BRDA:206,51,1,0
BRDA:231,52,0,0
BRDA:231,53,0,0
BRDA:231,53,1,0
BRDA:238,54,0,0
BRDA:238,54,1,0
BRDA:238,55,0,0
BRDA:238,55,1,0
BRDA:238,55,2,0
BRDA:241,56,0,0
BRDA:243,57,0,0
BRDA:256,58,0,0
BRDA:256,59,0,0
BRDA:256,59,1,0
BRDA:259,60,0,0
BRDA:259,60,1,0
BRDA:259,61,0,0
BRDA:259,61,1,0
BRDA:274,62,0,0
BRF:103
BRH:9
end_of_record
TN:
SF:components\map\MapSelector.tsx
FN:16,formatLatLng
FN:29,toTargetCoords
FN:40,MapSelector
FN:73,(anonymous_9)
FN:100,(anonymous_10)
FN:106,(anonymous_11)
FN:119,(anonymous_12)
FN:126,(anonymous_13)
FN:129,(anonymous_14)
FN:145,(anonymous_15)
FN:157,(anonymous_16)
FN:167,(anonymous_17)
FN:168,(anonymous_18)
FN:204,(anonymous_19)
FN:214,(anonymous_20)
FN:220,(anonymous_21)
FN:222,(anonymous_22)
FN:228,(anonymous_23)
FN:231,(anonymous_24)
FN:255,(anonymous_25)
FN:272,(anonymous_26)
FN:302,(anonymous_27)
FN:307,(anonymous_28)
FN:313,(anonymous_29)
FN:323,(anonymous_30)
FN:345,(anonymous_31)
FN:360,(anonymous_32)
FN:376,(anonymous_33)
FN:387,(anonymous_34)
FN:391,(anonymous_35)
FN:405,(anonymous_36)
FN:406,(anonymous_37)
FN:419,(anonymous_38)
FN:420,(anonymous_39)
FN:448,(anonymous_40)
FN:471,(anonymous_41)
FN:471,(anonymous_42)
FN:481,(anonymous_43)
FN:490,(anonymous_44)
FN:507,(anonymous_45)
FN:508,(anonymous_46)
FN:515,(anonymous_47)
FNF:42
FNH:0
FNDA:0,formatLatLng
FNDA:0,toTargetCoords
FNDA:0,MapSelector
FNDA:0,(anonymous_9)
FNDA:0,(anonymous_10)
FNDA:0,(anonymous_11)
FNDA:0,(anonymous_12)
FNDA:0,(anonymous_13)
FNDA:0,(anonymous_14)
FNDA:0,(anonymous_15)
FNDA:0,(anonymous_16)
FNDA:0,(anonymous_17)
FNDA:0,(anonymous_18)
FNDA:0,(anonymous_19)
FNDA:0,(anonymous_20)
FNDA:0,(anonymous_21)
FNDA:0,(anonymous_22)
FNDA:0,(anonymous_23)
FNDA:0,(anonymous_24)
FNDA:0,(anonymous_25)
FNDA:0,(anonymous_26)
FNDA:0,(anonymous_27)
FNDA:0,(anonymous_28)
FNDA:0,(anonymous_29)
FNDA:0,(anonymous_30)
FNDA:0,(anonymous_31)
FNDA:0,(anonymous_32)
FNDA:0,(anonymous_33)
FNDA:0,(anonymous_34)
FNDA:0,(anonymous_35)
FNDA:0,(anonymous_36)
FNDA:0,(anonymous_37)
FNDA:0,(anonymous_38)
FNDA:0,(anonymous_39)
FNDA:0,(anonymous_40)
FNDA:0,(anonymous_41)
FNDA:0,(anonymous_42)
FNDA:0,(anonymous_43)
FNDA:0,(anonymous_44)
FNDA:0,(anonymous_45)
FNDA:0,(anonymous_46)
FNDA:0,(anonymous_47)
DA:1,0
DA:3,0
DA:5,0
DA:11,0
DA:17,0
DA:18,0
DA:20,0
DA:21,0
DA:22,0
DA:23,0
DA:30,0
DA:31,0
DA:32,0
DA:33,0
DA:34,0
DA:35,0
DA:36,0
DA:37,0
DA:40,0
DA:42,0
DA:43,0
DA:44,0
DA:46,0
DA:47,0
DA:48,0
DA:49,0
DA:50,0
DA:51,0
DA:52,0
DA:53,0
DA:54,0
DA:55,0
DA:57,0
DA:58,0
DA:59,0
DA:60,0
DA:61,0
DA:62,0
DA:63,0
DA:64,0
DA:65,0
DA:66,0
DA:73,0
DA:74,0
DA:75,0
DA:76,0
DA:77,0
DA:78,0
DA:79,0
DA:81,0
DA:82,0
DA:83,0
DA:84,0
DA:85,0
DA:86,0
DA:87,0
DA:89,0
DA:91,0
DA:92,0
DA:93,0
DA:94,0
DA:95,0
DA:96,0
DA:98,0
DA:100,0
DA:105,0
DA:106,0
DA:113,0
DA:114,0
DA:119,0
DA:120,0
DA:121,0
DA:126,0
DA:127,0
DA:128,0
DA:129,0
DA:130,0
DA:131,0
DA:132,0
DA:133,0
DA:134,0
DA:135,0
DA:136,0
DA:137,0
DA:138,0
DA:139,0
DA:140,0
DA:142,0
DA:145,0
DA:146,0
DA:147,0
DA:149,0
DA:151,0
DA:152,0
DA:153,0
DA:156,0
DA:157,0
DA:158,0
DA:159,0
DA:160,0
DA:162,0
DA:167,0
DA:168,0
DA:169,0
DA:170,0
DA:171,0
DA:172,0
DA:173,0
DA:174,0
DA:175,0
DA:176,0
DA:178,0
DA:179,0
DA:180,0
DA:182,0
DA:183,0
DA:185,0
DA:188,0
DA:189,0
DA:190,0
DA:191,0
DA:192,0
DA:193,0
DA:194,0
DA:195,0
DA:198,0
DA:199,0
DA:204,0
DA:205,0
DA:206,0
DA:208,0
DA:210,0
DA:213,0
DA:214,0
DA:215,0
DA:220,0
DA:221,0
DA:222,0
DA:223,0
DA:224,0
DA:227,0
DA:228,0
DA:231,0
DA:232,0
DA:233,0
DA:234,0
DA:235,0
DA:236,0
DA:237,0
DA:240,0
DA:241,0
DA:242,0
DA:243,0
DA:244,0
DA:245,0
DA:253,0
DA:254,0
DA:255,0
DA:256,0
DA:263,0
DA:264,0
DA:265,0
DA:266,0
DA:268,0
DA:272,0
DA:273,0
DA:274,0
DA:275,0
DA:276,0
DA:277,0
DA:278,0
DA:279,0
DA:280,0
DA:281,0
DA:282,0
DA:284,0
DA:286,0
DA:287,0
DA:288,0
DA:289,0
DA:290,0
DA:294,0
DA:295,0
DA:296,0
DA:298,0
DA:302,0
DA:303,0
DA:304,0
DA:305,0
DA:306,0
DA:307,0
DA:308,0
DA:309,0
DA:310,0
DA:311,0
DA:312,0
DA:313,0
DA:314,0
DA:323,0
DA:324,0
DA:325,0
DA:326,0
DA:327,0
DA:328,0
DA:329,0
DA:330,0
DA:331,0
DA:332,0
DA:333,0
DA:334,0
DA:335,0
DA:336,0
DA:338,0
DA:339,0
DA:340,0
DA:343,0
DA:344,0
DA:345,0
DA:346,0
DA:353,0
DA:354,0
DA:355,0
DA:356,0
DA:360,0
DA:361,0
DA:362,0
DA:363,0
DA:364,0
DA:366,0
DA:367,0
DA:368,0
DA:369,0
DA:370,0
DA:372,0
DA:373,0
DA:376,0
DA:377,0
DA:378,0
DA:379,0
DA:380,0
DA:381,0
DA:382,0
DA:383,0
DA:387,0
DA:388,0
DA:391,0
DA:392,0
DA:393,0
DA:394,0
DA:398,0
DA:399,0
DA:400,0
DA:402,0
DA:403,0
DA:404,0
DA:405,0
DA:406,0
DA:416,0
DA:418,0
DA:419,0
DA:420,0
DA:448,0
DA:471,0
DA:482,0
DA:483,0
DA:484,0
DA:490,0
DA:507,0
DA:509,0
DA:510,0
DA:515,0
LF:271
LH:0
BRDA:17,0,0,0
BRDA:17,1,0,0
BRDA:17,1,1,0
BRDA:17,1,2,0
BRDA:20,2,0,0
BRDA:20,2,1,0
BRDA:21,3,0,0
BRDA:21,3,1,0
BRDA:22,4,0,0
BRDA:22,4,1,0
BRDA:30,5,0,0
BRDA:30,6,0,0
BRDA:30,6,1,0
BRDA:33,7,0,0
BRDA:33,7,1,0
BRDA:34,8,0,0
BRDA:34,8,1,0
BRDA:35,9,0,0
BRDA:35,9,1,0
BRDA:35,10,0,0
BRDA:35,10,1,0
BRDA:36,11,0,0
BRDA:36,12,0,0
BRDA:36,12,1,0
BRDA:42,13,0,0
BRDA:42,13,1,0
BRDA:42,14,0,0
BRDA:42,14,1,0
BRDA:42,15,0,0
BRDA:42,15,1,0
BRDA:43,16,0,0
BRDA:43,16,1,0
BRDA:43,17,0,0
BRDA:43,17,1,0
BRDA:43,18,0,0
BRDA:43,18,1,0
BRDA:43,19,0,0
BRDA:43,19,1,0
BRDA:43,20,0,0
BRDA:43,20,1,0
BRDA:43,21,0,0
BRDA:43,21,1,0
BRDA:43,22,0,0
BRDA:43,22,1,0
BRDA:43,23,0,0
BRDA:43,23,1,0
BRDA:43,24,0,0
BRDA:43,24,1,0
BRDA:44,25,0,0
BRDA:44,25,1,0
BRDA:48,26,0,0
BRDA:48,26,1,0
BRDA:54,27,0,0
BRDA:54,27,1,0
BRDA:64,28,0,0
BRDA:64,28,1,0
BRDA:75,29,0,0
BRDA:76,30,0,0
BRDA:76,30,1,0
BRDA:77,31,0,0
BRDA:82,32,0,0
BRDA:87,33,0,0
BRDA:87,34,0,0
BRDA:87,34,1,0
BRDA:89,35,0,0
BRDA:91,36,0,0
BRDA:113,37,0,0
BRDA:113,38,0,0
BRDA:113,38,1,0
BRDA:113,38,2,0
BRDA:120,39,0,0
BRDA:121,40,0,0
BRDA:121,40,1,0
BRDA:121,40,2,0
BRDA:127,41,0,0
BRDA:127,42,0,0
BRDA:127,42,1,0
BRDA:132,43,0,0
BRDA:132,44,0,0
BRDA:132,44,1,0
BRDA:133,45,0,0
BRDA:134,46,0,0
BRDA:134,46,1,0
BRDA:135,47,0,0
BRDA:135,47,1,0
BRDA:135,48,0,0
BRDA:135,48,1,0
BRDA:136,49,0,0
BRDA:137,50,0,0
BRDA:137,50,1,0
BRDA:139,51,0,0
BRDA:142,52,0,0
BRDA:152,53,0,0
BRDA:152,53,1,0
BRDA:152,54,0,0
BRDA:152,54,1,0
BRDA:152,55,0,0
BRDA:152,55,1,0
BRDA:158,56,0,0
BRDA:170,57,0,0
BRDA:174,58,0,0
BRDA:174,59,0,0
BRDA:174,59,1,0
BRDA:178,60,0,0
BRDA:182,61,0,0
BRDA:185,62,0,0
BRDA:185,62,1,0
BRDA:187,63,0,0
BRDA:187,63,1,0
BRDA:188,64,0,0
BRDA:190,65,0,0
BRDA:190,66,0,0
BRDA:190,66,1,0
BRDA:191,67,0,0
BRDA:192,68,0,0
BRDA:192,68,1,0
BRDA:194,69,0,0
BRDA:195,70,0,0
BRDA:195,70,1,0
BRDA:196,71,0,0
BRDA:196,71,1,0
BRDA:199,72,0,0
BRDA:221,73,0,0
BRDA:223,74,0,0
BRDA:223,75,0,0
BRDA:223,75,1,0
BRDA:233,76,0,0
BRDA:237,77,0,0
BRDA:237,77,1,0
BRDA:238,78,0,0
BRDA:238,78,1,0
BRDA:242,79,0,0
BRDA:242,79,1,0
BRDA:253,80,0,0
BRDA:253,80,1,0
BRDA:254,81,0,0
BRDA:254,81,1,0
BRDA:254,82,0,0
BRDA:254,82,1,0
BRDA:255,83,0,0
BRDA:255,83,1,0
BRDA:255,84,0,0
BRDA:255,84,1,0
BRDA:257,85,0,0
BRDA:257,85,1,0
BRDA:260,86,0,0
BRDA:260,86,1,0
BRDA:260,87,0,0
BRDA:260,87,1,0
BRDA:263,88,0,0
BRDA:263,88,1,0
BRDA:273,89,0,0
BRDA:273,90,0,0
BRDA:273,90,1,0
BRDA:278,91,0,0
BRDA:278,91,1,0
BRDA:278,92,0,0
BRDA:278,92,1,0
BRDA:280,93,0,0
BRDA:288,94,0,0
BRDA:288,95,0,0
BRDA:288,95,1,0
BRDA:303,96,0,0
BRDA:305,97,0,0
BRDA:309,98,0,0
BRDA:311,99,0,0
BRDA:325,100,0,0
BRDA:327,101,0,0
BRDA:327,101,1,0
BRDA:334,102,0,0
BRDA:338,103,0,0
BRDA:338,104,0,0
BRDA:338,104,1,0
BRDA:343,105,0,0
BRDA:343,105,1,0
BRDA:344,106,0,0
BRDA:344,106,1,0
BRDA:344,107,0,0
BRDA:344,107,1,0
BRDA:345,108,0,0
BRDA:345,108,1,0
BRDA:345,109,0,0
BRDA:345,109,1,0
BRDA:347,110,0,0
BRDA:347,110,1,0
BRDA:350,111,0,0
BRDA:350,111,1,0
BRDA:353,112,0,0
BRDA:353,112,1,0
BRDA:361,113,0,0
BRDA:366,114,0,0
BRDA:366,115,0,0
BRDA:366,115,1,0
BRDA:366,115,2,0
BRDA:367,116,0,0
BRDA:367,116,1,0
BRDA:367,117,0,0
BRDA:367,117,1,0
BRDA:367,118,0,0
BRDA:367,118,1,0
BRDA:368,119,0,0
BRDA:368,119,1,0
BRDA:381,120,0,0
BRDA:381,121,0,0
BRDA:381,121,1,0
BRDA:388,122,0,0
BRDA:393,123,0,0
BRDA:399,124,0,0
BRDA:400,125,0,0
BRDA:400,126,0,0
BRDA:400,126,1,0
BRDA:402,127,0,0
BRDA:403,128,0,0
BRDA:405,129,0,0
BRDA:416,130,0,0
BRDA:416,130,1,0
BRDA:419,131,0,0
BRDA:424,132,0,0
BRDA:424,132,1,0
BRDA:436,133,0,0
BRDA:436,133,1,0
BRDA:437,134,0,0
BRDA:437,134,1,0
BRDA:453,135,0,0
BRDA:453,135,1,0
BRDA:456,136,0,0
BRDA:456,136,1,0
BRDA:456,136,2,0
BRDA:462,137,0,0
BRDA:462,137,1,0
BRDA:463,138,0,0
BRDA:463,138,1,0
BRDA:479,139,0,0
BRDA:479,139,1,0
BRDA:489,140,0,0
BRDA:489,140,1,0
BRDA:503,141,0,0
BRDA:503,141,1,0
BRDA:503,141,2,0
BRDA:505,142,0,0
BRDA:505,142,1,0
BRDA:506,143,0,0
BRDA:506,143,1,0
BRDA:509,144,0,0
BRDA:509,144,1,0
BRDA:514,145,0,0
BRDA:514,145,1,0
BRDA:522,146,0,0
BRDA:522,146,1,0
BRDA:534,147,0,0
BRDA:534,147,1,0
BRDA:550,148,0,0
BRDA:550,148,1,0
BRF:253
BRH:0
end_of_record
TN:
SF:components\map\providers\AmapProvider.ts
FN:23,(anonymous_0)
FN:29,(anonymous_1)
FN:45,(anonymous_2)
FN:48,(anonymous_3)
FN:50,(anonymous_4)
FN:57,(anonymous_5)
FN:58,(anonymous_6)
FN:59,(anonymous_7)
FN:60,(anonymous_8)
FN:61,(anonymous_9)
FN:62,(anonymous_10)
FN:86,(anonymous_11)
FN:94,(anonymous_12)
FN:102,(anonymous_13)
FN:103,(anonymous_14)
FN:109,(anonymous_15)
FN:109,(anonymous_16)
FN:110,(anonymous_17)
FN:110,(anonymous_18)
FN:111,(anonymous_19)
FN:112,(anonymous_20)
FN:113,(anonymous_21)
FN:120,(anonymous_22)
FN:137,(anonymous_23)
FN:142,(anonymous_24)
FN:149,(anonymous_25)
FNF:26
FNH:1
FNDA:4,(anonymous_0)
FNDA:0,(anonymous_1)
FNDA:0,(anonymous_2)
FNDA:0,(anonymous_3)
FNDA:0,(anonymous_4)
FNDA:0,(anonymous_5)
FNDA:0,(anonymous_6)
FNDA:0,(anonymous_7)
FNDA:0,(anonymous_8)
FNDA:0,(anonymous_9)
FNDA:0,(anonymous_10)
FNDA:0,(anonymous_11)
FNDA:0,(anonymous_12)
FNDA:0,(anonymous_13)
FNDA:0,(anonymous_14)
FNDA:0,(anonymous_15)
FNDA:0,(anonymous_16)
FNDA:0,(anonymous_17)
FNDA:0,(anonymous_18)
FNDA:0,(anonymous_19)
FNDA:0,(anonymous_20)
FNDA:0,(anonymous_21)
FNDA:0,(anonymous_22)
FNDA:0,(anonymous_23)
FNDA:0,(anonymous_24)
FNDA:0,(anonymous_25)
DA:3,1
DA:11,1
DA:17,4
DA:18,4
DA:19,4
DA:20,4
DA:21,4
DA:24,4
DA:25,4
DA:26,4
DA:30,0
DA:31,0
DA:32,0
DA:44,0
DA:45,0
DA:46,0
DA:48,0
DA:49,0
DA:50,0
DA:51,0
DA:52,0
DA:54,0
DA:57,0
DA:58,0
DA:59,0
DA:60,0
DA:61,0
DA:63,0
DA:64,0
DA:65,0
DA:66,0
DA:67,0
DA:68,0
DA:69,0
DA:70,0
DA:71,0
DA:72,0
DA:73,0
DA:74,0
DA:76,0
DA:77,0
DA:80,0
DA:86,0
DA:87,0
DA:88,0
DA:91,0
DA:92,0
DA:95,0
DA:96,0
DA:97,0
DA:98,0
DA:99,0
DA:100,0
DA:102,0
DA:103,0
DA:104,0
DA:105,0
DA:106,0
DA:107,0
DA:109,0
DA:110,0
DA:111,0
DA:112,0
DA:114,0
DA:115,0
DA:116,0
DA:117,0
DA:118,0
DA:119,0
DA:120,0
DA:121,0
DA:133,0
DA:134,0
DA:138,0
DA:139,0
DA:140,0
DA:143,0
DA:144,0
DA:145,0
DA:146,0
DA:148,0
DA:149,0
DA:150,0
DA:153,0
DA:154,0
DA:156,0
LF:86
LH:10
BRDA:23,0,0,0
BRDA:25,1,0,1
BRDA:25,1,1,3
BRDA:25,2,0,4
BRDA:25,2,1,4
BRDA:29,3,0,0
BRDA:46,4,0,0
BRDA:46,5,0,0
BRDA:46,5,1,0
BRDA:46,5,2,0
BRDA:49,6,0,0
BRDA:54,7,0,0
BRDA:54,8,0,0
BRDA:54,8,1,0
BRDA:57,9,0,0
BRDA:57,10,0,0
BRDA:58,11,0,0
BRDA:58,12,0,0
BRDA:58,12,1,0
BRDA:59,13,0,0
BRDA:59,14,0,0
BRDA:59,14,1,0
BRDA:59,15,0,0
BRDA:63,16,0,0
BRDA:63,17,0,0
BRDA:63,17,1,0
BRDA:64,18,0,0
BRDA:64,18,1,0
BRDA:64,19,0,0
BRDA:64,19,1,0
BRDA:65,20,0,0
BRDA:65,20,1,0
BRDA:65,21,0,0
BRDA:65,21,1,0
BRDA:70,22,0,0
BRDA:70,23,0,0
BRDA:70,23,1,0
BRDA:73,24,0,0
BRDA:73,24,1,0
BRDA:74,25,0,0
BRDA:74,25,1,0
BRDA:74,26,0,0
BRDA:74,26,1,0
BRDA:76,27,0,0
BRDA:76,27,1,0
BRDA:76,28,0,0
BRDA:76,28,1,0
BRDA:77,29,0,0
BRDA:77,29,1,0
BRDA:82,30,0,0
BRDA:82,30,1,0
BRDA:91,31,0,0
BRDA:91,32,0,0
BRDA:91,32,1,0
BRDA:91,32,2,0
BRDA:95,33,0,0
BRDA:95,34,0,0
BRDA:95,34,1,0
BRDA:97,35,0,0
BRDA:107,36,0,0
BRDA:107,37,0,0
BRDA:107,37,1,0
BRDA:109,38,0,0
BRDA:109,39,0,0
BRDA:110,40,0,0
BRDA:111,41,0,0
BRDA:111,42,0,0
BRDA:111,42,1,0
BRDA:111,43,0,0
BRDA:111,43,1,0
BRDA:111,44,0,0
BRDA:111,45,0,0
BRDA:111,45,1,0
BRDA:114,46,0,0
BRDA:114,47,0,0
BRDA:114,47,1,0
BRDA:114,47,2,0
BRDA:116,48,0,0
BRDA:118,49,0,0
BRDA:118,50,0,0
BRDA:118,50,1,0
BRDA:119,51,0,0
BRDA:119,51,1,0
BRDA:126,52,0,0
BRDA:126,52,1,0
BRDA:128,53,0,0
BRDA:128,53,1,0
BRDA:138,54,0,0
BRDA:138,55,0,0
BRDA:138,55,1,0
BRDA:144,56,0,0
BRDA:148,57,0,0
BRF:92
BRH:4
end_of_record
TN:
SF:components\map\providers\GoogleMapProvider.ts
FN:24,(anonymous_0)
FN:29,(anonymous_1)
FN:65,(anonymous_2)
FN:71,(anonymous_3)
FN:80,(anonymous_4)
FN:81,(anonymous_5)
FN:96,(anonymous_6)
FN:97,(anonymous_7)
FN:98,(anonymous_8)
FN:99,(anonymous_9)
FN:131,(anonymous_10)
FN:153,(anonymous_11)
FN:160,(anonymous_12)
FN:168,(anonymous_13)
FN:171,(anonymous_14)
FN:171,(anonymous_15)
FN:172,(anonymous_16)
FN:172,(anonymous_17)
FN:173,(anonymous_18)
FN:174,(anonymous_19)
FN:175,(anonymous_20)
FN:180,(anonymous_21)
FN:203,(anonymous_22)
FN:208,(anonymous_23)
FN:219,(anonymous_24)
FNF:25
FNH:1
FNDA:2,(anonymous_0)
FNDA:0,(anonymous_1)
FNDA:0,(anonymous_2)
FNDA:0,(anonymous_3)
FNDA:0,(anonymous_4)
FNDA:0,(anonymous_5)
FNDA:0,(anonymous_6)
FNDA:0,(anonymous_7)
FNDA:0,(anonymous_8)
FNDA:0,(anonymous_9)
FNDA:0,(anonymous_10)
FNDA:0,(anonymous_11)
FNDA:0,(anonymous_12)
FNDA:0,(anonymous_13)
FNDA:0,(anonymous_14)
FNDA:0,(anonymous_15)
FNDA:0,(anonymous_16)
FNDA:0,(anonymous_17)
FNDA:0,(anonymous_18)
FNDA:0,(anonymous_19)
FNDA:0,(anonymous_20)
FNDA:0,(anonymous_21)
FNDA:0,(anonymous_22)
FNDA:0,(anonymous_23)
FNDA:0,(anonymous_24)
DA:4,1
DA:14,1
DA:17,2
DA:18,2
DA:19,2
DA:20,2
DA:21,2
DA:22,2
DA:25,2
DA:26,2
DA:30,0
DA:32,0
DA:33,0
DA:42,0
DA:64,0
DA:65,0
DA:66,0
DA:67,0
DA:70,0
DA:71,0
DA:72,0
DA:73,0
DA:74,0
DA:75,0
DA:76,0
DA:80,0
DA:82,0
DA:84,0
DA:85,0
DA:86,0
DA:87,0
DA:88,0
DA:89,0
DA:90,0
DA:91,0
DA:93,0
DA:94,0
DA:96,0
DA:97,0
DA:98,0
DA:100,0
DA:101,0
DA:102,0
DA:104,0
DA:109,0
DA:110,0
DA:111,0
DA:112,0
DA:114,0
DA:115,0
DA:116,0
DA:117,0
DA:118,0
DA:119,0
DA:120,0
DA:122,0
DA:123,0
DA:125,0
DA:131,0
DA:135,0
DA:136,0
DA:137,0
DA:144,0
DA:145,0
DA:153,0
DA:155,0
DA:158,0
DA:161,0
DA:162,0
DA:163,0
DA:164,0
DA:165,0
DA:167,0
DA:168,0
DA:169,0
DA:171,0
DA:172,0
DA:173,0
DA:174,0
DA:176,0
DA:177,0
DA:178,0
DA:179,0
DA:180,0
DA:181,0
DA:190,0
DA:192,0
DA:198,0
DA:199,0
DA:200,0
DA:204,0
DA:205,0
DA:206,0
DA:209,0
DA:215,0
DA:216,0
DA:218,0
DA:219,0
DA:220,0
DA:221,0
DA:222,0
DA:223,0
DA:225,0
DA:226,0
DA:228,0
DA:229,0
LF:106
LH:10
BRDA:24,0,0,0
BRDA:29,1,0,0
BRDA:66,2,0,0
BRDA:66,3,0,0
BRDA:66,3,1,0
BRDA:66,4,0,0
BRDA:66,4,1,0
BRDA:66,5,0,0
BRDA:66,5,1,0
BRDA:66,6,0,0
BRDA:66,6,1,0
BRDA:66,7,0,0
BRDA:66,7,1,0
BRDA:71,8,0,0
BRDA:71,9,0,0
BRDA:71,9,1,0
BRDA:71,10,0,0
BRDA:71,10,1,0
BRDA:71,11,0,0
BRDA:71,11,1,0
BRDA:71,12,0,0
BRDA:71,12,1,0
BRDA:71,13,0,0
BRDA:71,13,1,0
BRDA:73,14,0,0
BRDA:73,15,0,0
BRDA:73,15,1,0
BRDA:73,15,2,0
BRDA:80,16,0,0
BRDA:80,17,0,0
BRDA:82,18,0,0
BRDA:84,19,0,0
BRDA:84,20,0,0
BRDA:84,20,1,0
BRDA:90,21,0,0
BRDA:90,21,1,0
BRDA:93,22,0,0
BRDA:93,22,1,0
BRDA:96,23,0,0
BRDA:100,24,0,0
BRDA:100,25,0,0
BRDA:100,25,1,0
BRDA:101,26,0,0
BRDA:101,26,1,0
BRDA:101,27,0,0
BRDA:101,27,1,0
BRDA:102,28,0,0
BRDA:102,28,1,0
BRDA:102,29,0,0
BRDA:102,29,1,0
BRDA:112,30,0,0
BRDA:112,31,0,0
BRDA:112,31,1,0
BRDA:116,32,0,0
BRDA:116,32,1,0
BRDA:116,33,0,0
BRDA:116,33,1,0
BRDA:117,34,0,0
BRDA:117,34,1,0
BRDA:117,35,0,0
BRDA:117,35,1,0
BRDA:119,36,0,0
BRDA:119,36,1,0
BRDA:120,37,0,0
BRDA:120,37,1,0
BRDA:122,38,0,0
BRDA:122,38,1,0
BRDA:135,39,0,0
BRDA:135,39,1,0
BRDA:136,40,0,0
BRDA:136,40,1,0
BRDA:144,41,0,0
BRDA:144,41,1,0
BRDA:161,42,0,0
BRDA:161,43,0,0
BRDA:161,43,1,0
BRDA:162,44,0,0
BRDA:171,45,0,0
BRDA:172,46,0,0
BRDA:172,47,0,0
BRDA:173,48,0,0
BRDA:173,49,0,0
BRDA:173,49,1,0
BRDA:173,50,0,0
BRDA:173,50,1,0
BRDA:173,51,0,0
BRDA:173,52,0,0
BRDA:173,52,1,0
BRDA:173,53,0,0
BRDA:173,54,0,0
BRDA:173,54,1,0
BRDA:176,55,0,0
BRDA:176,56,0,0
BRDA:176,56,1,0
BRDA:176,56,2,0
BRDA:178,57,0,0
BRDA:178,58,0,0
BRDA:178,58,1,0
BRDA:179,59,0,0
BRDA:179,59,1,0
BRDA:185,60,0,0
BRDA:185,60,1,0
BRDA:190,61,0,0
BRDA:204,62,0,0
BRDA:215,63,0,0
BRDA:215,64,0,0
BRDA:215,64,1,0
BRDA:215,64,2,0
BRDA:215,65,0,0
BRDA:215,65,1,0
BRDA:215,66,0,0
BRDA:215,66,1,0
BRDA:218,67,0,0
BRDA:221,68,0,0
BRF:114
BRH:0
end_of_record
TN:
SF:components\map\providers\MapProviderFactory.ts
FN:7,(anonymous_0)
FNF:1
FNH:1
FNDA:7,(anonymous_0)
DA:2,1
DA:3,1
DA:5,1
DA:8,7
DA:10,4
DA:12,2
DA:14,1
LF:7
LH:7
BRDA:7,0,0,4
BRDA:8,1,0,4
BRDA:8,1,1,2
BRDA:8,1,2,1
BRF:4
BRH:4
end_of_record
TN:
SF:components\modals\ConfirmModal.ts
FN:10,(anonymous_0)
FN:17,(anonymous_1)
FN:18,(anonymous_2)
FN:57,(anonymous_3)
FN:64,(anonymous_4)
FN:65,(anonymous_5)
FN:66,(anonymous_6)
FNF:7
FNH:0
FNDA:0,(anonymous_0)
FNDA:0,(anonymous_1)
FNDA:0,(anonymous_2)
FNDA:0,(anonymous_3)
FNDA:0,(anonymous_4)
FNDA:0,(anonymous_5)
FNDA:0,(anonymous_6)
DA:1,0
DA:11,0
DA:12,0
DA:13,0
DA:14,0
DA:18,0
DA:19,0
DA:20,0
DA:22,0
DA:23,0
DA:25,0
DA:26,0
DA:28,0
DA:29,0
DA:30,0
DA:32,0
DA:33,0
DA:34,0
DA:36,0
DA:37,0
DA:39,0
DA:40,0
DA:41,0
DA:43,0
DA:44,0
DA:45,0
DA:46,0
DA:48,0
DA:49,0
DA:50,0
DA:51,0
DA:52,0
DA:53,0
DA:54,0
DA:55,0
DA:57,0
DA:58,0
DA:59,0
DA:60,0
DA:61,0
DA:64,0
DA:65,0
DA:66,0
LF:43
LH:0
BRDA:10,0,0,0
BRDA:10,1,0,0
BRDA:10,2,0,0
BRDA:45,3,0,0
BRDA:58,4,0,0
BRDA:58,5,0,0
BRDA:58,5,1,0
BRDA:64,6,0,0
BRF:8
BRH:0
end_of_record
TN:
SF:components\modals\PlaceEditModal.tsx
FN:34,PlaceEditModal
FN:46,(anonymous_2)
FN:58,(anonymous_3)
FN:81,(anonymous_4)
FN:82,(anonymous_5)
FN:88,(anonymous_6)
FN:97,(anonymous_7)
FN:99,(anonymous_8)
FN:100,(anonymous_9)
FN:106,(anonymous_10)
FN:115,(anonymous_11)
FN:117,(anonymous_12)
FN:156,(anonymous_13)
FN:157,(anonymous_14)
FN:176,(anonymous_15)
FN:187,(anonymous_16)
FN:190,(anonymous_17)
FN:194,(anonymous_18)
FN:197,(anonymous_19)
FN:216,(anonymous_20)
FN:226,(anonymous_21)
FN:242,(anonymous_22)
FN:245,(anonymous_23)
FN:257,(anonymous_24)
FN:258,(anonymous_25)
FN:259,(anonymous_26)
FN:266,(anonymous_27)
FN:294,(anonymous_28)
FN:315,(anonymous_29)
FN:322,(anonymous_30)
FN:330,(anonymous_31)
FN:331,(anonymous_32)
FNF:32
FNH:0
FNDA:0,PlaceEditModal
FNDA:0,(anonymous_2)
FNDA:0,(anonymous_3)
FNDA:0,(anonymous_4)
FNDA:0,(anonymous_5)
FNDA:0,(anonymous_6)
FNDA:0,(anonymous_7)
FNDA:0,(anonymous_8)
FNDA:0,(anonymous_9)
FNDA:0,(anonymous_10)
FNDA:0,(anonymous_11)
FNDA:0,(anonymous_12)
FNDA:0,(anonymous_13)
FNDA:0,(anonymous_14)
FNDA:0,(anonymous_15)
FNDA:0,(anonymous_16)
FNDA:0,(anonymous_17)
FNDA:0,(anonymous_18)
FNDA:0,(anonymous_19)
FNDA:0,(anonymous_20)
FNDA:0,(anonymous_21)
FNDA:0,(anonymous_22)
FNDA:0,(anonymous_23)
FNDA:0,(anonymous_24)
FNDA:0,(anonymous_25)
FNDA:0,(anonymous_26)
FNDA:0,(anonymous_27)
FNDA:0,(anonymous_28)
FNDA:0,(anonymous_29)
FNDA:0,(anonymous_30)
FNDA:0,(anonymous_31)
FNDA:0,(anonymous_32)
DA:1,0
DA:3,0
DA:4,0
DA:5,0
DA:6,0
DA:7,0
DA:34,0
DA:35,0
DA:36,0
DA:37,0
DA:38,0
DA:39,0
DA:40,0
DA:41,0
DA:42,0
DA:43,0
DA:44,0
DA:46,0
DA:47,0
DA:48,0
DA:49,0
DA:50,0
DA:51,0
DA:52,0
DA:53,0
DA:54,0
DA:58,0
DA:59,0
DA:60,0
DA:61,0
DA:62,0
DA:63,0
DA:64,0
DA:65,0
DA:67,0
DA:69,0
DA:70,0
DA:71,0
DA:72,0
DA:74,0
DA:76,0
DA:77,0
DA:81,0
DA:82,0
DA:83,0
DA:84,0
DA:85,0
DA:86,0
DA:88,0
DA:89,0
DA:90,0
DA:91,0
DA:92,0
DA:93,0
DA:94,0
DA:95,0
DA:97,0
DA:99,0
DA:100,0
DA:101,0
DA:102,0
DA:103,0
DA:104,0
DA:106,0
DA:107,0
DA:108,0
DA:109,0
DA:110,0
DA:111,0
DA:112,0
DA:113,0
DA:115,0
DA:117,0
DA:118,0
DA:119,0
DA:120,0
DA:122,0
DA:125,0
DA:126,0
DA:127,0
DA:129,0
DA:130,0
DA:131,0
DA:135,0
DA:136,0
DA:137,0
DA:138,0
DA:141,0
DA:142,0
DA:145,0
DA:147,0
DA:148,0
DA:149,0
DA:152,0
DA:153,0
DA:155,0
DA:156,0
DA:157,0
DA:176,0
DA:187,0
DA:190,0
DA:194,0
DA:197,0
DA:216,0
DA:226,0
DA:242,0
DA:255,0
DA:256,0
DA:257,0
DA:258,0
DA:259,0
DA:260,0
DA:261,0
DA:263,0
DA:264,0
DA:266,0
DA:267,0
DA:294,0
DA:315,0
DA:322,0
DA:330,0
DA:331,0
LF:122
LH:0
BRDA:35,0,0,0
BRDA:35,0,1,0
BRDA:35,1,0,0
BRDA:35,1,1,0
BRDA:35,2,0,0
BRDA:35,2,1,0
BRDA:36,3,0,0
BRDA:36,3,1,0
BRDA:36,4,0,0
BRDA:36,4,1,0
BRDA:36,5,0,0
BRDA:36,5,1,0
BRDA:37,6,0,0
BRDA:37,6,1,0
BRDA:37,7,0,0
BRDA:37,7,1,0
BRDA:37,8,0,0
BRDA:37,8,1,0
BRDA:38,9,0,0
BRDA:38,9,1,0
BRDA:38,10,0,0
BRDA:38,10,1,0
BRDA:38,11,0,0
BRDA:38,11,1,0
BRDA:39,12,0,0
BRDA:39,12,1,0
BRDA:39,13,0,0
BRDA:39,13,1,0
BRDA:47,14,0,0
BRDA:48,15,0,0
BRDA:48,15,1,0
BRDA:48,16,0,0
BRDA:48,16,1,0
BRDA:48,17,0,0
BRDA:48,17,1,0
BRDA:49,18,0,0
BRDA:49,18,1,0
BRDA:49,19,0,0
BRDA:49,19,1,0
BRDA:49,20,0,0
BRDA:49,20,1,0
BRDA:50,21,0,0
BRDA:50,21,1,0
BRDA:50,22,0,0
BRDA:50,22,1,0
BRDA:50,23,0,0
BRDA:50,23,1,0
BRDA:51,24,0,0
BRDA:51,24,1,0
BRDA:51,25,0,0
BRDA:51,25,1,0
BRDA:51,26,0,0
BRDA:51,26,1,0
BRDA:52,27,0,0
BRDA:52,27,1,0
BRDA:52,28,0,0
BRDA:52,28,1,0
BRDA:59,29,0,0
BRDA:59,29,1,0
BRDA:62,30,0,0
BRDA:62,30,1,0
BRDA:64,31,0,0
BRDA:64,31,1,0
BRDA:64,32,0,0
BRDA:64,32,1,0
BRDA:69,33,0,0
BRDA:69,33,1,0
BRDA:71,34,0,0
BRDA:71,34,1,0
BRDA:71,35,0,0
BRDA:71,35,1,0
BRDA:76,36,0,0
BRDA:83,37,0,0
BRDA:83,37,1,0
BRDA:84,38,0,0
BRDA:84,38,1,0
BRDA:86,39,0,0
BRDA:86,39,1,0
BRDA:89,40,0,0
BRDA:90,41,0,0
BRDA:90,41,1,0
BRDA:91,42,0,0
BRDA:91,42,1,0
BRDA:93,43,0,0
BRDA:93,43,1,0
BRDA:101,44,0,0
BRDA:101,44,1,0
BRDA:102,45,0,0
BRDA:102,45,1,0
BRDA:104,46,0,0
BRDA:104,46,1,0
BRDA:107,47,0,0
BRDA:108,48,0,0
BRDA:108,48,1,0
BRDA:109,49,0,0
BRDA:109,49,1,0
BRDA:111,50,0,0
BRDA:111,50,1,0
BRDA:118,51,0,0
BRDA:125,52,0,0
BRDA:125,53,0,0
BRDA:125,53,1,0
BRDA:129,54,0,0
BRDA:129,55,0,0
BRDA:129,55,1,0
BRDA:136,56,0,0
BRDA:137,57,0,0
BRDA:137,57,1,0
BRDA:145,58,0,0
BRDA:147,59,0,0
BRDA:147,59,1,0
BRDA:147,60,0,0
BRDA:147,60,1,0
BRDA:147,61,0,0
BRDA:147,61,1,0
BRDA:148,62,0,0
BRDA:148,62,1,0
BRDA:148,63,0,0
BRDA:148,63,1,0
BRDA:148,64,0,0
BRDA:148,64,1,0
BRDA:148,65,0,0
BRDA:148,65,1,0
BRDA:148,66,0,0
BRDA:148,66,1,0
BRDA:149,67,0,0
BRDA:149,67,1,0
BRDA:150,68,0,0
BRDA:150,68,1,0
BRDA:150,69,0,0
BRDA:150,69,1,0
BRDA:152,70,0,0
BRDA:152,70,1,0
BRDA:152,71,0,0
BRDA:152,71,1,0
BRDA:153,72,0,0
BRDA:153,72,1,0
BRDA:153,73,0,0
BRDA:153,73,1,0
BRDA:156,74,0,0
BRDA:160,75,0,0
BRDA:160,75,1,0
BRDA:160,76,0,0
BRDA:160,76,1,0
BRDA:160,77,0,0
BRDA:160,77,1,0
BRDA:163,78,0,0
BRDA:163,78,1,0
BRDA:163,78,2,0
BRDA:163,79,0,0
BRDA:163,79,1,0
BRDA:163,80,0,0
BRDA:163,80,1,0
BRDA:175,81,0,0
BRDA:175,81,1,0
BRDA:178,82,0,0
BRDA:178,82,1,0
BRDA:188,83,0,0
BRDA:188,83,1,0
BRDA:191,84,0,0
BRDA:191,84,1,0
BRDA:195,85,0,0
BRDA:195,85,1,0
BRDA:198,86,0,0
BRDA:198,86,1,0
BRDA:201,87,0,0
BRDA:201,87,1,0
BRDA:208,88,0,0
BRDA:208,88,1,0
BRDA:212,89,0,0
BRDA:212,89,1,0
BRDA:215,90,0,0
BRDA:215,90,1,0
BRDA:215,91,0,0
BRDA:215,91,1,0
BRDA:215,92,0,0
BRDA:215,92,1,0
BRDA:216,93,0,0
BRDA:216,93,1,0
BRDA:223,94,0,0
BRDA:223,94,1,0
BRDA:223,95,0,0
BRDA:223,95,1,0
BRDA:223,96,0,0
BRDA:223,96,1,0
BRDA:230,97,0,0
BRDA:230,97,1,0
BRDA:238,98,0,0
BRDA:238,98,1,0
BRDA:245,99,0,0
BRDA:245,99,1,0
BRDA:256,100,0,0
BRDA:256,100,1,0
BRDA:257,101,0,0
BRDA:257,101,1,0
BRDA:259,102,0,0
BRDA:259,102,1,0
BRDA:259,103,0,0
BRDA:259,103,1,0
BRDA:259,104,0,0
BRDA:259,104,1,0
BRDA:260,105,0,0
BRDA:260,105,1,0
BRDA:261,106,0,0
BRDA:261,106,1,0
BRDA:261,107,0,0
BRDA:261,107,1,0
BRDA:261,108,0,0
BRDA:261,108,1,0
BRDA:264,109,0,0
BRDA:264,109,1,0
BRDA:264,110,0,0
BRDA:264,110,1,0
BRDA:264,111,0,0
BRDA:264,111,1,0
BRDA:271,112,0,0
BRDA:271,112,1,0
BRDA:271,113,0,0
BRDA:271,113,1,0
BRDA:271,114,0,0
BRDA:271,114,1,0
BRDA:300,115,0,0
BRDA:300,115,1,0
BRDA:300,116,0,0
BRDA:300,116,1,0
BRDA:300,117,0,0
BRDA:300,117,1,0
BRDA:300,118,0,0
BRDA:300,118,1,0
BRDA:313,119,0,0
BRDA:313,119,1,0
BRDA:313,120,0,0
BRDA:313,120,1,0
BRDA:313,121,0,0
BRDA:313,121,1,0
BRDA:315,122,0,0
BRDA:320,123,0,0
BRDA:320,123,1,0
BRDA:320,124,0,0
BRDA:320,124,1,0
BRDA:320,125,0,0
BRDA:320,125,1,0
BRDA:322,126,0,0
BRDA:324,127,0,0
BRDA:324,127,1,0
BRF:245
BRH:0
end_of_record
TN:
SF:components\modals\RoadmapEditModal.tsx
FN:45,diffNights
FN:53,RoadmapEditModal
FN:65,(anonymous_9)
FN:76,(anonymous_10)
FN:95,(anonymous_11)
FN:102,(anonymous_12)
FN:119,(anonymous_13)
FN:120,(anonymous_14)
FN:138,(anonymous_15)
FN:139,(anonymous_16)
FN:161,(anonymous_17)
FN:176,(anonymous_18)
FN:187,(anonymous_19)
FN:191,(anonymous_20)
FN:223,(anonymous_21)
FN:227,(anonymous_22)
FN:250,(anonymous_23)
FN:278,(anonymous_24)
FN:305,(anonymous_25)
FN:306,(anonymous_26)
FN:311,(anonymous_27)
FN:320,(anonymous_28)
FN:321,(anonymous_29)
FNF:23
FNH:0
FNDA:0,diffNights
FNDA:0,RoadmapEditModal
FNDA:0,(anonymous_9)
FNDA:0,(anonymous_10)
FNDA:0,(anonymous_11)
FNDA:0,(anonymous_12)
FNDA:0,(anonymous_13)
FNDA:0,(anonymous_14)
FNDA:0,(anonymous_15)
FNDA:0,(anonymous_16)
FNDA:0,(anonymous_17)
FNDA:0,(anonymous_18)
FNDA:0,(anonymous_19)
FNDA:0,(anonymous_20)
FNDA:0,(anonymous_21)
FNDA:0,(anonymous_22)
FNDA:0,(anonymous_23)
FNDA:0,(anonymous_24)
FNDA:0,(anonymous_25)
FNDA:0,(anonymous_26)
FNDA:0,(anonymous_27)
FNDA:0,(anonymous_28)
FNDA:0,(anonymous_29)
DA:1,0
DA:3,0
DA:4,0
DA:5,0
DA:6,0
DA:32,0
DA:34,0
DA:39,0
DA:46,0
DA:47,0
DA:48,0
DA:49,0
DA:50,0
DA:53,0
DA:54,0
DA:55,0
DA:56,0
DA:57,0
DA:58,0
DA:59,0
DA:60,0
DA:63,0
DA:65,0
DA:66,0
DA:67,0
DA:68,0
DA:69,0
DA:70,0
DA:71,0
DA:72,0
DA:76,0
DA:77,0
DA:78,0
DA:79,0
DA:81,0
DA:84,0
DA:85,0
DA:86,0
DA:87,0
DA:88,0
DA:89,0
DA:91,0
DA:95,0
DA:102,0
DA:103,0
DA:104,0
DA:105,0
DA:106,0
DA:107,0
DA:110,0
DA:112,0
DA:113,0
DA:119,0
DA:120,0
DA:121,0
DA:122,0
DA:131,0
DA:133,0
DA:134,0
DA:135,0
DA:137,0
DA:138,0
DA:139,0
DA:161,0
DA:176,0
DA:187,0
DA:191,0
DA:227,0
DA:228,0
DA:229,0
DA:231,0
DA:232,0
DA:236,0
DA:237,0
DA:246,0
DA:250,0
DA:278,0
DA:305,0
DA:307,0
DA:308,0
DA:309,0
DA:312,0
DA:313,0
DA:314,0
DA:320,0
DA:321,0
LF:86
LH:0
BRDA:46,0,0,0
BRDA:46,1,0,0
BRDA:46,1,1,0
BRDA:49,2,0,0
BRDA:49,3,0,0
BRDA:49,3,1,0
BRDA:54,4,0,0
BRDA:54,4,1,0
BRDA:54,5,0,0
BRDA:54,5,1,0
BRDA:54,6,0,0
BRDA:54,6,1,0
BRDA:55,7,0,0
BRDA:55,7,1,0
BRDA:55,8,0,0
BRDA:55,8,1,0
BRDA:55,9,0,0
BRDA:55,9,1,0
BRDA:55,10,0,0
BRDA:55,10,1,0
BRDA:55,11,0,0
BRDA:55,11,1,0
BRDA:56,12,0,0
BRDA:56,12,1,0
BRDA:56,13,0,0
BRDA:56,13,1,0
BRDA:56,14,0,0
BRDA:56,14,1,0
BRDA:56,15,0,0
BRDA:56,15,1,0
BRDA:56,16,0,0
BRDA:56,16,1,0
BRDA:57,17,0,0
BRDA:57,17,1,0
BRDA:57,18,0,0
BRDA:57,18,1,0
BRDA:57,19,0,0
BRDA:57,19,1,0
BRDA:57,20,0,0
BRDA:57,20,1,0
BRDA:57,21,0,0
BRDA:57,21,1,0
BRDA:58,22,0,0
BRDA:58,22,1,0
BRDA:58,23,0,0
BRDA:58,23,1,0
BRDA:58,24,0,0
BRDA:58,24,1,0
BRDA:58,25,0,0
BRDA:58,25,1,0
BRDA:58,26,0,0
BRDA:58,26,1,0
BRDA:66,27,0,0
BRDA:67,28,0,0
BRDA:67,28,1,0
BRDA:67,29,0,0
BRDA:67,29,1,0
BRDA:67,30,0,0
BRDA:67,30,1,0
BRDA:68,31,0,0
BRDA:68,31,1,0
BRDA:68,32,0,0
BRDA:68,32,1,0
BRDA:68,33,0,0
BRDA:68,33,1,0
BRDA:68,34,0,0
BRDA:68,34,1,0
BRDA:68,35,0,0
BRDA:68,35,1,0
BRDA:69,36,0,0
BRDA:69,36,1,0
BRDA:69,37,0,0
BRDA:69,37,1,0
BRDA:69,38,0,0
BRDA:69,38,1,0
BRDA:69,39,0,0
BRDA:69,39,1,0
BRDA:69,40,0,0
BRDA:69,40,1,0
BRDA:70,41,0,0
BRDA:70,41,1,0
BRDA:70,42,0,0
BRDA:70,42,1,0
BRDA:70,43,0,0
BRDA:70,43,1,0
BRDA:70,44,0,0
BRDA:70,44,1,0
BRDA:70,45,0,0
BRDA:70,45,1,0
BRDA:71,46,0,0
BRDA:71,46,1,0
BRDA:71,47,0,0
BRDA:71,47,1,0
BRDA:71,48,0,0
BRDA:71,48,1,0
BRDA:71,49,0,0
BRDA:71,49,1,0
BRDA:71,50,0,0
BRDA:71,50,1,0
BRDA:77,51,0,0
BRDA:85,52,0,0
BRDA:86,53,0,0
BRDA:87,54,0,0
BRDA:88,55,0,0
BRDA:88,56,0,0
BRDA:88,56,1,0
BRDA:104,57,0,0
BRDA:104,57,1,0
BRDA:105,58,0,0
BRDA:105,59,0,0
BRDA:105,59,1,0
BRDA:105,59,2,0
BRDA:105,59,3,0
BRDA:107,60,0,0
BRDA:107,61,0,0
BRDA:107,61,1,0
BRDA:107,62,0,0
BRDA:107,62,1,0
BRDA:131,63,0,0
BRDA:133,64,0,0
BRDA:133,64,1,0
BRDA:134,65,0,0
BRDA:134,65,1,0
BRDA:135,66,0,0
BRDA:135,66,1,0
BRDA:138,67,0,0
BRDA:142,68,0,0
BRDA:142,68,1,0
BRDA:145,69,0,0
BRDA:145,69,1,0
BRDA:145,70,0,0
BRDA:145,70,1,0
BRDA:145,71,0,0
BRDA:145,71,1,0
BRDA:145,72,0,0
BRDA:145,72,1,0
BRDA:145,73,0,0
BRDA:145,73,1,0
BRDA:160,74,0,0
BRDA:160,74,1,0
BRDA:164,75,0,0
BRDA:164,75,1,0
BRDA:184,76,0,0
BRDA:184,76,1,0
BRDA:188,77,0,0
BRDA:188,77,1,0
BRDA:192,78,0,0
BRDA:192,78,1,0
BRDA:202,79,0,0
BRDA:202,79,1,0
BRDA:208,80,0,0
BRDA:208,80,1,0
BRDA:223,81,0,0
BRDA:223,81,1,0
BRDA:232,82,0,0
BRDA:232,82,1,0
BRDA:236,83,0,0
BRDA:256,84,0,0
BRDA:256,84,1,0
BRDA:256,85,0,0
BRDA:256,85,1,0
BRDA:256,86,0,0
BRDA:256,86,1,0
BRDA:257,87,0,0
BRDA:257,87,1,0
BRDA:257,88,0,0
BRDA:257,88,1,0
BRDA:257,89,0,0
BRDA:257,89,1,0
BRDA:272,90,0,0
BRDA:272,90,1,0
BRDA:291,91,0,0
BRDA:291,91,1,0
BRDA:291,92,0,0
BRDA:291,92,1,0
BRDA:296,93,0,0
BRDA:296,93,1,0
BRDA:304,94,0,0
BRDA:304,94,1,0
BRDA:304,95,0,0
BRDA:304,95,1,0
BRDA:307,96,0,0
BRDA:307,96,1,0
BRDA:308,97,0,0
BRDA:312,98,0,0
BRDA:312,98,1,0
BRDA:313,99,0,0
BRF:187
BRH:0
end_of_record
TN:
SF:components\modals\RouteSegmentEditModal.tsx
FN:23,RouteSegmentEditModal
FN:32,(anonymous_7)
FN:41,(anonymous_8)
FN:46,(anonymous_9)
FN:71,(anonymous_10)
FN:85,(anonymous_11)
FN:86,(anonymous_12)
FN:94,(anonymous_13)
FN:97,(anonymous_14)
FN:106,(anonymous_15)
FN:113,(anonymous_16)
FN:120,(anonymous_17)
FNF:12
FNH:0
FNDA:0,RouteSegmentEditModal
FNDA:0,(anonymous_7)
FNDA:0,(anonymous_8)
FNDA:0,(anonymous_9)
FNDA:0,(anonymous_10)
FNDA:0,(anonymous_11)
FNDA:0,(anonymous_12)
FNDA:0,(anonymous_13)
FNDA:0,(anonymous_14)
FNDA:0,(anonymous_15)
FNDA:0,(anonymous_16)
FNDA:0,(anonymous_17)
DA:1,0
DA:2,0
DA:4,0
DA:5,0
DA:21,0
DA:23,0
DA:26,0
DA:27,0
DA:28,0
DA:29,0
DA:30,0
DA:32,0
DA:33,0
DA:34,0
DA:35,0
DA:36,0
DA:37,0
DA:41,0
DA:42,0
DA:43,0
DA:46,0
DA:47,0
DA:48,0
DA:49,0
DA:51,0
DA:52,0
DA:53,0
DA:54,0
DA:55,0
DA:56,0
DA:57,0
DA:58,0
DA:60,0
DA:61,0
DA:62,0
DA:64,0
DA:65,0
DA:67,0
DA:71,0
DA:72,0
DA:73,0
DA:74,0
DA:75,0
DA:76,0
DA:77,0
DA:78,0
DA:79,0
DA:82,0
DA:84,0
DA:85,0
DA:86,0
DA:94,0
DA:98,0
DA:106,0
DA:113,0
DA:120,0
LF:56
LH:0
BRDA:26,0,0,0
BRDA:26,0,1,0
BRDA:26,1,0,0
BRDA:26,1,1,0
BRDA:26,2,0,0
BRDA:26,2,1,0
BRDA:27,3,0,0
BRDA:27,3,1,0
BRDA:27,4,0,0
BRDA:27,4,1,0
BRDA:27,5,0,0
BRDA:27,5,1,0
BRDA:28,6,0,0
BRDA:28,6,1,0
BRDA:28,7,0,0
BRDA:28,7,1,0
BRDA:28,8,0,0
BRDA:28,8,1,0
BRDA:29,9,0,0
BRDA:29,9,1,0
BRDA:29,10,0,0
BRDA:29,10,1,0
BRDA:29,11,0,0
BRDA:29,11,1,0
BRDA:33,12,0,0
BRDA:34,13,0,0
BRDA:34,13,1,0
BRDA:34,14,0,0
BRDA:34,14,1,0
BRDA:34,15,0,0
BRDA:34,15,1,0
BRDA:35,16,0,0
BRDA:35,16,1,0
BRDA:35,17,0,0
BRDA:35,17,1,0
BRDA:35,18,0,0
BRDA:35,18,1,0
BRDA:36,19,0,0
BRDA:36,19,1,0
BRDA:36,20,0,0
BRDA:36,20,1,0
BRDA:36,21,0,0
BRDA:36,21,1,0
BRDA:37,22,0,0
BRDA:37,22,1,0
BRDA:37,23,0,0
BRDA:37,23,1,0
BRDA:37,24,0,0
BRDA:37,24,1,0
BRDA:42,25,0,0
BRDA:43,26,0,0
BRDA:43,26,1,0
BRDA:43,27,0,0
BRDA:43,27,1,0
BRDA:43,28,0,0
BRDA:43,28,1,0
BRDA:47,29,0,0
BRDA:47,30,0,0
BRDA:47,30,1,0
BRDA:53,31,0,0
BRDA:53,31,1,0
BRDA:53,32,0,0
BRDA:53,32,1,0
BRDA:53,33,0,0
BRDA:53,33,1,0
BRDA:53,34,0,0
BRDA:53,34,1,0
BRDA:56,35,0,0
BRDA:62,36,0,0
BRDA:76,37,0,0
BRDA:77,38,0,0
BRDA:78,39,0,0
BRDA:82,40,0,0
BRDA:85,41,0,0
BRDA:129,42,0,0
BRDA:129,42,1,0
BRDA:129,42,2,0
BRDA:130,43,0,0
BRDA:130,43,1,0
BRDA:130,44,0,0
BRDA:130,44,1,0
BRDA:131,45,0,0
BRDA:131,45,1,0
BRDA:132,46,0,0
BRDA:132,46,1,0
BRDA:132,47,0,0
BRDA:132,47,1,0
BRF:87
BRH:0
end_of_record
TN:
SF:components\settings\RoadmapSettingTab.ts
FN:9,(anonymous_0)
FN:14,(anonymous_1)
FN:21,(anonymous_2)
FN:24,(anonymous_3)
FN:31,(anonymous_4)
FN:33,(anonymous_5)
FN:41,(anonymous_6)
FN:43,(anonymous_7)
FN:50,(anonymous_8)
FN:55,(anonymous_9)
FN:65,(anonymous_10)
FN:68,(anonymous_11)
FN:82,(anonymous_12)
FN:85,(anonymous_13)
FN:93,(anonymous_14)
FN:96,(anonymous_15)
FNF:16
FNH:0
FNDA:0,(anonymous_0)
FNDA:0,(anonymous_1)
FNDA:0,(anonymous_2)
FNDA:0,(anonymous_3)
FNDA:0,(anonymous_4)
FNDA:0,(anonymous_5)
FNDA:0,(anonymous_6)
FNDA:0,(anonymous_7)
FNDA:0,(anonymous_8)
FNDA:0,(anonymous_9)
FNDA:0,(anonymous_10)
FNDA:0,(anonymous_11)
FNDA:0,(anonymous_12)
FNDA:0,(anonymous_13)
FNDA:0,(anonymous_14)
FNDA:0,(anonymous_15)
DA:1,0
DA:7,0
DA:10,0
DA:11,0
DA:15,0
DA:16,0
DA:18,0
DA:22,0
DA:25,0
DA:29,0
DA:32,0
DA:34,0
DA:38,0
DA:42,0
DA:44,0
DA:48,0
DA:51,0
DA:52,0
DA:53,0
DA:54,0
DA:56,0
DA:57,0
DA:58,0
DA:62,0
DA:63,0
DA:66,0
DA:69,0
DA:74,0
DA:75,0
DA:76,0
DA:77,0
DA:79,0
DA:83,0
DA:86,0
DA:90,0
DA:94,0
DA:97,0
LF:37
LH:0
BRDA:56,0,0,0
BRDA:56,0,1,0
BRDA:62,1,0,0
BRDA:67,2,0,0
BRDA:67,2,1,0
BRDA:74,3,0,0
BRDA:84,4,0,0
BRDA:84,4,1,0
BRDA:95,5,0,0
BRDA:95,5,1,0
BRF:10
BRH:0
end_of_record
TN:
SF:pages\roadmap\helpers.ts
FN:5,haversineMeters
FN:7,(anonymous_1)
FN:18,formatStraightLineDistance
FN:27,getPlaceStatusColor
FN:38,(anonymous_4)
FN:70,formatPlaceTime
FN:75,(anonymous_6)
FN:79,(anonymous_7)
FN:90,(anonymous_8)
FNF:9
FNH:6
FNDA:0,haversineMeters
FNDA:0,(anonymous_1)
FNDA:0,formatStraightLineDistance
FNDA:5,getPlaceStatusColor
FNDA:1,(anonymous_4)
FNDA:6,formatPlaceTime
FNDA:7,(anonymous_6)
FNDA:7,(anonymous_7)
FNDA:6,(anonymous_8)
DA:2,1
DA:5,1
DA:6,0
DA:7,0
DA:8,0
DA:9,0
DA:10,0
DA:12,0
DA:18,1
DA:19,0
DA:20,0
DA:21,0
DA:22,0
DA:23,0
DA:27,1
DA:31,5
DA:32,5
DA:33,5
DA:35,5
DA:36,3
DA:37,1
DA:38,1
DA:39,1
DA:42,2
DA:45,2
DA:46,2
DA:47,2
DA:48,2
DA:49,2
DA:51,1
DA:52,0
DA:53,0
DA:55,1
DA:57,0
DA:70,1
DA:71,6
DA:72,6
DA:73,6
DA:75,5
DA:76,7
DA:77,7
DA:79,5
DA:80,7
DA:81,7
DA:84,5
DA:85,5
DA:86,5
DA:87,5
DA:90,5
DA:91,6
DA:92,1
DA:93,0
DA:94,0
DA:97,5
DA:98,5
DA:100,2
DA:102,2
DA:104,1
DA:105,1
DA:106,1
DA:107,1
LF:61
LH:45
BRDA:19,0,0,0
BRDA:19,1,0,0
BRDA:19,1,1,0
BRDA:20,2,0,0
BRDA:20,3,0,0
BRDA:20,3,1,0
BRDA:21,4,0,0
BRDA:21,5,0,0
BRDA:21,5,1,0
BRDA:23,6,0,0
BRDA:23,6,1,0
BRDA:31,7,0,0
BRDA:31,7,1,5
BRDA:31,8,0,5
BRDA:31,8,1,5
BRDA:32,9,0,0
BRDA:32,9,1,5
BRDA:32,10,0,5
BRDA:32,10,1,5
BRDA:33,11,0,5
BRDA:33,11,1,2
BRDA:35,12,0,3
BRDA:37,13,0,1
BRDA:37,13,1,0
BRDA:38,14,0,1
BRDA:38,15,0,1
BRDA:38,15,1,1
BRDA:47,16,0,2
BRDA:49,17,0,1
BRDA:51,18,0,0
BRDA:53,19,0,0
BRDA:71,20,0,0
BRDA:71,20,1,6
BRDA:71,21,0,6
BRDA:71,21,1,6
BRDA:72,22,0,0
BRDA:72,22,1,6
BRDA:72,23,0,6
BRDA:72,23,1,6
BRDA:73,24,0,1
BRDA:77,25,0,7
BRDA:77,25,1,0
BRDA:81,26,0,6
BRDA:81,26,1,1
BRDA:86,27,0,2
BRDA:86,27,1,3
BRDA:87,28,0,2
BRDA:87,28,1,3
BRDA:91,29,0,5
BRDA:91,30,0,6
BRDA:91,30,1,6
BRDA:92,31,0,1
BRDA:93,32,0,0
BRDA:98,33,0,3
BRDA:100,34,0,2
BRDA:100,34,1,2
BRDA:100,34,2,2
BRDA:102,35,0,1
BRDA:102,36,0,2
BRDA:102,36,1,1
BRDA:102,36,2,1
BRDA:105,37,0,0
BRDA:106,38,0,0
BRF:63
BRH:41
end_of_record
TN:
SF:pages\roadmap\index.tsx
FN:35,RoadmapPage
FN:47,(anonymous_8)
FN:48,(anonymous_9)
FN:103,(anonymous_10)
FN:117,(anonymous_11)
FN:120,(anonymous_12)
FN:122,(anonymous_13)
FN:142,(anonymous_14)
FN:151,(anonymous_15)
FN:154,(anonymous_16)
FN:158,(anonymous_17)
FN:162,(anonymous_18)
FN:166,(anonymous_19)
FN:179,(anonymous_20)
FN:182,(anonymous_21)
FN:206,(anonymous_22)
FN:234,(anonymous_23)
FN:252,(anonymous_24)
FN:309,(anonymous_25)
FN:318,(anonymous_26)
FN:320,(anonymous_27)
FN:321,(anonymous_28)
FN:338,(anonymous_29)
FN:339,(anonymous_30)
FN:351,(anonymous_31)
FN:370,(anonymous_32)
FN:380,(anonymous_33)
FNF:27
FNH:0
FNDA:0,RoadmapPage
FNDA:0,(anonymous_8)
FNDA:0,(anonymous_9)
FNDA:0,(anonymous_10)
FNDA:0,(anonymous_11)
FNDA:0,(anonymous_12)
FNDA:0,(anonymous_13)
FNDA:0,(anonymous_14)
FNDA:0,(anonymous_15)
FNDA:0,(anonymous_16)
FNDA:0,(anonymous_17)
FNDA:0,(anonymous_18)
FNDA:0,(anonymous_19)
FNDA:0,(anonymous_20)
FNDA:0,(anonymous_21)
FNDA:0,(anonymous_22)
FNDA:0,(anonymous_23)
FNDA:0,(anonymous_24)
FNDA:0,(anonymous_25)
FNDA:0,(anonymous_26)
FNDA:0,(anonymous_27)
FNDA:0,(anonymous_28)
FNDA:0,(anonymous_29)
FNDA:0,(anonymous_30)
FNDA:0,(anonymous_31)
FNDA:0,(anonymous_32)
FNDA:0,(anonymous_33)
DA:1,0
DA:2,0
DA:6,0
DA:7,0
DA:8,0
DA:9,0
DA:10,0
DA:11,0
DA:14,0
DA:15,0
DA:16,0
DA:17,0
DA:19,0
DA:20,0
DA:21,0
DA:22,0
DA:35,0
DA:36,0
DA:37,0
DA:38,0
DA:40,0
DA:43,0
DA:44,0
DA:45,0
DA:47,0
DA:48,0
DA:49,0
DA:50,0
DA:51,0
DA:52,0
DA:53,0
DA:54,0
DA:55,0
DA:56,0
DA:57,0
DA:58,0
DA:59,0
DA:60,0
DA:61,0
DA:62,0
DA:63,0
DA:64,0
DA:65,0
DA:70,0
DA:71,0
DA:74,0
DA:75,0
DA:80,0
DA:85,0
DA:87,0
DA:94,0
DA:103,0
DA:104,0
DA:105,0
DA:107,0
DA:108,0
DA:109,0
DA:110,0
DA:111,0
DA:112,0
DA:114,0
DA:115,0
DA:117,0
DA:120,0
DA:122,0
DA:123,0
DA:124,0
DA:125,0
DA:126,0
DA:127,0
DA:128,0
DA:129,0
DA:130,0
DA:131,0
DA:132,0
DA:133,0
DA:135,0
DA:136,0
DA:138,0
DA:142,0
DA:143,0
DA:144,0
DA:145,0
DA:146,0
DA:147,0
DA:148,0
DA:149,0
DA:150,0
DA:151,0
DA:153,0
DA:155,0
DA:156,0
DA:159,0
DA:160,0
DA:163,0
DA:164,0
DA:167,0
DA:168,0
DA:179,0
DA:180,0
DA:181,0
DA:183,0
DA:187,0
DA:189,0
DA:190,0
DA:191,0
DA:192,0
DA:193,0
DA:194,0
DA:195,0
DA:196,0
DA:197,0
DA:200,0
DA:204,0
DA:205,0
DA:206,0
DA:207,0
DA:208,0
DA:209,0
DA:210,0
DA:211,0
DA:212,0
DA:215,0
DA:216,0
DA:218,0
DA:219,0
DA:220,0
DA:221,0
DA:224,0
DA:234,0
DA:235,0
DA:236,0
DA:237,0
DA:240,0
DA:241,0
DA:242,0
DA:244,0
DA:246,0
DA:252,0
DA:253,0
DA:254,0
DA:255,0
DA:256,0
DA:257,0
DA:258,0
DA:259,0
DA:262,0
DA:265,0
DA:309,0
DA:318,0
DA:321,0
DA:322,0
DA:323,0
DA:324,0
DA:325,0
DA:338,0
DA:340,0
DA:341,0
DA:342,0
DA:343,0
DA:344,0
DA:346,0
DA:347,0
DA:349,0
DA:352,0
DA:353,0
DA:354,0
DA:355,0
DA:356,0
DA:358,0
DA:360,0
DA:370,0
DA:380,0
LF:173
LH:0
BRDA:52,0,0,0
BRDA:56,1,0,0
BRDA:58,2,0,0
BRDA:58,3,0,0
BRDA:58,3,1,0
BRDA:60,4,0,0
BRDA:64,5,0,0
BRDA:107,6,0,0
BRDA:107,6,1,0
BRDA:109,7,0,0
BRDA:109,7,1,0
BRDA:115,8,0,0
BRDA:115,8,1,0
BRDA:120,9,0,0
BRDA:123,10,0,0
BRDA:125,11,0,0
BRDA:125,11,1,0
BRDA:126,12,0,0
BRDA:127,13,0,0
BRDA:128,14,0,0
BRDA:129,15,0,0
BRDA:130,16,0,0
BRDA:153,17,0,0
BRDA:153,17,1,0
BRDA:181,18,0,0
BRDA:181,18,1,0
BRDA:181,18,2,0
BRDA:181,18,3,0
BRDA:183,19,0,0
BRDA:183,19,1,0
BRDA:183,20,0,0
BRDA:183,20,1,0
BRDA:183,21,0,0
BRDA:183,21,1,0
BRDA:183,22,0,0
BRDA:183,22,1,0
BRDA:187,23,0,0
BRDA:190,24,0,0
BRDA:190,25,0,0
BRDA:190,25,1,0
BRDA:192,26,0,0
BRDA:192,26,1,0
BRDA:192,27,0,0
BRDA:192,27,1,0
BRDA:192,28,0,0
BRDA:192,28,1,0
BRDA:192,29,0,0
BRDA:192,29,1,0
BRDA:194,30,0,0
BRDA:194,30,1,0
BRDA:194,31,0,0
BRDA:194,31,1,0
BRDA:194,32,0,0
BRDA:194,32,1,0
BRDA:194,33,0,0
BRDA:194,33,1,0
BRDA:195,34,0,0
BRDA:195,35,0,0
BRDA:195,35,1,0
BRDA:204,36,0,0
BRDA:204,36,1,0
BRDA:204,37,0,0
BRDA:204,37,1,0
BRDA:204,38,0,0
BRDA:204,38,1,0
BRDA:207,39,0,0
BRDA:207,40,0,0
BRDA:207,40,1,0
BRDA:209,41,0,0
BRDA:209,42,0,0
BRDA:209,42,1,0
BRDA:215,43,0,0
BRDA:215,44,0,0
BRDA:215,44,1,0
BRDA:215,45,0,0
BRDA:215,45,1,0
BRDA:216,46,0,0
BRDA:219,47,0,0
BRDA:219,48,0,0
BRDA:219,48,1,0
BRDA:220,49,0,0
BRDA:221,50,0,0
BRDA:236,51,0,0
BRDA:237,52,0,0
BRDA:237,52,1,0
BRDA:237,52,2,0
BRDA:240,53,0,0
BRDA:253,54,0,0
BRDA:256,55,0,0
BRDA:257,56,0,0
BRDA:257,56,1,0
BRDA:257,57,0,0
BRDA:257,57,1,0
BRDA:258,58,0,0
BRDA:258,59,0,0
BRDA:258,59,1,0
BRDA:258,59,2,0
BRDA:259,60,0,0
BRDA:259,60,1,0
BRDA:262,61,0,0
BRDA:262,61,1,0
BRDA:292,62,0,0
BRDA:292,62,1,0
BRDA:320,63,0,0
BRDA:320,63,1,0
BRDA:320,64,0,0
BRDA:320,64,1,0
BRDA:320,65,0,0
BRDA:320,65,1,0
BRDA:320,66,0,0
BRDA:320,66,1,0
BRDA:321,67,0,0
BRDA:321,67,1,0
BRDA:321,68,0,0
BRDA:321,68,1,0
BRDA:322,69,0,0
BRDA:333,70,0,0
BRDA:333,70,1,0
BRDA:333,71,0,0
BRDA:333,71,1,0
BRDA:334,72,0,0
BRDA:334,72,1,0
BRDA:334,73,0,0
BRDA:334,73,1,0
BRDA:335,74,0,0
BRDA:335,74,1,0
BRDA:335,75,0,0
BRDA:335,75,1,0
BRDA:337,76,0,0
BRDA:337,76,1,0
BRDA:337,77,0,0
BRDA:337,77,1,0
BRDA:337,78,0,0
BRDA:337,78,1,0
BRDA:337,79,0,0
BRDA:337,79,1,0
BRDA:340,80,0,0
BRDA:340,81,0,0
BRDA:340,81,1,0
BRDA:352,82,0,0
BRDA:352,83,0,0
BRDA:352,83,1,0
BRDA:368,84,0,0
BRDA:368,84,1,0
BRDA:369,85,0,0
BRDA:369,85,1,0
BRDA:369,86,0,0
BRDA:369,86,1,0
BRF:148
BRH:0
end_of_record
TN:
SF:pages\roadmap\components\DayTabsStrip.tsx
FN:22,DayTabsStrip
FN:31,(anonymous_7)
FN:38,(anonymous_8)
FN:41,(anonymous_9)
FN:47,(anonymous_10)
FN:55,(anonymous_11)
FN:68,(anonymous_12)
FN:76,(anonymous_13)
FN:83,(anonymous_14)
FN:96,(anonymous_15)
FN:103,(anonymous_16)
FN:118,(anonymous_17)
FN:122,(anonymous_18)
FN:126,(anonymous_19)
FN:127,(anonymous_20)
FNF:15
FNH:0
FNDA:0,DayTabsStrip
FNDA:0,(anonymous_7)
FNDA:0,(anonymous_8)
FNDA:0,(anonymous_9)
FNDA:0,(anonymous_10)
FNDA:0,(anonymous_11)
FNDA:0,(anonymous_12)
FNDA:0,(anonymous_13)
FNDA:0,(anonymous_14)
FNDA:0,(anonymous_15)
FNDA:0,(anonymous_16)
FNDA:0,(anonymous_17)
FNDA:0,(anonymous_18)
FNDA:0,(anonymous_19)
FNDA:0,(anonymous_20)
DA:1,0
DA:3,0
DA:4,0
DA:22,0
DA:26,0
DA:27,0
DA:28,0
DA:29,0
DA:31,0
DA:32,0
DA:33,0
DA:34,0
DA:38,0
DA:39,0
DA:40,0
DA:41,0
DA:42,0
DA:43,0
DA:44,0
DA:47,0
DA:50,0
DA:51,0
DA:52,0
DA:53,0
DA:55,0
DA:56,0
DA:57,0
DA:58,0
DA:59,0
DA:61,0
DA:63,0
DA:64,0
DA:65,0
DA:66,0
DA:68,0
DA:69,0
DA:70,0
DA:73,0
DA:77,0
DA:78,0
DA:79,0
DA:80,0
DA:81,0
DA:84,0
DA:85,0
DA:86,0
DA:87,0
DA:88,0
DA:89,0
DA:91,0
DA:92,0
DA:93,0
DA:94,0
DA:97,0
DA:98,0
DA:99,0
DA:100,0
DA:105,0
DA:107,0
DA:108,0
DA:109,0
DA:112,0
DA:113,0
DA:119,0
DA:120,0
DA:122,0
DA:126,0
DA:128,0
DA:129,0
DA:130,0
DA:131,0
LF:71
LH:0
BRDA:32,0,0,0
BRDA:39,1,0,0
BRDA:53,2,0,0
BRDA:53,3,0,0
BRDA:53,3,1,0
BRDA:56,4,0,0
BRDA:59,5,0,0
BRDA:59,6,0,0
BRDA:59,6,1,0
BRDA:59,7,0,0
BRDA:63,8,0,0
BRDA:65,9,0,0
BRDA:65,9,1,0
BRDA:65,10,0,0
BRDA:70,11,0,0
BRDA:70,11,1,0
BRDA:77,12,0,0
BRDA:79,13,0,0
BRDA:79,13,1,0
BRDA:79,14,0,0
BRDA:79,14,1,0
BRDA:79,15,0,0
BRDA:79,15,1,0
BRDA:79,16,0,0
BRDA:79,16,1,0
BRDA:80,17,0,0
BRDA:80,17,1,0
BRDA:80,18,0,0
BRDA:80,18,1,0
BRDA:80,19,0,0
BRDA:80,19,1,0
BRDA:85,20,0,0
BRDA:87,21,0,0
BRDA:87,21,1,0
BRDA:87,22,0,0
BRDA:87,22,1,0
BRDA:87,23,0,0
BRDA:87,23,1,0
BRDA:87,24,0,0
BRDA:87,24,1,0
BRDA:88,25,0,0
BRDA:88,25,1,0
BRDA:88,26,0,0
BRDA:88,26,1,0
BRDA:89,27,0,0
BRDA:89,28,0,0
BRDA:89,28,1,0
BRDA:105,29,0,0
BRDA:105,29,1,0
BRDA:105,30,0,0
BRDA:105,30,1,0
BRDA:106,31,0,0
BRDA:106,31,1,0
BRDA:106,32,0,0
BRDA:106,32,1,0
BRDA:106,32,2,0
BRDA:106,32,3,0
BRDA:108,33,0,0
BRDA:108,33,1,0
BRDA:109,34,0,0
BRDA:109,34,1,0
BRDA:111,35,0,0
BRDA:111,35,1,0
BRDA:111,36,0,0
BRDA:111,36,1,0
BRDA:116,37,0,0
BRDA:116,37,1,0
BRDA:117,38,0,0
BRDA:117,38,1,0
BRDA:119,39,0,0
BRDA:125,40,0,0
BRDA:125,40,1,0
BRF:72
BRH:0
end_of_record
TN:
SF:pages\roadmap\components\PlaceCard.tsx
FN:33,PlaceCard
FNF:1
FNH:0
FNDA:0,PlaceCard
DA:1,0
DA:4,0
DA:5,0
DA:8,0
DA:33,0
DA:36,0
DA:37,0
DA:38,0
DA:39,0
DA:41,0
DA:43,0
LF:11
LH:0
BRDA:37,0,0,0
BRDA:37,0,1,0
BRDA:39,1,0,0
BRDA:39,1,1,0
BRDA:39,2,0,0
BRDA:39,2,1,0
BRDA:39,3,0,0
BRDA:39,3,1,0
BRDA:41,4,0,0
BRDA:41,4,1,0
BRDA:45,5,0,0
BRDA:45,5,1,0
BRDA:52,6,0,0
BRDA:52,6,1,0
BRDA:57,7,0,0
BRDA:57,7,1,0
BRDA:58,8,0,0
BRDA:58,8,1,0
BRDA:60,9,0,0
BRDA:60,9,1,0
BRF:20
BRH:0
end_of_record
TN:
SF:pages\roadmap\components\RoadmapActions.tsx
FN:18,RoadmapActions
FN:22,(anonymous_7)
FN:24,(anonymous_8)
FN:28,(anonymous_9)
FN:40,(anonymous_10)
FN:40,(anonymous_11)
FN:47,(anonymous_12)
FN:53,(anonymous_13)
FNF:8
FNH:0
FNDA:0,RoadmapActions
FNDA:0,(anonymous_7)
FNDA:0,(anonymous_8)
FNDA:0,(anonymous_9)
FNDA:0,(anonymous_10)
FNDA:0,(anonymous_11)
FNDA:0,(anonymous_12)
FNDA:0,(anonymous_13)
DA:1,0
DA:18,0
DA:19,0
DA:20,0
DA:22,0
DA:23,0
DA:24,0
DA:25,0
DA:27,0
DA:28,0
DA:31,0
DA:40,0
DA:48,0
DA:53,0
LF:14
LH:0
BRDA:23,0,0,0
BRDA:25,1,0,0
BRDA:25,2,0,0
BRDA:25,2,1,0
BRDA:25,3,0,0
BRDA:25,3,1,0
BRDA:35,4,0,0
BRDA:35,4,1,0
BRDA:35,4,2,0
BRDA:45,5,0,0
BRDA:45,5,1,0
BRF:11
BRH:0
end_of_record
TN:
SF:pages\roadmap\components\RoadmapHeader.tsx
FN:25,RoadmapHeader
FN:38,(anonymous_2)
FN:42,(anonymous_3)
FNF:3
FNH:0
FNDA:0,RoadmapHeader
FNDA:0,(anonymous_2)
FNDA:0,(anonymous_3)
DA:1,0
DA:6,0
DA:7,0
DA:25,0
DA:28,0
DA:29,0
DA:30,0
DA:31,0
DA:32,0
DA:33,0
DA:34,0
DA:35,0
DA:36,0
DA:38,0
DA:39,0
DA:40,0
DA:41,0
DA:42,0
DA:43,0
DA:44,0
DA:45,0
DA:46,0
DA:47,0
DA:50,0
LF:24
LH:0
BRDA:28,0,0,0
BRDA:28,0,1,0
BRDA:28,1,0,0
BRDA:28,1,1,0
BRDA:28,2,0,0
BRDA:28,2,1,0
BRDA:28,3,0,0
BRDA:28,3,1,0
BRDA:29,4,0,0
BRDA:29,4,1,0
BRDA:29,5,0,0
BRDA:29,5,1,0
BRDA:29,6,0,0
BRDA:29,6,1,0
BRDA:29,7,0,0
BRDA:29,7,1,0
BRDA:31,8,0,0
BRDA:31,9,0,0
BRDA:31,9,1,0
BRDA:34,10,0,0
BRDA:34,10,1,0
BRDA:34,11,0,0
BRDA:34,11,1,0
BRDA:35,12,0,0
BRDA:35,12,1,0
BRDA:35,13,0,0
BRDA:35,13,1,0
BRDA:39,14,0,0
BRDA:43,15,0,0
BRDA:45,16,0,0
BRDA:61,17,0,0
BRDA:61,17,1,0
BRDA:61,18,0,0
BRDA:61,18,1,0
BRDA:61,19,0,0
BRDA:61,19,1,0
BRDA:62,20,0,0
BRDA:62,20,1,0
BRDA:64,21,0,0
BRDA:64,21,1,0
BRDA:64,22,0,0
BRDA:64,22,1,0
BRDA:64,23,0,0
BRDA:64,23,1,0
BRDA:64,24,0,0
BRDA:64,24,1,0
BRDA:64,25,0,0
BRDA:64,25,1,0
BRDA:76,26,0,0
BRDA:76,26,1,0
BRDA:76,27,0,0
BRDA:76,27,1,0
BRDA:76,28,0,0
BRDA:76,28,1,0
BRDA:76,29,0,0
BRDA:76,29,1,0
BRF:56
BRH:0
end_of_record
TN:
SF:pages\roadmap\components\Timeline.tsx
FN:36,Timeline
FN:47,(anonymous_2)
FN:51,(anonymous_3)
FN:88,(anonymous_4)
FN:96,(anonymous_5)
FN:121,(anonymous_6)
FN:131,(anonymous_7)
FN:141,(anonymous_8)
FNF:8
FNH:0
FNDA:0,Timeline
FNDA:0,(anonymous_2)
FNDA:0,(anonymous_3)
FNDA:0,(anonymous_4)
FNDA:0,(anonymous_5)
FNDA:0,(anonymous_6)
FNDA:0,(anonymous_7)
FNDA:0,(anonymous_8)
DA:1,0
DA:4,0
DA:5,0
DA:6,0
DA:7,0
DA:9,0
DA:36,0
DA:42,0
DA:43,0
DA:44,0
DA:45,0
DA:47,0
DA:48,0
DA:49,0
DA:51,0
DA:52,0
DA:53,0
DA:54,0
DA:55,0
DA:57,0
DA:59,0
DA:60,0
DA:61,0
DA:62,0
DA:63,0
DA:64,0
DA:65,0
DA:70,0
DA:71,0
DA:72,0
DA:73,0
DA:74,0
DA:75,0
DA:76,0
DA:77,0
DA:78,0
DA:86,0
DA:89,0
DA:90,0
DA:91,0
DA:92,0
DA:93,0
DA:94,0
DA:96,0
DA:97,0
DA:98,0
DA:99,0
DA:100,0
DA:102,0
DA:105,0
DA:123,0
DA:124,0
DA:125,0
DA:127,0
DA:132,0
DA:133,0
DA:134,0
DA:135,0
DA:136,0
DA:137,0
DA:142,0
DA:143,0
LF:62
LH:0
BRDA:45,0,0,0
BRDA:48,1,0,0
BRDA:48,1,1,0
BRDA:48,2,0,0
BRDA:48,2,1,0
BRDA:49,3,0,0
BRDA:49,3,1,0
BRDA:49,4,0,0
BRDA:49,4,1,0
BRDA:49,5,0,0
BRDA:49,5,1,0
BRDA:49,6,0,0
BRDA:49,6,1,0
BRDA:49,7,0,0
BRDA:49,7,1,0
BRDA:52,8,0,0
BRDA:53,9,0,0
BRDA:55,10,0,0
BRDA:55,10,1,0
BRDA:64,11,0,0
BRDA:64,11,1,0
BRDA:74,12,0,0
BRDA:75,13,0,0
BRDA:75,13,1,0
BRDA:75,14,0,0
BRDA:75,14,1,0
BRDA:76,15,0,0
BRDA:76,16,0,0
BRDA:76,16,1,0
BRDA:76,16,2,0
BRDA:91,17,0,0
BRDA:91,17,1,0
BRDA:94,18,0,0
BRDA:94,18,1,0
BRDA:94,19,0,0
BRDA:94,19,1,0
BRDA:97,20,0,0
BRDA:97,21,0,0
BRDA:97,21,1,0
BRDA:112,22,0,0
BRDA:112,22,1,0
BRDA:112,23,0,0
BRDA:112,23,1,0
BRDA:118,24,0,0
BRDA:118,24,1,0
BRDA:118,24,2,0
BRDA:125,25,0,0
BRDA:131,26,0,0
BRDA:131,26,1,0
BRDA:131,26,2,0
BRDA:134,27,0,0
BRDA:134,27,1,0
BRDA:134,28,0,0
BRDA:134,28,1,0
BRDA:134,29,0,0
BRDA:134,29,1,0
BRDA:134,30,0,0
BRDA:134,30,1,0
BRDA:134,31,0,0
BRDA:134,31,1,0
BRDA:135,32,0,0
BRDA:135,32,1,0
BRDA:135,33,0,0
BRDA:135,33,1,0
BRDA:135,34,0,0
BRDA:135,34,1,0
BRDA:135,35,0,0
BRDA:135,35,1,0
BRDA:135,36,0,0
BRDA:135,36,1,0
BRDA:135,37,0,0
BRDA:135,37,1,0
BRDA:152,38,0,0
BRDA:152,38,1,0
BRF:74
BRH:0
end_of_record
TN:
SF:pages\roadmap\hooks\usePlaceDragDrop.ts
FN:46,usePlaceDragDrop
FN:69,(anonymous_1)
FN:115,(anonymous_2)
FN:197,(anonymous_3)
FN:224,(anonymous_4)
FN:225,(anonymous_5)
FN:286,(anonymous_6)
FN:286,(anonymous_7)
FN:292,(anonymous_8)
FN:296,(anonymous_9)
FN:306,(anonymous_10)
FN:310,(anonymous_11)
FN:364,(anonymous_12)
FN:367,(anonymous_13)
FNF:14
FNH:0
FNDA:0,usePlaceDragDrop
FNDA:0,(anonymous_1)
FNDA:0,(anonymous_2)
FNDA:0,(anonymous_3)
FNDA:0,(anonymous_4)
FNDA:0,(anonymous_5)
FNDA:0,(anonymous_6)
FNDA:0,(anonymous_7)
FNDA:0,(anonymous_8)
FNDA:0,(anonymous_9)
FNDA:0,(anonymous_10)
FNDA:0,(anonymous_11)
FNDA:0,(anonymous_12)
FNDA:0,(anonymous_13)
DA:1,0
DA:5,0
DA:6,0
DA:7,0
DA:8,0
DA:13,0
DA:14,0
DA:46,0
DA:60,0
DA:62,0
DA:63,0
DA:64,0
DA:65,0
DA:66,0
DA:69,0
DA:73,0
DA:77,0
DA:79,0
DA:80,0
DA:81,0
DA:83,0
DA:84,0
DA:86,0
DA:89,0
DA:90,0
DA:91,0
DA:93,0
DA:95,0
DA:96,0
DA:102,0
DA:103,0
DA:104,0
DA:105,0
DA:107,0
DA:110,0
DA:115,0
DA:116,0
DA:117,0
DA:118,0
DA:119,0
DA:120,0
DA:121,0
DA:122,0
DA:123,0
DA:124,0
DA:127,0
DA:129,0
DA:130,0
DA:131,0
DA:132,0
DA:133,0
DA:137,0
DA:138,0
DA:140,0
DA:142,0
DA:144,0
DA:145,0
DA:146,0
DA:147,0
DA:149,0
DA:150,0
DA:154,0
DA:155,0
DA:156,0
DA:157,0
DA:158,0
DA:159,0
DA:160,0
DA:161,0
DA:166,0
DA:167,0
DA:168,0
DA:171,0
DA:172,0
DA:173,0
DA:174,0
DA:175,0
DA:176,0
DA:177,0
DA:178,0
DA:183,0
DA:185,0
DA:191,0
DA:192,0
DA:193,0
DA:194,0
DA:197,0
DA:198,0
DA:199,0
DA:200,0
DA:201,0
DA:202,0
DA:203,0
DA:204,0
DA:205,0
DA:206,0
DA:207,0
DA:208,0
DA:210,0
DA:211,0
DA:212,0
DA:213,0
DA:214,0
DA:215,0
DA:216,0
DA:217,0
DA:219,0
DA:220,0
DA:221,0
DA:222,0
DA:224,0
DA:225,0
DA:226,0
DA:228,0
DA:229,0
DA:230,0
DA:231,0
DA:232,0
DA:233,0
DA:234,0
DA:235,0
DA:236,0
DA:237,0
DA:238,0
DA:240,0
DA:241,0
DA:242,0
DA:243,0
DA:246,0
DA:247,0
DA:248,0
DA:249,0
DA:251,0
DA:252,0
DA:253,0
DA:254,0
DA:255,0
DA:256,0
DA:257,0
DA:258,0
DA:259,0
DA:260,0
DA:261,0
DA:263,0
DA:264,0
DA:265,0
DA:268,0
DA:271,0
DA:272,0
DA:274,0
DA:275,0
DA:276,0
DA:277,0
DA:279,0
DA:280,0
DA:283,0
DA:284,0
DA:285,0
DA:286,0
DA:287,0
DA:288,0
DA:292,0
DA:293,0
DA:296,0
DA:297,0
DA:298,0
DA:299,0
DA:300,0
DA:307,0
DA:308,0
DA:318,0
DA:319,0
DA:320,0
DA:321,0
DA:322,0
DA:333,0
DA:342,0
DA:343,0
DA:344,0
DA:345,0
DA:347,0
DA:354,0
DA:355,0
DA:356,0
DA:357,0
DA:358,0
DA:359,0
DA:363,0
DA:364,0
DA:367,0
LF:190
LH:0
BRDA:14,0,0,0
BRDA:14,0,1,0
BRDA:14,1,0,0
BRDA:14,1,1,0
BRDA:74,2,0,0
BRDA:74,2,1,0
BRDA:74,3,0,0
BRDA:74,3,1,0
BRDA:75,4,0,0
BRDA:75,4,1,0
BRDA:75,5,0,0
BRDA:75,5,1,0
BRDA:77,6,0,0
BRDA:77,6,1,0
BRDA:77,6,2,0
BRDA:77,7,0,0
BRDA:77,7,1,0
BRDA:77,8,0,0
BRDA:77,8,1,0
BRDA:77,9,0,0
BRDA:77,9,1,0
BRDA:77,10,0,0
BRDA:77,10,1,0
BRDA:77,11,0,0
BRDA:77,11,1,0
BRDA:77,12,0,0
BRDA:77,12,1,0
BRDA:81,13,0,0
BRDA:84,14,0,0
BRDA:91,15,0,0
BRDA:93,16,0,0
BRDA:102,17,0,0
BRDA:102,17,1,0
BRDA:113,18,0,0
BRDA:113,18,1,0
BRDA:113,19,0,0
BRDA:113,19,1,0
BRDA:113,20,0,0
BRDA:113,20,1,0
BRDA:113,21,0,0
BRDA:113,21,1,0
BRDA:113,22,0,0
BRDA:113,22,1,0
BRDA:113,23,0,0
BRDA:113,23,1,0
BRDA:113,24,0,0
BRDA:113,24,1,0
BRDA:113,25,0,0
BRDA:113,25,1,0
BRDA:113,26,0,0
BRDA:113,26,1,0
BRDA:113,27,0,0
BRDA:113,27,1,0
BRDA:116,28,0,0
BRDA:119,29,0,0
BRDA:123,30,0,0
BRDA:123,30,1,0
BRDA:123,31,0,0
BRDA:123,31,1,0
BRDA:127,32,0,0
BRDA:127,32,1,0
BRDA:129,33,0,0
BRDA:129,33,1,0
BRDA:131,34,0,0
BRDA:131,34,1,0
BRDA:133,35,0,0
BRDA:133,35,1,0
BRDA:138,36,0,0
BRDA:138,36,1,0
BRDA:145,37,0,0
BRDA:147,38,0,0
BRDA:150,39,0,0
BRDA:154,40,0,0
BRDA:154,40,1,0
BRDA:155,41,0,0
BRDA:155,42,0,0
BRDA:155,42,1,0
BRDA:155,43,0,0
BRDA:155,43,1,0
BRDA:155,44,0,0
BRDA:155,44,1,0
BRDA:156,45,0,0
BRDA:156,45,1,0
BRDA:160,46,0,0
BRDA:160,47,0,0
BRDA:160,47,1,0
BRDA:160,48,0,0
BRDA:160,48,1,0
BRDA:160,49,0,0
BRDA:160,49,1,0
BRDA:163,50,0,0
BRDA:163,50,1,0
BRDA:163,51,0,0
BRDA:163,51,1,0
BRDA:164,52,0,0
BRDA:164,52,1,0
BRDA:164,53,0,0
BRDA:164,53,1,0
BRDA:171,54,0,0
BRDA:174,55,0,0
BRDA:174,56,0,0
BRDA:174,56,1,0
BRDA:174,57,0,0
BRDA:174,57,1,0
BRDA:174,58,0,0
BRDA:174,58,1,0
BRDA:177,59,0,0
BRDA:177,60,0,0
BRDA:177,60,1,0
BRDA:177,60,2,0
BRDA:180,61,0,0
BRDA:180,61,1,0
BRDA:180,62,0,0
BRDA:180,62,1,0
BRDA:181,63,0,0
BRDA:181,63,1,0
BRDA:181,64,0,0
BRDA:181,64,1,0
BRDA:192,65,0,0
BRDA:192,65,1,0
BRDA:198,66,0,0
BRDA:200,67,0,0
BRDA:201,68,0,0
BRDA:201,68,1,0
BRDA:205,69,0,0
BRDA:205,69,1,0
BRDA:205,70,0,0
BRDA:205,70,1,0
BRDA:207,71,0,0
BRDA:207,71,1,0
BRDA:208,72,0,0
BRDA:212,73,0,0
BRDA:212,73,1,0
BRDA:213,74,0,0
BRDA:213,74,1,0
BRDA:213,75,0,0
BRDA:213,75,1,0
BRDA:213,76,0,0
BRDA:213,76,1,0
BRDA:214,77,0,0
BRDA:214,77,1,0
BRDA:215,78,0,0
BRDA:215,78,1,0
BRDA:215,79,0,0
BRDA:215,79,1,0
BRDA:215,80,0,0
BRDA:215,80,1,0
BRDA:216,81,0,0
BRDA:216,81,1,0
BRDA:220,82,0,0
BRDA:220,82,1,0
BRDA:226,83,0,0
BRDA:226,83,1,0
BRDA:226,84,0,0
BRDA:226,84,1,0
BRDA:226,85,0,0
BRDA:226,85,1,0
BRDA:226,86,0,0
BRDA:226,86,1,0
BRDA:226,87,0,0
BRDA:226,87,1,0
BRDA:226,88,0,0
BRDA:226,88,1,0
BRDA:226,89,0,0
BRDA:226,89,1,0
BRDA:234,90,0,0
BRDA:234,90,1,0
BRDA:236,91,0,0
BRDA:238,92,0,0
BRDA:238,93,0,0
BRDA:238,93,1,0
BRDA:238,94,0,0
BRDA:238,94,1,0
BRDA:241,95,0,0
BRDA:242,96,0,0
BRDA:242,97,0,0
BRDA:242,97,1,0
BRDA:246,98,0,0
BRDA:249,99,0,0
BRDA:249,99,1,0
BRDA:257,100,0,0
BRDA:257,100,1,0
BRDA:259,101,0,0
BRDA:261,102,0,0
BRDA:261,103,0,0
BRDA:261,103,1,0
BRDA:261,104,0,0
BRDA:261,104,1,0
BRDA:263,105,0,0
BRDA:264,106,0,0
BRDA:264,107,0,0
BRDA:264,107,1,0
BRDA:275,108,0,0
BRDA:277,109,0,0
BRDA:280,110,0,0
BRDA:285,111,0,0
BRDA:285,111,1,0
BRDA:286,112,0,0
BRDA:299,113,0,0
BRDA:299,114,0,0
BRDA:299,114,1,0
BRDA:299,114,2,0
BRDA:308,115,0,0
BRDA:308,115,1,0
BRDA:318,116,0,0
BRDA:320,117,0,0
BRDA:320,118,0,0
BRDA:320,118,1,0
BRDA:321,119,0,0
BRDA:321,120,0,0
BRDA:321,120,1,0
BRDA:322,121,0,0
BRDA:342,122,0,0
BRDA:342,122,1,0
BRDA:344,123,0,0
BRDA:344,123,1,0
BRDA:344,124,0,0
BRDA:344,124,1,0
BRDA:356,125,0,0
BRDA:356,126,0,0
BRDA:356,126,1,0
BRF:221
BRH:0
end_of_record
TN:
SF:pages\roadmap\hooks\usePlaceMutations.ts
FN:62,usePlaceMutations
FN:83,(anonymous_2)
FN:87,(anonymous_3)
FN:93,(anonymous_4)
FN:107,(anonymous_5)
FN:125,(anonymous_6)
FN:145,(anonymous_7)
FN:146,(anonymous_8)
FN:156,(anonymous_9)
FN:172,(anonymous_10)
FN:183,(anonymous_11)
FN:256,(anonymous_12)
FN:295,(anonymous_13)
FN:306,(anonymous_14)
FN:330,(anonymous_15)
FN:343,(anonymous_16)
FN:358,(anonymous_17)
FN:364,(anonymous_18)
FN:374,(anonymous_19)
FNF:19
FNH:16
FNDA:19,usePlaceMutations
FNDA:3,(anonymous_2)
FNDA:4,(anonymous_3)
FNDA:2,(anonymous_4)
FNDA:2,(anonymous_5)
FNDA:1,(anonymous_6)
FNDA:0,(anonymous_7)
FNDA:1,(anonymous_8)
FNDA:3,(anonymous_9)
FNDA:4,(anonymous_10)
FNDA:0,(anonymous_11)
FNDA:1,(anonymous_12)
FNDA:2,(anonymous_13)
FNDA:2,(anonymous_14)
FNDA:3,(anonymous_15)
FNDA:2,(anonymous_16)
FNDA:3,(anonymous_17)
FNDA:1,(anonymous_18)
FNDA:0,(anonymous_19)
DA:1,1
DA:2,1
DA:7,1
DA:8,1
DA:9,1
DA:10,1
DA:12,1
DA:62,1
DA:68,19
DA:69,19
DA:70,19
DA:83,19
DA:87,3
DA:88,4
DA:91,3
DA:93,2
DA:94,1
DA:96,1
DA:97,1
DA:98,1
DA:101,1
DA:105,1
DA:107,1
DA:108,2
DA:109,2
DA:110,0
DA:111,0
DA:112,0
DA:113,0
DA:114,0
DA:120,0
DA:122,0
DA:125,1
DA:126,1
DA:127,1
DA:128,1
DA:129,1
DA:130,1
DA:131,1
DA:139,0
DA:141,0
DA:142,0
DA:145,1
DA:146,1
DA:148,1
DA:149,1
DA:150,1
DA:151,1
DA:152,1
DA:156,3
DA:157,1
DA:159,1
DA:160,1
DA:161,0
DA:163,1
DA:164,0
DA:165,0
DA:166,0
DA:167,0
DA:172,19
DA:173,4
DA:174,4
DA:176,4
DA:177,4
DA:179,4
DA:180,4
DA:181,1
DA:182,1
DA:183,1
DA:184,0
DA:186,4
DA:188,4
DA:201,4
DA:202,4
DA:203,1
DA:204,1
DA:205,1
DA:206,0
DA:207,0
DA:209,1
DA:210,1
DA:211,1
DA:216,1
DA:217,1
DA:218,1
DA:221,1
DA:222,0
DA:225,0
DA:228,3
DA:231,0
DA:232,0
DA:233,0
DA:236,4
DA:237,4
DA:240,4
DA:241,0
DA:242,0
DA:243,0
DA:244,0
DA:245,0
DA:246,0
DA:247,0
DA:248,0
DA:249,0
DA:252,0
DA:255,4
DA:256,1
DA:257,1
DA:258,0
DA:261,3
DA:262,3
DA:263,3
DA:264,3
DA:265,1
DA:266,2
DA:267,2
DA:268,2
DA:269,2
DA:273,3
DA:274,3
DA:277,4
DA:278,4
DA:279,4
DA:280,4
DA:285,4
DA:286,4
DA:288,0
DA:289,0
DA:291,4
DA:292,4
DA:295,19
DA:296,2
DA:303,2
DA:306,19
DA:307,2
DA:308,2
DA:309,2
DA:310,1
DA:311,1
DA:312,2
DA:313,2
DA:314,1
DA:315,1
DA:316,1
DA:318,1
DA:320,1
DA:321,1
DA:322,1
DA:323,1
DA:325,0
DA:326,0
DA:330,19
DA:331,3
DA:332,1
DA:333,1
DA:334,1
DA:336,2
DA:337,0
DA:338,0
DA:339,0
DA:341,2
DA:342,2
DA:343,2
DA:344,1
DA:345,1
DA:347,1
DA:348,1
DA:358,19
DA:359,3
DA:360,3
DA:361,3
DA:362,3
DA:364,2
DA:365,2
DA:367,1
DA:368,1
DA:369,1
DA:370,1
DA:371,1
DA:372,1
DA:373,1
DA:374,1
DA:375,1
DA:377,0
DA:378,0
DA:380,1
DA:384,19
LF:187
LH:144
BRDA:88,0,0,4
BRDA:88,0,1,2
BRDA:88,0,2,2
BRDA:88,1,0,0
BRDA:88,1,1,4
BRDA:88,2,0,4
BRDA:88,2,1,4
BRDA:88,3,0,0
BRDA:88,3,1,4
BRDA:88,4,0,4
BRDA:88,4,1,4
BRDA:91,5,0,2
BRDA:93,6,0,2
BRDA:93,6,1,2
BRDA:94,7,0,0
BRDA:98,8,0,1
BRDA:102,9,0,0
BRDA:102,9,1,1
BRDA:102,10,0,1
BRDA:102,10,1,1
BRDA:103,11,0,0
BRDA:103,11,1,1
BRDA:103,12,0,1
BRDA:103,12,1,1
BRDA:105,13,0,1
BRDA:105,13,1,1
BRDA:105,13,2,0
BRDA:105,14,0,0
BRDA:105,14,1,1
BRDA:105,15,0,1
BRDA:105,15,1,1
BRDA:105,16,0,0
BRDA:105,16,1,1
BRDA:105,17,0,1
BRDA:105,17,1,1
BRDA:105,18,0,0
BRDA:105,18,1,1
BRDA:105,19,0,1
BRDA:105,19,1,1
BRDA:109,20,0,2
BRDA:112,21,0,0
BRDA:112,21,1,0
BRDA:112,22,0,0
BRDA:112,22,1,0
BRDA:112,23,0,0
BRDA:112,23,1,0
BRDA:112,24,0,0
BRDA:112,24,1,0
BRDA:112,25,0,0
BRDA:112,25,1,0
BRDA:113,26,0,0
BRDA:113,27,0,0
BRDA:113,27,1,0
BRDA:113,27,2,0
BRDA:113,27,3,0
BRDA:116,28,0,0
BRDA:116,28,1,0
BRDA:130,29,0,1
BRDA:135,30,0,1
BRDA:135,30,1,0
BRDA:146,31,0,1
BRDA:146,31,1,1
BRDA:146,31,2,0
BRDA:148,32,0,1
BRDA:148,33,0,1
BRDA:148,33,1,1
BRDA:150,34,0,1
BRDA:150,35,0,1
BRDA:150,35,1,1
BRDA:150,35,2,0
[...]
DA:71,11
DA:72,11
DA:73,16
DA:77,15
DA:78,15
DA:79,14
DA:81,14
DA:82,14
DA:83,14
DA:85,14
DA:86,14
DA:87,14
DA:88,121
DA:89,121
DA:90,121
DA:91,29
DA:92,29
DA:93,29
DA:94,29
DA:95,29
DA:96,29
DA:97,29
DA:99,29
DA:105,29
DA:106,29
DA:107,29
DA:108,57
DA:109,57
DA:110,41
DA:111,28
DA:113,29
DA:114,28
DA:115,28
DA:116,28
DA:117,28
DA:119,28
DA:122,29
DA:124,29
DA:125,49
DA:126,49
DA:127,36
DA:128,16
DA:129,8
DA:130,8
DA:131,8
DA:132,8
DA:133,8
DA:134,64
DA:135,32
DA:136,32
DA:137,24
DA:139,8
DA:141,8
DA:144,0
DA:154,14
DA:155,14
DA:167,2
DA:168,2
DA:169,2
DA:170,2
DA:171,2
DA:172,2
DA:173,0
DA:175,2
DA:176,2
DA:177,2
DA:179,2
DA:184,3
DA:185,3
DA:186,2
DA:191,2
DA:192,2
DA:193,2
DA:194,2
DA:195,2
DA:196,2
DA:197,1
DA:198,1
DA:201,1
DA:202,1
DA:203,1
DA:204,1
DA:206,2
DA:216,2
DA:217,2
DA:218,2
DA:219,2
DA:224,1
DA:229,1
DA:230,1
DA:232,1
DA:233,1
DA:234,1
DA:235,1
DA:243,2
DA:244,2
DA:245,2
DA:247,2
DA:248,2
DA:249,1
DA:250,1
DA:252,1
DA:253,1
DA:255,1
DA:256,1
DA:258,1
DA:259,1
DA:260,1
DA:261,1
DA:273,4
DA:274,4
DA:275,4
DA:276,4
DA:277,4
DA:278,3
DA:279,3
DA:280,3
DA:281,3
DA:282,2
DA:283,1
DA:284,1
DA:285,1
DA:287,3
DA:292,5
DA:293,5
DA:294,5
DA:295,5
DA:296,5
DA:297,12
DA:298,12
DA:299,11
DA:300,11
DA:302,11
DA:303,11
DA:304,4
DA:305,4
DA:306,4
DA:307,4
DA:308,4
DA:309,4
DA:310,4
DA:314,5
DA:315,5
DA:316,5
DA:327,4
DA:328,4
DA:329,3
DA:330,3
DA:331,3
DA:333,3
DA:334,3
DA:335,3
DA:336,3
DA:337,1
DA:339,3
DA:340,1
DA:341,0
DA:343,3
DA:344,3
DA:345,3
DA:346,3
DA:347,3
DA:361,5
DA:362,5
DA:363,5
DA:364,5
DA:367,5
DA:368,5
DA:369,24
DA:370,24
DA:372,5
DA:375,4
DA:376,4
DA:377,4
DA:378,9
DA:379,9
DA:380,9
DA:381,8
DA:382,5
DA:385,4
DA:390,8
DA:392,1
DA:393,1
DA:395,1
DA:396,1
DA:397,1
DA:399,7
DA:400,5
DA:401,5
DA:402,3
DA:405,2
DA:406,2
DA:407,2
DA:408,2
DA:409,2
DA:410,1
DA:411,2
DA:412,2
DA:413,2
DA:418,4
DA:419,4
DA:421,4
DA:428,1
DA:429,1
DA:430,1
DA:431,1
DA:432,5
DA:434,4
DA:435,3
DA:436,3
DA:437,3
DA:438,0
DA:440,1
DA:445,2
DA:446,2
DA:447,2
DA:451,4
DA:452,4
DA:453,4
DA:454,4
DA:455,4
DA:456,3
DA:459,0
DA:462,4
DA:463,4
DA:464,4
DA:465,7
DA:466,4
DA:467,4
DA:468,4
DA:476,60
DA:477,60
DA:478,60
DA:479,328
DA:481,328
DA:482,309
DA:484,60
DA:488,55
DA:489,55
DA:490,55
DA:492,0
DA:493,0
DA:499,15
DA:500,15
DA:502,0
DA:504,0
DA:505,0
DA:506,0
DA:507,0
DA:508,0
DA:509,0
DA:510,0
DA:511,0
DA:512,0
DA:513,0
DA:514,0
DA:515,0
DA:516,0
DA:517,0
DA:522,0
LF:297
LH:269
BRDA:29,0,0,1
BRDA:29,1,0,7
BRDA:29,1,1,6
BRDA:34,2,0,6
BRDA:34,2,1,0
BRDA:34,3,0,6
BRDA:34,3,1,6
BRDA:37,4,0,6
BRDA:37,4,1,5
BRDA:47,5,0,0
BRDA:47,6,0,3
BRDA:47,6,1,3
BRDA:52,7,0,2
BRDA:52,7,1,1
BRDA:52,8,0,3
BRDA:52,8,1,3
BRDA:55,9,0,3
BRDA:55,9,1,2
BRDA:63,10,0,7
BRDA:64,11,0,1
BRDA:70,12,0,1
BRDA:70,13,0,12
BRDA:70,13,1,11
BRDA:72,14,0,11
BRDA:72,14,1,1
BRDA:73,15,0,0
BRDA:73,15,1,16
BRDA:73,16,0,16
BRDA:73,16,1,16
BRDA:78,17,0,1
BRDA:78,18,0,15
BRDA:78,18,1,14
BRDA:90,19,0,29
BRDA:93,20,0,29
BRDA:93,21,0,29
BRDA:93,21,1,29
BRDA:97,22,0,29
BRDA:97,22,1,0
BRDA:101,23,0,29
BRDA:101,23,1,0
BRDA:102,24,0,29
BRDA:102,24,1,14
BRDA:105,25,0,29
BRDA:109,26,0,16
BRDA:110,27,0,13
BRDA:115,28,0,10
BRDA:117,29,0,10
BRDA:119,30,0,8
BRDA:126,31,0,13
BRDA:127,32,0,20
BRDA:128,33,0,8
BRDA:130,34,0,8
BRDA:135,35,0,0
BRDA:136,36,0,8
BRDA:136,36,1,24
BRDA:137,37,0,24
BRDA:139,38,0,8
BRDA:157,39,0,14
BRDA:157,39,1,0
BRDA:169,40,0,2
BRDA:169,41,0,2
BRDA:169,41,1,2
BRDA:172,42,0,0
BRDA:172,42,1,2
BRDA:172,43,0,2
BRDA:172,43,1,0
BRDA:176,44,0,2
BRDA:185,45,0,1
BRDA:191,46,0,2
BRDA:191,46,1,0
BRDA:196,47,0,1
BRDA:196,47,1,1
BRDA:196,48,0,2
BRDA:196,48,1,1
BRDA:202,49,0,1
BRDA:219,50,0,1
BRDA:219,51,0,2
BRDA:219,51,1,1
BRDA:229,52,0,1
BRDA:229,53,0,1
BRDA:229,53,1,1
BRDA:233,54,0,1
BRDA:244,55,0,2
BRDA:244,56,0,2
BRDA:244,56,1,2
BRDA:248,57,0,1
BRDA:248,58,0,2
BRDA:248,58,1,1
BRDA:259,59,0,1
BRDA:274,60,0,0
BRDA:277,61,0,1
BRDA:277,62,0,4
BRDA:277,62,1,3
BRDA:280,63,0,3
BRDA:280,63,1,3
BRDA:280,63,2,3
BRDA:280,63,3,2
BRDA:281,64,0,2
BRDA:281,64,1,1
BRDA:282,65,0,1
BRDA:282,65,1,1
BRDA:284,66,0,1
BRDA:287,67,0,3
BRDA:287,67,1,3
BRDA:293,68,0,5
BRDA:293,69,0,5
BRDA:293,69,1,5
BRDA:298,70,0,11
BRDA:298,71,0,12
BRDA:298,71,1,12
BRDA:298,71,2,12
BRDA:299,72,0,11
BRDA:299,72,1,0
BRDA:303,73,0,4
BRDA:303,74,0,11
BRDA:303,74,1,6
BRDA:303,74,2,4
BRDA:306,75,0,4
BRDA:307,76,0,4
BRDA:308,77,0,4
BRDA:314,78,0,5
BRDA:314,78,1,0
BRDA:316,79,0,5
BRDA:316,79,1,0
BRDA:316,80,0,5
BRDA:316,80,1,5
BRDA:328,81,0,1
BRDA:328,82,0,4
BRDA:328,82,1,3
BRDA:331,83,0,3
BRDA:331,83,1,0
BRDA:333,84,0,2
BRDA:334,85,0,3
BRDA:334,85,1,0
BRDA:335,86,0,3
BRDA:336,87,0,2
BRDA:336,87,1,1
BRDA:339,88,0,1
BRDA:340,89,0,1
BRDA:340,89,1,0
BRDA:346,90,0,1
BRDA:346,90,1,2
BRDA:362,91,0,0
BRDA:362,92,0,5
BRDA:362,92,1,5
BRDA:370,93,0,4
BRDA:370,94,0,24
BRDA:370,94,1,6
BRDA:372,95,0,1
BRDA:379,96,0,0
BRDA:380,97,0,1
BRDA:381,98,0,3
BRDA:381,98,1,5
BRDA:382,99,0,2
BRDA:390,100,0,1
BRDA:390,100,1,7
BRDA:392,101,0,1
BRDA:395,102,0,0
BRDA:395,103,0,1
BRDA:395,103,1,1
BRDA:396,104,0,1
BRDA:396,105,0,1
BRDA:396,105,1,1
BRDA:399,106,0,5
BRDA:401,107,0,3
BRDA:401,107,1,2
BRDA:406,108,0,1
BRDA:407,109,0,0
BRDA:409,110,0,1
BRDA:409,110,1,1
BRDA:411,111,0,0
BRDA:411,112,0,2
BRDA:411,112,1,2
BRDA:411,112,2,1
BRDA:412,113,0,0
BRDA:412,114,0,2
BRDA:412,114,1,1
BRDA:412,114,2,1
BRDA:432,115,0,1
BRDA:434,116,0,1
BRDA:437,117,0,2
BRDA:445,118,0,2
BRDA:445,118,1,0
BRDA:445,118,2,0
BRDA:446,119,0,2
BRDA:455,120,0,3
BRDA:455,121,0,4
BRDA:455,121,1,3
BRDA:466,122,0,0
BRDA:466,122,1,4
BRDA:466,123,0,4
BRDA:466,123,1,3
BRDA:466,124,0,0
BRDA:466,124,1,4
BRDA:466,125,0,4
BRDA:466,125,1,2
BRDA:468,126,0,3
BRDA:468,126,1,1
BRDA:468,127,0,4
BRDA:468,127,1,3
BRDA:476,128,0,60
BRDA:476,128,1,1
BRDA:481,129,0,19
BRDA:489,130,0,55
BRDA:489,130,1,0
BRDA:490,131,0,55
BRDA:490,131,1,0
BRDA:505,132,0,0
BRDA:505,133,0,0
BRDA:505,133,1,0
BRDA:506,134,0,0
BRDA:508,135,0,0
BRDA:510,136,0,0
BRDA:510,137,0,0
BRDA:510,137,1,0
BRDA:510,137,2,0
BRDA:516,138,0,0
BRDA:516,138,1,0
BRDA:517,139,0,0
BRDA:517,139,1,0
BRDA:517,140,0,0
BRDA:517,140,1,0
BRF:222
BRH:178
end_of_record
TN:
SF:services\RoadmapExportService.ts
FN:7,exportPlainText
FN:92,translateMode
FN:103,formatDistance
FN:109,formatDuration
FN:119,toIcsUtc
FN:135,toIcsDate
FN:146,escIcs
FN:156,foldLine
FN:174,exportICS
FN:198,(anonymous_9)
FN:229,exportMarkdown
FN:317,escXml
FN:326,toGpxIso
FN:338,exportGpx
FNF:14
FNH:14
FNDA:9,exportPlainText
FNDA:26,translateMode
FNDA:43,formatDistance
FNDA:43,formatDuration
FNDA:50,toIcsUtc
FNDA:2,toIcsDate
FNDA:48,escIcs
FNDA:48,foldLine
FNDA:10,exportICS
FNDA:22,(anonymous_9)
FNDA:8,exportMarkdown
FNDA:56,escXml
FNDA:29,toGpxIso
FNDA:9,exportGpx
DA:2,2
DA:7,2
DA:8,9
DA:9,9
DA:10,9
DA:11,9
DA:12,9
DA:13,8
DA:14,8
DA:15,8
DA:16,2
DA:18,9
DA:19,6
DA:21,9
DA:24,9
DA:25,9
DA:26,9
DA:27,9
DA:28,9
DA:29,31
DA:30,31
DA:31,20
DA:32,20
DA:33,20
DA:34,14
DA:35,14
DA:36,14
DA:38,20
DA:39,20
DA:40,20
DA:41,11
DA:46,9
DA:47,9
DA:48,9
DA:49,9
DA:51,9
DA:52,14
DA:53,14
DA:54,14
DA:55,31
DA:56,31
DA:57,20
DA:58,20
DA:59,20
DA:60,20
DA:61,20
DA:62,20
DA:63,18
DA:64,18
DA:65,18
DA:66,2
DA:67,0
DA:68,0
DA:70,20
DA:71,20
DA:72,20
DA:73,20
DA:74,11
DA:75,11
DA:76,11
DA:77,11
DA:78,11
DA:79,11
DA:80,11
DA:81,11
DA:84,14
DA:87,9
DA:88,9
DA:89,9
DA:93,26
DA:94,12
DA:95,0
DA:96,0
DA:97,0
DA:98,14
DA:99,0
DA:104,43
DA:105,40
DA:106,0
DA:110,43
DA:111,40
DA:112,40
DA:113,40
DA:114,16
DA:115,16
DA:120,50
DA:121,50
DA:123,50
DA:124,50
DA:125,50
DA:126,50
DA:127,50
DA:128,50
DA:129,50
DA:130,50
DA:131,50
DA:136,2
DA:137,2
DA:138,2
DA:139,2
DA:140,2
DA:141,2
DA:142,2
DA:143,2
DA:147,48
DA:157,48
DA:158,1
DA:159,1
DA:160,1
DA:161,1
DA:162,1
DA:163,1
DA:164,1
DA:166,1
DA:167,1
DA:174,2
DA:175,10
DA:176,10
DA:177,10
DA:178,10
DA:179,10
DA:180,10
DA:182,10
DA:184,10
DA:185,10
DA:186,33
DA:187,22
DA:188,22
DA:189,22
DA:190,22
DA:192,21
DA:193,21
DA:194,21
DA:195,21
DA:198,22
DA:199,21
DA:201,1
DA:202,1
DA:203,1
DA:204,1
DA:206,20
DA:207,20
DA:208,20
DA:209,20
DA:212,21
DA:213,21
DA:214,21
DA:215,21
DA:216,21
DA:217,21
DA:218,21
DA:221,10
DA:222,10
DA:229,2
DA:230,8
DA:231,8
DA:232,8
DA:233,8
DA:234,8
DA:235,8
DA:236,8
DA:237,8
DA:238,0
DA:240,8
DA:241,8
DA:242,8
DA:244,8
DA:246,8
DA:247,8
DA:248,8
DA:249,8
DA:250,8
DA:251,39
DA:252,39
DA:253,24
DA:254,24
DA:255,24
DA:256,16
DA:257,16
DA:258,16
DA:260,24
DA:261,24
DA:262,24
DA:266,8
DA:267,8
DA:268,8
DA:269,8
DA:271,8
DA:272,16
DA:273,16
DA:274,16
DA:275,39
DA:276,39
DA:277,24
DA:278,24
DA:279,24
DA:280,24
DA:281,24
DA:282,24
DA:283,24
DA:284,24
DA:285,0
DA:286,0
DA:287,0
DA:289,24
DA:290,24
DA:291,24
DA:292,24
DA:293,15
DA:294,15
DA:295,15
DA:296,15
DA:297,15
DA:298,15
DA:299,15
DA:302,16
DA:305,8
DA:306,8
DA:307,8
DA:308,8
DA:309,8
DA:310,8
DA:311,8
DA:312,8
DA:313,8
DA:314,8
DA:318,56
DA:327,29
DA:328,22
DA:329,22
DA:330,22
DA:331,22
DA:338,2
DA:340,9
DA:341,9
DA:342,9
DA:343,9
DA:344,9
DA:345,9
DA:346,9
DA:347,9
DA:348,9
DA:349,9
DA:351,9
DA:352,9
DA:353,31
DA:354,22
DA:355,22
DA:356,16
DA:357,16
DA:358,16
DA:359,16
DA:360,2
DA:362,16
DA:365,9
DA:366,16
DA:367,16
DA:368,16
DA:369,16
DA:370,16
DA:371,16
DA:372,16
DA:375,9
DA:376,6
DA:377,6
DA:378,6
DA:379,6
DA:380,13
DA:381,13
DA:382,13
DA:383,13
DA:384,13
DA:386,6
DA:387,6
DA:390,9
DA:391,9
LF:276
LH:265
BRDA:10,0,0,1
BRDA:10,0,1,8
BRDA:10,1,0,9
BRDA:10,1,1,9
BRDA:11,2,0,1
BRDA:11,2,1,8
BRDA:11,3,0,9
BRDA:11,3,1,9
BRDA:12,4,0,8
BRDA:12,5,0,9
BRDA:12,5,1,1
BRDA:13,6,0,8
BRDA:13,6,1,0
BRDA:14,7,0,8
BRDA:14,7,1,0
BRDA:15,8,0,6
BRDA:15,8,1,2
BRDA:15,9,0,8
BRDA:15,9,1,8
BRDA:15,9,2,8
BRDA:16,10,0,2
BRDA:16,10,1,0
BRDA:18,11,0,6
BRDA:18,12,0,1
BRDA:18,12,1,8
BRDA:18,13,0,9
BRDA:18,13,1,9
BRDA:30,14,0,20
BRDA:31,15,0,0
BRDA:31,15,1,20
BRDA:31,16,0,20
BRDA:31,16,1,20
BRDA:32,17,0,18
BRDA:32,17,1,2
BRDA:32,18,0,0
BRDA:32,18,1,2
BRDA:32,19,0,2
BRDA:32,19,1,2
BRDA:32,20,0,0
BRDA:32,20,1,2
BRDA:32,21,0,2
BRDA:32,21,1,2
BRDA:33,22,0,14
BRDA:35,23,0,2
BRDA:36,24,0,14
BRDA:40,25,0,11
BRDA:56,26,0,20
BRDA:56,26,1,11
BRDA:59,27,0,0
BRDA:59,27,1,20
BRDA:59,28,0,20
BRDA:59,28,1,20
BRDA:60,29,0,0
BRDA:60,29,1,20
BRDA:60,30,0,20
BRDA:60,30,1,20
BRDA:62,31,0,18
BRDA:62,31,1,2
BRDA:62,32,0,20
BRDA:62,32,1,18
BRDA:63,33,0,18
BRDA:63,33,1,0
BRDA:64,34,0,18
BRDA:64,34,1,0
BRDA:66,35,0,0
BRDA:67,36,0,0
BRDA:67,36,1,0
BRDA:71,37,0,20
BRDA:71,37,1,7
BRDA:71,38,0,7
BRDA:71,38,1,13
BRDA:71,39,0,20
BRDA:71,39,1,20
BRDA:71,40,0,0
BRDA:71,40,1,20
BRDA:71,41,0,20
BRDA:71,41,1,20
BRDA:71,42,0,7
BRDA:71,42,1,0
BRDA:71,43,0,7
BRDA:71,43,1,7
BRDA:71,44,0,0
BRDA:71,44,1,7
BRDA:71,45,0,7
BRDA:71,45,1,7
BRDA:72,46,0,13
BRDA:73,47,0,13
BRDA:73,48,0,0
BRDA:73,48,1,20
BRDA:73,49,0,20
BRDA:73,49,1,20
BRDA:74,50,0,11
BRDA:76,51,0,11
BRDA:76,51,1,0
BRDA:77,52,0,11
BRDA:77,52,1,0
BRDA:78,53,0,11
BRDA:78,53,1,5
BRDA:79,54,0,11
BRDA:79,54,1,0
BRDA:80,55,0,11
BRDA:80,55,1,0
BRDA:81,56,0,6
BRDA:81,56,1,5
BRDA:93,57,0,12
BRDA:93,57,1,0
BRDA:93,57,2,0
BRDA:93,57,3,0
BRDA:93,57,4,14
BRDA:93,57,5,0
BRDA:104,58,0,3
BRDA:104,59,0,43
BRDA:104,59,1,43
BRDA:105,60,0,40
BRDA:105,61,0,24
BRDA:105,61,1,16
BRDA:110,62,0,3
BRDA:110,63,0,43
BRDA:110,63,1,43
BRDA:113,64,0,24
BRDA:113,65,0,40
BRDA:113,65,1,24
BRDA:114,66,0,0
BRDA:120,67,0,0
BRDA:123,68,0,50
BRDA:123,68,1,0
BRDA:123,69,0,50
BRDA:123,69,1,0
BRDA:124,70,0,0
BRDA:136,71,0,0
BRDA:139,72,0,0
BRDA:147,73,0,48
BRDA:147,73,1,0
BRDA:147,74,0,48
BRDA:147,74,1,48
BRDA:157,75,0,47
BRDA:166,76,0,1
BRDA:182,77,0,10
BRDA:182,77,1,0
BRDA:186,78,0,11
BRDA:188,79,0,0
BRDA:188,79,1,22
BRDA:188,80,0,22
BRDA:188,80,1,22
BRDA:189,81,0,0
BRDA:189,81,1,22
BRDA:189,82,0,22
BRDA:189,82,1,22
BRDA:190,83,0,1
BRDA:190,84,0,22
BRDA:190,84,1,1
BRDA:198,85,0,22
BRDA:198,85,1,22
BRDA:199,86,0,1
BRDA:199,86,1,20
BRDA:199,87,0,21
BRDA:199,87,1,1
BRDA:201,88,0,1
BRDA:201,88,1,0
BRDA:201,89,0,0
BRDA:201,89,1,0
BRDA:202,90,0,1
BRDA:203,91,0,1
BRDA:203,91,1,0
BRDA:204,92,0,1
BRDA:206,93,0,20
BRDA:206,93,1,0
BRDA:207,94,0,20
BRDA:208,95,0,20
BRDA:208,95,1,2
BRDA:209,96,0,20
BRDA:214,97,0,14
BRDA:214,98,0,0
BRDA:214,98,1,21
BRDA:214,99,0,21
BRDA:214,99,1,21
BRDA:215,100,0,14
BRDA:216,101,0,21
BRDA:216,101,1,8
BRDA:216,102,0,8
BRDA:216,102,1,13
BRDA:216,103,0,21
BRDA:216,103,1,21
BRDA:216,104,0,0
BRDA:216,104,1,21
BRDA:216,105,0,21
BRDA:216,105,1,21
BRDA:216,106,0,8
BRDA:216,106,1,0
BRDA:216,107,0,8
BRDA:216,107,1,8
BRDA:216,108,0,0
BRDA:216,108,1,8
BRDA:216,109,0,8
BRDA:216,109,1,8
BRDA:217,110,0,13
BRDA:232,111,0,0
BRDA:232,111,1,8
BRDA:232,112,0,8
BRDA:232,112,1,8
BRDA:233,113,0,0
BRDA:233,113,1,8
BRDA:233,114,0,8
BRDA:233,114,1,8
BRDA:234,115,0,8
BRDA:234,116,0,8
BRDA:234,116,1,0
BRDA:235,117,0,8
BRDA:235,117,1,0
BRDA:236,118,0,8
BRDA:236,118,1,0
BRDA:237,119,0,8
BRDA:237,119,1,0
BRDA:237,120,0,8
BRDA:237,120,1,8
BRDA:237,120,2,8
BRDA:238,121,0,0
BRDA:238,121,1,0
BRDA:240,122,0,8
BRDA:240,123,0,0
BRDA:240,123,1,8
BRDA:240,124,0,8
BRDA:240,124,1,8
BRDA:252,125,0,24
BRDA:253,126,0,0
BRDA:253,126,1,24
BRDA:253,127,0,24
BRDA:253,127,1,24
BRDA:254,128,0,24
BRDA:254,128,1,0
BRDA:254,129,0,0
BRDA:254,129,1,0
BRDA:254,130,0,0
BRDA:254,130,1,0
BRDA:254,131,0,0
BRDA:254,131,1,0
BRDA:254,132,0,0
BRDA:254,132,1,0
BRDA:255,133,0,16
BRDA:257,134,0,0
BRDA:258,135,0,16
BRDA:262,136,0,15
BRDA:276,137,0,24
BRDA:276,137,1,15
BRDA:278,138,0,0
BRDA:278,138,1,24
BRDA:278,139,0,24
BRDA:278,139,1,24
BRDA:279,140,0,0
BRDA:279,140,1,24
BRDA:279,141,0,24
BRDA:279,141,1,24
BRDA:281,142,0,24
BRDA:281,142,1,0
BRDA:281,143,0,24
BRDA:281,143,1,24
BRDA:282,144,0,24
BRDA:282,144,1,0
BRDA:283,145,0,24
BRDA:283,145,1,0
BRDA:285,146,0,0
BRDA:286,147,0,0
BRDA:286,147,1,0
BRDA:290,148,0,24
BRDA:290,148,1,7
BRDA:290,149,0,7
BRDA:290,149,1,17
BRDA:290,150,0,24
BRDA:290,150,1,24
BRDA:290,151,0,0
BRDA:290,151,1,24
BRDA:290,152,0,24
BRDA:290,152,1,24
BRDA:290,153,0,7
BRDA:290,153,1,0
BRDA:290,154,0,7
BRDA:290,154,1,7
BRDA:290,155,0,0
BRDA:290,155,1,7
BRDA:290,156,0,7
BRDA:290,156,1,7
BRDA:291,157,0,17
BRDA:292,158,0,17
BRDA:292,159,0,0
BRDA:292,159,1,24
BRDA:292,160,0,24
BRDA:292,160,1,24
BRDA:293,161,0,15
BRDA:294,162,0,15
BRDA:294,162,1,0
BRDA:295,163,0,15
BRDA:295,163,1,0
BRDA:296,164,0,15
BRDA:296,164,1,7
BRDA:297,165,0,15
BRDA:297,165,1,0
BRDA:298,166,0,15
BRDA:298,166,1,0
BRDA:299,167,0,8
BRDA:299,167,1,7
BRDA:318,168,0,56
BRDA:318,168,1,0
BRDA:318,169,0,56
BRDA:318,169,1,56
BRDA:327,170,0,7
BRDA:329,171,0,22
BRDA:329,171,1,0
BRDA:329,172,0,22
BRDA:329,172,1,0
BRDA:330,173,0,0
BRDA:346,174,0,5
BRDA:346,175,0,4
BRDA:346,175,1,5
BRDA:346,176,0,9
BRDA:346,176,1,9
BRDA:353,177,0,9
BRDA:354,178,0,0
BRDA:354,178,1,22
BRDA:354,179,0,22
BRDA:354,179,1,22
BRDA:355,180,0,6
BRDA:355,181,0,22
BRDA:355,181,1,17
BRDA:355,181,2,17
BRDA:358,182,0,16
BRDA:358,182,1,2
BRDA:359,183,0,2
BRDA:359,184,0,16
BRDA:359,184,1,14
BRDA:368,185,0,0
BRDA:368,185,1,16
BRDA:368,186,0,16
BRDA:368,186,1,16
BRDA:369,187,0,7
BRDA:370,188,0,16
BRDA:370,188,1,5
BRDA:370,189,0,0
BRDA:370,189,1,16
BRDA:370,190,0,16
BRDA:370,190,1,16
BRDA:371,191,0,11
BRDA:375,192,0,6
BRDA:380,193,0,13
BRDA:380,193,1,2
BRDA:380,194,0,0
BRDA:380,194,1,13
BRDA:380,195,0,13
BRDA:380,195,1,13
BRDA:383,196,0,11
BRF:349
BRH:260
end_of_record
TN:
SF:services\RouteCalculationService.ts
FN:19,(anonymous_0)
FN:31,(anonymous_1)
FN:70,(anonymous_2)
FN:129,(anonymous_3)
FNF:4
FNH:4
FNDA:14,(anonymous_0)
FNDA:21,(anonymous_1)
FNDA:9,(anonymous_2)
FNDA:9,(anonymous_3)
DA:2,1
DA:3,1
DA:15,1
DA:20,14
DA:21,14
DA:37,21
DA:38,21
DA:40,21
DA:41,2
DA:42,2
DA:46,19
DA:51,19
DA:57,19
DA:58,9
DA:59,10
DA:60,9
DA:63,1
DA:64,1
DA:75,9
DA:77,9
DA:78,9
DA:80,9
DA:81,9
DA:83,9
DA:84,1
DA:86,9
DA:87,1
DA:91,9
DA:99,9
DA:100,9
DA:103,9
DA:104,8
DA:106,8
DA:107,1
DA:108,1
DA:111,7
DA:112,7
DA:114,7
DA:121,1
DA:122,1
DA:134,9
DA:136,9
DA:137,9
DA:139,9
DA:140,9
DA:142,9
DA:143,3
DA:145,9
DA:146,3
DA:150,9
DA:151,9
DA:152,9
DA:154,9
DA:155,1
DA:156,8
DA:157,2
DA:158,6
DA:159,5
DA:161,1
DA:164,9
DA:167,9
DA:168,8
DA:170,8
DA:171,1
DA:172,1
DA:175,7
DA:176,7
DA:178,7
DA:179,1
DA:180,1
DA:181,1
DA:182,6
DA:183,6
DA:184,6
DA:185,6
DA:188,7
DA:195,1
DA:196,1
LF:78
LH:78
BRDA:34,0,0,0
BRDA:35,1,0,0
BRDA:37,2,0,0
BRDA:37,2,1,21
BRDA:37,3,0,21
BRDA:37,3,1,21
BRDA:38,4,0,0
BRDA:38,4,1,21
BRDA:38,5,0,21
BRDA:38,5,1,21
BRDA:40,6,0,2
BRDA:40,7,0,21
BRDA:40,7,1,20
BRDA:40,7,2,20
BRDA:40,7,3,19
BRDA:40,8,0,1
BRDA:40,8,1,20
BRDA:40,9,0,21
BRDA:40,9,1,21
BRDA:40,10,0,0
BRDA:40,10,1,20
BRDA:40,11,0,20
BRDA:40,11,1,20
BRDA:40,12,0,1
BRDA:40,12,1,19
BRDA:40,13,0,20
BRDA:40,13,1,20
BRDA:40,14,0,0
BRDA:40,14,1,19
BRDA:40,15,0,19
BRDA:40,15,1,19
BRDA:57,16,0,9
BRDA:57,16,1,10
BRDA:57,17,0,19
BRDA:57,17,1,10
BRDA:59,18,0,9
BRDA:59,19,0,10
BRDA:59,19,1,9
BRDA:80,20,0,9
BRDA:80,20,1,8
BRDA:81,21,0,9
BRDA:81,21,1,8
BRDA:83,22,0,1
BRDA:83,23,0,9
BRDA:83,23,1,8
BRDA:86,24,0,1
BRDA:86,25,0,9
BRDA:86,25,1,9
BRDA:99,26,0,9
BRDA:99,26,1,0
BRDA:106,27,0,1
BRDA:106,28,0,8
BRDA:106,28,1,7
BRDA:106,28,2,7
BRDA:139,29,0,9
BRDA:139,29,1,2
BRDA:140,30,0,9
BRDA:140,30,1,2
BRDA:142,31,0,3
BRDA:142,32,0,9
BRDA:142,32,1,6
BRDA:145,33,0,3
BRDA:145,34,0,9
BRDA:145,34,1,7
BRDA:154,35,0,1
BRDA:154,35,1,8
BRDA:156,36,0,2
BRDA:156,36,1,6
BRDA:156,37,0,8
BRDA:156,37,1,7
BRDA:158,38,0,5
BRDA:158,38,1,1
BRDA:170,39,0,1
BRDA:170,40,0,8
BRDA:170,40,1,7
BRDA:178,41,0,1
BRDA:178,41,1,6
BRDA:178,42,0,7
BRDA:178,42,1,1
BRDA:178,42,2,1
BRDA:182,43,0,6
BRDA:182,44,0,6
BRDA:182,44,1,6
BRF:83
BRH:76
end_of_record
TN:
SF:utils\date.ts
FN:5,startOfDay
FN:12,startOfWeekMonday
FN:21,endOfWeekSunday
FN:28,formatYMD
FN:40,parseDateOrNull
FN:64,isDateKey
FN:71,compareGroupKey
FNF:7
FNH:7
FNDA:10,startOfDay
FNDA:3,startOfWeekMonday
FNDA:1,endOfWeekSunday
FNDA:10,formatYMD
FNDA:16,parseDateOrNull
FNDA:119,isDateKey
FNDA:37,compareGroupKey
DA:5,5
DA:6,10
DA:7,10
DA:8,10
DA:12,5
DA:13,3
DA:14,3
DA:15,3
DA:16,3
DA:17,3
DA:21,5
DA:22,1
DA:23,1
DA:24,1
DA:28,5
DA:29,10
DA:30,10
DA:31,10
DA:32,10
DA:40,5
DA:41,16
DA:42,13
DA:44,13
DA:45,13
DA:46,11
DA:47,11
DA:48,11
DA:49,11
DA:50,11
DA:51,11
DA:52,11
DA:53,11
DA:56,2
DA:57,2
DA:58,2
DA:59,2
DA:60,2
DA:64,5
DA:65,119
DA:71,5
DA:72,37
DA:73,37
DA:74,37
DA:75,14
DA:76,5
DA:77,5
DA:78,5
DA:80,9
LF:48
LH:48
BRDA:41,0,0,3
BRDA:45,1,0,11
BRDA:49,2,0,7
BRDA:49,2,1,4
BRDA:50,3,0,7
BRDA:50,3,1,4
BRDA:51,4,0,1
BRDA:51,4,1,10
BRDA:53,5,0,11
BRDA:57,6,0,1
BRDA:57,7,0,2
BRDA:57,7,1,1
BRDA:59,8,0,0
BRDA:74,9,0,23
BRDA:74,10,0,37
BRDA:74,10,1,25
BRDA:75,11,0,5
BRDA:75,12,0,14
BRDA:75,12,1,12
BRDA:76,13,0,5
BRDA:76,13,1,0
BRDA:77,14,0,5
BRDA:77,14,1,0
BRDA:80,15,0,2
BRDA:80,15,1,7
BRF:25
BRH:22
end_of_record
TN:
SF:utils\placeStatus.ts
FN:11,getPlaceStatus
FNF:1
FNH:1
FNDA:10,getPlaceStatus
DA:11,2
DA:12,10
DA:13,10
DA:14,10
DA:15,10
DA:16,7
DA:17,7
DA:18,7
DA:19,7
DA:20,7
DA:22,3
DA:23,2
DA:24,2
DA:26,2
DA:28,0
LF:15
LH:14
BRDA:12,0,0,1
BRDA:12,0,1,9
BRDA:12,1,0,10
BRDA:12,1,1,10
BRDA:13,2,0,1
BRDA:13,2,1,9
BRDA:13,3,0,10
BRDA:13,3,1,10
BRDA:14,4,0,10
BRDA:14,4,1,8
BRDA:15,5,0,3
BRDA:18,6,0,7
BRDA:20,7,0,4
BRDA:22,8,0,2
BRDA:24,9,0,1
BRF:15
BRH:15
end_of_record
TN:
SF:utils\timeValidation.ts
FN:4,validateTimeFormat
FN:22,(anonymous_1)
FN:26,validateTimeRange
FN:58,extractDateFromTime
FN:66,extractTimeFromDateTime
FNF:5
FNH:5
FNDA:15,validateTimeFormat
FNDA:53,(anonymous_1)
FNDA:10,validateTimeRange
FNDA:7,extractDateFromTime
FNDA:5,extractTimeFromDateTime
DA:4,1
DA:5,15
DA:14,13
DA:22,53
DA:26,1
DA:27,10
DA:28,3
DA:32,7
DA:33,7
DA:36,7
DA:37,1
DA:41,6
DA:42,5
DA:43,5
DA:45,5
DA:46,1
DA:49,4
DA:50,2
DA:54,3
DA:58,1
DA:59,7
DA:61,5
DA:62,5
DA:66,1
DA:67,5
DA:70,4
DA:71,4
DA:72,3
DA:74,3
DA:76,1
LF:30
LH:30
BRDA:5,0,0,2
BRDA:5,1,0,15
BRDA:5,1,1,14
BRDA:27,2,0,3
BRDA:27,3,0,10
BRDA:27,3,1,8
BRDA:36,4,0,1
BRDA:36,5,0,7
BRDA:36,5,1,2
BRDA:41,6,0,5
BRDA:41,7,0,6
BRDA:41,7,1,5
BRDA:45,8,0,1
BRDA:45,9,0,5
BRDA:45,9,1,4
BRDA:49,10,0,2
BRDA:59,11,0,2
BRDA:62,12,0,3
BRDA:62,12,1,2
BRDA:67,13,0,1
BRDA:71,14,0,3
BRF:21
BRH:21
end_of_record
TN:
SF:utils\typeGuards.ts
FN:4,isPlace
FN:9,isRouteSegment
FNF:2
FNH:2
FNDA:438,isPlace
FNDA:123,isRouteSegment
DA:4,9
DA:5,438
DA:9,9
DA:10,123
LF:4
LH:4
BRDA:5,0,0,438
BRDA:5,0,1,436
BRDA:5,0,2,434
BRDA:10,1,0,123
BRDA:10,1,1,89
BRDA:10,1,2,89
BRDA:10,1,3,67
BRF:7
BRH:7
end_of_record
